12 dic 2016, 21:02:04.979 [   INFO] [   FXGL.SystemLogger] [JavaFX Application Thread] System Logger is initialized
12 dic 2016, 21:02:05.020 [  FINER] [   FXGL.SystemLogger] [JavaFX Application Thread] Logging System Info
12 dic 2016, 21:02:05.020 [  FINER] [   FXGL.SystemLogger] [JavaFX Application Thread] CPU cores: 4
12 dic 2016, 21:02:05.023 [  FINER] [   FXGL.SystemLogger] [JavaFX Application Thread] Free Memory: 109MB
12 dic 2016, 21:02:05.024 [  FINER] [   FXGL.SystemLogger] [JavaFX Application Thread] Max Memory: 1821MB
12 dic 2016, 21:02:05.025 [  FINER] [   FXGL.SystemLogger] [JavaFX Application Thread] Total Memory: 123MB
12 dic 2016, 21:02:05.025 [  FINER] [   FXGL.SystemLogger] [JavaFX Application Thread] System Properties:
12 dic 2016, 21:02:05.026 [  FINER] [   FXGL.SystemLogger] [JavaFX Application Thread] sun.cpu.isalist=
12 dic 2016, 21:02:05.027 [  FINER] [   FXGL.SystemLogger] [JavaFX Application Thread] ftp.nonProxyHosts=local|*.local|169.254/16|*.169.254/16
12 dic 2016, 21:02:05.027 [  FINER] [   FXGL.SystemLogger] [JavaFX Application Thread] socksNonProxyHosts=local|*.local|169.254/16|*.169.254/16
12 dic 2016, 21:02:05.027 [  FINER] [   FXGL.SystemLogger] [JavaFX Application Thread] sun.io.unicode.encoding=UnicodeBig
12 dic 2016, 21:02:05.028 [  FINER] [   FXGL.SystemLogger] [JavaFX Application Thread] sun.cpu.endian=little
12 dic 2016, 21:02:05.028 [  FINER] [   FXGL.SystemLogger] [JavaFX Application Thread] java.vendor.url.bug=http://bugreport.sun.com/bugreport/
12 dic 2016, 21:02:05.028 [  FINER] [   FXGL.SystemLogger] [JavaFX Application Thread] file.separator=/
12 dic 2016, 21:02:05.029 [  FINER] [   FXGL.SystemLogger] [JavaFX Application Thread] java.vendor=Oracle Corporation
12 dic 2016, 21:02:05.029 [  FINER] [   FXGL.SystemLogger] [JavaFX Application Thread] sun.boot.class.path=/Library/Java/JavaVirtualMachines/jdk1.8.0_66.jdk/Contents/Home/jre/lib/resources.jar:/Library/Java/JavaVirtualMachines/jdk1.8.0_66.jdk/Contents/Home/jre/lib/rt.jar:/Library/Java/JavaVirtualMachines/jdk1.8.0_66.jdk/Contents/Home/jre/lib/sunrsasign.jar:/Library/Java/JavaVirtualMachines/jdk1.8.0_66.jdk/Contents/Home/jre/lib/jsse.jar:/Library/Java/JavaVirtualMachines/jdk1.8.0_66.jdk/Contents/Home/jre/lib/jce.jar:/Library/Java/JavaVirtualMachines/jdk1.8.0_66.jdk/Contents/Home/jre/lib/charsets.jar:/Library/Java/JavaVirtualMachines/jdk1.8.0_66.jdk/Contents/Home/jre/lib/jfr.jar:/Library/Java/JavaVirtualMachines/jdk1.8.0_66.jdk/Contents/Home/jre/classes
12 dic 2016, 21:02:05.030 [  FINER] [   FXGL.SystemLogger] [JavaFX Application Thread] java.ext.dirs=/Users/gabriel/Library/Java/Extensions:/Library/Java/JavaVirtualMachines/jdk1.8.0_66.jdk/Contents/Home/jre/lib/ext:/Library/Java/Extensions:/Network/Library/Java/Extensions:/System/Library/Java/Extensions:/usr/lib/java
12 dic 2016, 21:02:05.030 [  FINER] [   FXGL.SystemLogger] [JavaFX Application Thread] java.version=1.8.0_66
12 dic 2016, 21:02:05.031 [  FINER] [   FXGL.SystemLogger] [JavaFX Application Thread] java.vm.info=mixed mode
12 dic 2016, 21:02:05.031 [  FINER] [   FXGL.SystemLogger] [JavaFX Application Thread] awt.toolkit=sun.lwawt.macosx.LWCToolkit
12 dic 2016, 21:02:05.032 [  FINER] [   FXGL.SystemLogger] [JavaFX Application Thread] user.language=es
12 dic 2016, 21:02:05.032 [  FINER] [   FXGL.SystemLogger] [JavaFX Application Thread] java.specification.vendor=Oracle Corporation
12 dic 2016, 21:02:05.032 [  FINER] [   FXGL.SystemLogger] [JavaFX Application Thread] sun.java.command=com.cc3002.breakout.gui.BreakoutApp
12 dic 2016, 21:02:05.033 [  FINER] [   FXGL.SystemLogger] [JavaFX Application Thread] java.home=/Library/Java/JavaVirtualMachines/jdk1.8.0_66.jdk/Contents/Home/jre
12 dic 2016, 21:02:05.033 [  FINER] [   FXGL.SystemLogger] [JavaFX Application Thread] sun.arch.data.model=64
12 dic 2016, 21:02:05.034 [  FINER] [   FXGL.SystemLogger] [JavaFX Application Thread] java.vm.specification.version=1.8
12 dic 2016, 21:02:05.034 [  FINER] [   FXGL.SystemLogger] [JavaFX Application Thread] java.class.path=/Users/gabriel/.p2/pool/plugins/org.junit_4.12.0.v201504281640/junit.jar:/Users/gabriel/.p2/pool/plugins/org.hamcrest.core_1.3.0.v201303031735.jar:/Users/gabriel/git/breakout/breakout/target/classes:/Users/gabriel/.m2/repository/com/github/AlmasB/FXGL/0.2.8/FXGL-0.2.8.jar:/Users/gabriel/.m2/repository/org/jetbrains/kotlin/kotlin-stdlib/1.0.3/kotlin-stdlib-1.0.3.jar:/Users/gabriel/.m2/repository/org/jetbrains/kotlin/kotlin-runtime/1.0.3/kotlin-runtime-1.0.3.jar:/Users/gabriel/.m2/repository/com/google/inject/guice/4.0/guice-4.0.jar:/Users/gabriel/.m2/repository/javax/inject/javax.inject/1/javax.inject-1.jar:/Users/gabriel/.m2/repository/aopalliance/aopalliance/1.0/aopalliance-1.0.jar:/Users/gabriel/.m2/repository/com/google/guava/guava/16.0.1/guava-16.0.1.jar:/Users/gabriel/.m2/repository/org/jfxtras/jfxtras-window/8.0-r4/jfxtras-window-8.0-r4.jar:/Users/gabriel/.m2/repository/org/jfxtras/jfxtras-common/8.0-r4/jfxtras-common-8.0-r4.jar:/Users/gabriel/.m2/repository/org/controlsfx/controlsfx/8.40.10/controlsfx-8.40.10.jar:/Users/gabriel/.m2/repository/com/github/AlmasB/FXEventBus/1.0/FXEventBus-1.0.jar:/Users/gabriel/.m2/repository/com/github/AlmasB/Ents/1.1.1/Ents-1.1.1.jar:/Users/gabriel/.m2/repository/com/github/AlmasB/GameUtils/0.0.3/GameUtils-0.0.3.jar:/Users/gabriel/.m2/repository/com/github/AlmasB/jbox2d/2.3.2-fxgl/jbox2d-2.3.2-fxgl.jar:/Users/gabriel/.m2/repository/com/github/AlmasB/AStar/1.0/AStar-1.0.jar:/Users/gabriel/.m2/repository/com/github/AlmasB/EasyIO/0.1.6/EasyIO-0.1.6.jar:/Users/gabriel/.m2/repository/org/apache/logging/log4j/log4j-api/2.5/log4j-api-2.5.jar:/Users/gabriel/.m2/repository/org/apache/logging/log4j/log4j-core/2.5/log4j-core-2.5.jar:/Users/gabriel/.m2/repository/com/github/AlmasB/gdx-ai/1.8.2-fxgl/gdx-ai-1.8.2-fxgl.jar
12 dic 2016, 21:02:05.035 [  FINER] [   FXGL.SystemLogger] [JavaFX Application Thread] user.name=gabriel
12 dic 2016, 21:02:05.035 [  FINER] [   FXGL.SystemLogger] [JavaFX Application Thread] file.encoding=UTF-8
12 dic 2016, 21:02:05.036 [  FINER] [   FXGL.SystemLogger] [JavaFX Application Thread] java.specification.version=1.8
12 dic 2016, 21:02:05.036 [  FINER] [   FXGL.SystemLogger] [JavaFX Application Thread] java.awt.printerjob=sun.lwawt.macosx.CPrinterJob
12 dic 2016, 21:02:05.037 [  FINER] [   FXGL.SystemLogger] [JavaFX Application Thread] user.timezone=America/Argentina/Cordoba
12 dic 2016, 21:02:05.038 [  FINER] [   FXGL.SystemLogger] [JavaFX Application Thread] user.home=/Users/gabriel
12 dic 2016, 21:02:05.038 [  FINER] [   FXGL.SystemLogger] [JavaFX Application Thread] http.nonProxyHosts=local|*.local|169.254/16|*.169.254/16
12 dic 2016, 21:02:05.038 [  FINER] [   FXGL.SystemLogger] [JavaFX Application Thread] os.version=10.12.1
12 dic 2016, 21:02:05.039 [  FINER] [   FXGL.SystemLogger] [JavaFX Application Thread] sun.management.compiler=HotSpot 64-Bit Tiered Compilers
12 dic 2016, 21:02:05.039 [  FINER] [   FXGL.SystemLogger] [JavaFX Application Thread] java.specification.name=Java Platform API Specification
12 dic 2016, 21:02:05.040 [  FINER] [   FXGL.SystemLogger] [JavaFX Application Thread] java.class.version=52.0
12 dic 2016, 21:02:05.040 [  FINER] [   FXGL.SystemLogger] [JavaFX Application Thread] java.library.path=/Users/gabriel/Library/Java/Extensions:/Library/Java/Extensions:/Network/Library/Java/Extensions:/System/Library/Java/Extensions:/usr/lib/java:.
12 dic 2016, 21:02:05.040 [  FINER] [   FXGL.SystemLogger] [JavaFX Application Thread] sun.jnu.encoding=UTF-8
12 dic 2016, 21:02:05.041 [  FINER] [   FXGL.SystemLogger] [JavaFX Application Thread] os.name=Mac OS X
12 dic 2016, 21:02:05.041 [  FINER] [   FXGL.SystemLogger] [JavaFX Application Thread] java.vm.specification.vendor=Oracle Corporation
12 dic 2016, 21:02:05.042 [  FINER] [   FXGL.SystemLogger] [JavaFX Application Thread] java.io.tmpdir=/var/folders/6c/6nglzj_13rq4r1sllbwpbn3h0000gr/T/
12 dic 2016, 21:02:05.042 [  FINER] [   FXGL.SystemLogger] [JavaFX Application Thread] line.separator=

12 dic 2016, 21:02:05.043 [  FINER] [   FXGL.SystemLogger] [JavaFX Application Thread] java.endorsed.dirs=/Library/Java/JavaVirtualMachines/jdk1.8.0_66.jdk/Contents/Home/jre/lib/endorsed
12 dic 2016, 21:02:05.043 [  FINER] [   FXGL.SystemLogger] [JavaFX Application Thread] os.arch=x86_64
12 dic 2016, 21:02:05.044 [  FINER] [   FXGL.SystemLogger] [JavaFX Application Thread] javafx.runtime.version=8.0.66-b17
12 dic 2016, 21:02:05.044 [  FINER] [   FXGL.SystemLogger] [JavaFX Application Thread] java.awt.graphicsenv=sun.awt.CGraphicsEnvironment
12 dic 2016, 21:02:05.044 [  FINER] [   FXGL.SystemLogger] [JavaFX Application Thread] java.runtime.version=1.8.0_66-b17
12 dic 2016, 21:02:05.045 [  FINER] [   FXGL.SystemLogger] [JavaFX Application Thread] java.vm.specification.name=Java Virtual Machine Specification
12 dic 2016, 21:02:05.045 [  FINER] [   FXGL.SystemLogger] [JavaFX Application Thread] user.dir=/Users/gabriel/git/breakout/breakout
12 dic 2016, 21:02:05.045 [  FINER] [   FXGL.SystemLogger] [JavaFX Application Thread] user.country=ES
12 dic 2016, 21:02:05.046 [  FINER] [   FXGL.SystemLogger] [JavaFX Application Thread] sun.java.launcher=SUN_STANDARD
12 dic 2016, 21:02:05.046 [  FINER] [   FXGL.SystemLogger] [JavaFX Application Thread] sun.os.patch.level=unknown
12 dic 2016, 21:02:05.047 [  FINER] [   FXGL.SystemLogger] [JavaFX Application Thread] java.vm.name=Java HotSpot(TM) 64-Bit Server VM
12 dic 2016, 21:02:05.047 [  FINER] [   FXGL.SystemLogger] [JavaFX Application Thread] file.encoding.pkg=sun.io
12 dic 2016, 21:02:05.047 [  FINER] [   FXGL.SystemLogger] [JavaFX Application Thread] path.separator=:
12 dic 2016, 21:02:05.048 [  FINER] [   FXGL.SystemLogger] [JavaFX Application Thread] java.vm.vendor=Oracle Corporation
12 dic 2016, 21:02:05.048 [  FINER] [   FXGL.SystemLogger] [JavaFX Application Thread] java.vendor.url=http://java.oracle.com/
12 dic 2016, 21:02:05.048 [  FINER] [   FXGL.SystemLogger] [JavaFX Application Thread] gopherProxySet=false
12 dic 2016, 21:02:05.049 [  FINER] [   FXGL.SystemLogger] [JavaFX Application Thread] user.country.format=CL
12 dic 2016, 21:02:05.049 [  FINER] [   FXGL.SystemLogger] [JavaFX Application Thread] sun.boot.library.path=/Library/Java/JavaVirtualMachines/jdk1.8.0_66.jdk/Contents/Home/jre/lib
12 dic 2016, 21:02:05.050 [  FINER] [   FXGL.SystemLogger] [JavaFX Application Thread] java.vm.version=25.66-b17
12 dic 2016, 21:02:05.050 [  FINER] [   FXGL.SystemLogger] [JavaFX Application Thread] java.runtime.name=Java(TM) SE Runtime Environment
12 dic 2016, 21:02:05.050 [  FINER] [   FXGL.SystemLogger] [JavaFX Application Thread] javafx.version=8.0.66
12 dic 2016, 21:02:05.057 [   INFO] [   FXGL.SystemLogger] [JavaFX Application Thread] FXGL-0.2.8
12 dic 2016, 21:02:05.058 [   INFO] [   FXGL.SystemLogger] [JavaFX Application Thread] Source code and latest versions at: https://github.com/AlmasB/FXGL
12 dic 2016, 21:02:05.059 [   INFO] [   FXGL.SystemLogger] [JavaFX Application Thread]              Join the FXGL chat at: https://gitter.im/AlmasB/FXGL
12 dic 2016, 21:02:05.173 [  FINER] [   FXGL.SystemLogger] [JavaFX Application Thread] Starting JavaFX
12 dic 2016, 21:02:05.230 [  FINER] [   FXGL.SystemLogger] [          JavaFX-Launcher] Initializing FXGL
12 dic 2016, 21:02:05.258 [  FINER] [   FXGL.SystemLogger] [JavaFX Application Thread] Starting FXGL
12 dic 2016, 21:02:06.174 [  FINER] [   FXGL.SystemLogger] [     FXGL Launcher Thread] Configuring FXGL
12 dic 2016, 21:02:06.175 [  FINER] [   FXGL.SystemLogger] [     FXGL Launcher Thread] Initializing system properties
12 dic 2016, 21:02:06.257 [  FINER] [   FXGL.SystemLogger] [     FXGL Launcher Thread] sound.notification = system/notification.wav
12 dic 2016, 21:02:06.258 [  FINER] [   FXGL.SystemLogger] [     FXGL Launcher Thread] url.storage = https://raw.githubusercontent.com/AlmasB/git-server/master/storage/
12 dic 2016, 21:02:06.258 [  FINER] [   FXGL.SystemLogger] [     FXGL Launcher Thread] asset.cache.size = 35
12 dic 2016, 21:02:06.258 [  FINER] [   FXGL.SystemLogger] [     FXGL Launcher Thread] fs.profiledir = profiles/
12 dic 2016, 21:02:06.259 [  FINER] [   FXGL.SystemLogger] [     FXGL Launcher Thread] url.pom = https://raw.githubusercontent.com/AlmasB/FXGL/master/pom.xml
12 dic 2016, 21:02:06.259 [  FINER] [   FXGL.SystemLogger] [     FXGL Launcher Thread] fs.datafile.ext = .dat
12 dic 2016, 21:02:06.259 [  FINER] [   FXGL.SystemLogger] [     FXGL Launcher Thread] sound.menu.back = menu/back.wav
12 dic 2016, 21:02:06.260 [  FINER] [   FXGL.SystemLogger] [     FXGL Launcher Thread] sound.menu.select = menu/select.wav
12 dic 2016, 21:02:06.260 [  FINER] [   FXGL.SystemLogger] [     FXGL Launcher Thread] url.github = https://github.com/AlmasB/FXGL
12 dic 2016, 21:02:06.261 [  FINER] [   FXGL.SystemLogger] [     FXGL Launcher Thread] physics.ppm = 50.0
12 dic 2016, 21:02:06.261 [  FINER] [   FXGL.SystemLogger] [     FXGL Launcher Thread] ui.css = fxgl.css
12 dic 2016, 21:02:06.262 [  FINER] [   FXGL.SystemLogger] [     FXGL Launcher Thread] version.check.days = 7
12 dic 2016, 21:02:06.262 [  FINER] [   FXGL.SystemLogger] [     FXGL Launcher Thread] fs.savefile.ext = .sav
12 dic 2016, 21:02:06.262 [  FINER] [   FXGL.SystemLogger] [     FXGL Launcher Thread] pooling.initialSize = 128
12 dic 2016, 21:02:06.262 [  FINER] [   FXGL.SystemLogger] [     FXGL Launcher Thread] ui.font = Copperplate_Gothic_Light_Regular.ttf
12 dic 2016, 21:02:06.263 [  FINER] [   FXGL.SystemLogger] [     FXGL Launcher Thread] fs.savedir = saves/
12 dic 2016, 21:02:06.263 [  FINER] [   FXGL.SystemLogger] [     FXGL Launcher Thread] fs.profilename = user.profile
12 dic 2016, 21:02:06.264 [  FINER] [   FXGL.SystemLogger] [     FXGL Launcher Thread] ui.icon.name = fxgl_icon.png
12 dic 2016, 21:02:06.264 [  FINER] [   FXGL.SystemLogger] [     FXGL Launcher Thread] sound.menu.press = menu/press.wav
12 dic 2016, 21:02:06.264 [  FINER] [   FXGL.SystemLogger] [     FXGL Launcher Thread] Initializing user properties
12 dic 2016, 21:02:06.285 [  FINER] [   FXGL.SystemLogger] [     FXGL Launcher Thread] ui.font = swerve.ttf
12 dic 2016, 21:02:06.286 [  FINER] [   FXGL.SystemLogger] [     FXGL Launcher Thread] Initializing app settings
12 dic 2016, 21:02:06.303 [  FINER] [   FXGL.SystemLogger] [     FXGL Launcher Thread] Logging settings
Title: Breakout App
Version: 0.1
Width: 600
Height: 600
Fullscreen: false
Intro: false
Menus: true
Profiling: false
App Mode: DEVELOPER
Menu Style: FXGL_DEFAULT
Menu Key: ESCAPE
Services: []
12 dic 2016, 21:02:07.796 [  FINER] [   FXGL.SystemLogger] [     FXGL Launcher Thread] FXGL configuration complete
12 dic 2016, 21:02:07.796 [   INFO] [   FXGL.SystemLogger] [     FXGL Launcher Thread] FXGL configuration took:  1,621 sec
12 dic 2016, 21:02:07.798 [  FINER] [   FXGL.SystemLogger] [JavaFX Application Thread] Running task: UpdaterTask
12 dic 2016, 21:02:07.803 [  FINER] [   FXGL.SystemLogger] [     FXGL Launcher Thread] Running task: PreInitTask
12 dic 2016, 21:02:07.939 [  FINER] [   FXGL.SystemLogger] [     FXGL Launcher Thread] Running task: InitScenesTask
12 dic 2016, 21:02:08.320 [  FINER] [   FXGL.SystemLogger] [     FXGL Launcher Thread] Running task: InitEventHandlersTask
12 dic 2016, 21:02:08.450 [  FINER] [   FXGL.SystemLogger] [     FXGL Launcher Thread] Running task: InitProfilerTask
12 dic 2016, 21:02:08.544 [   INFO] [   FXGL.SystemLogger] [     FXGL Launcher Thread] Game configuration took:  0,741 sec
12 dic 2016, 21:02:12.517 [  FINER] [   FXGL.SystemLogger] [JavaFX Application Thread] Pausing main loop
12 dic 2016, 21:02:12.520 [  FINER] [   FXGL.SystemLogger] [JavaFX Application Thread] Resetting FXGL application
12 dic 2016, 21:02:12.920 [   INFO] [   FXGL.SystemLogger] [ FXGL Background Thread 1] Game initialization took: 0,307 sec
12 dic 2016, 21:02:12.921 [  FINER] [   FXGL.SystemLogger] [JavaFX Application Thread] Resuming main loop
12 dic 2016, 21:09:09.052 [  FINER] [   FXGL.SystemLogger] [JavaFX Application Thread] Pausing main loop
12 dic 2016, 21:09:12.885 [  FINER] [   FXGL.SystemLogger] [JavaFX Application Thread] Pausing main loop
12 dic 2016, 21:09:13.769 [  FINER] [   FXGL.SystemLogger] [JavaFX Application Thread] Resuming main loop
12 dic 2016, 21:09:13.770 [  FINER] [   FXGL.SystemLogger] [JavaFX Application Thread] Exiting Normally
12 dic 2016, 21:09:13.786 [  FINER] [   FXGL.SystemLogger] [JavaFX Application Thread] Exiting FXGL
12 dic 2016, 21:09:13.787 [  FINER] [   FXGL.SystemLogger] [JavaFX Application Thread] Logger is closing
