12:02:15.473 [FXGL Launcher Thread     ] DEBUG FXGLLoggerFactory    - Service [LoggerFactory] initialized
12:02:15.479 [FXGL Launcher Thread     ] DEBUG FXGL                 - FXGL configuration complete
12:02:15.479 [FXGL Launcher Thread     ] DEBUG FXGL                 - Loading FXGL system data
12:02:15.483 [FXGL Launcher Thread     ] DEBUG IOTask               - Executing task: readDataTask(system/fxgl.bundle)
12:02:15.486 [FXGL Launcher Thread     ] DEBUG FS                   - Reading from: system/fxgl.bundle
12:02:15.495 [FXGL Launcher Thread     ] DEBUG IOTask               - Task succeeded: readDataTask(system/fxgl.bundle)
12:02:15.496 [FXGL Launcher Thread     ] DEBUG Bundle               - Logging bundle: FXGL
12:02:15.496 [FXGL Launcher Thread     ] DEBUG Bundle               - FXGL.offline.timer.version.check=2016-12-11T13:15:22.017
12:02:15.504 [FXGL Launcher Thread     ] DEBUG GameApplication      - Configuring GameApplication
12:02:15.510 [FXGL Launcher Thread     ] DEBUG FXGLExceptionHandler - Service [ExceptionHandler] initialized
12:02:15.511 [FXGL Launcher Thread     ] DEBUG FXGLEventBus         - Service [EventBus] initialized
12:02:15.516 [FXGL Launcher Thread     ] DEBUG FXGLExecutor         - Service [Executor] initialized
12:02:15.516 [FXGL Launcher Thread     ] DEBUG PreInitTask          - Injecting gameWorld & physicsWorld
12:02:15.525 [FXGL Launcher Thread     ] DEBUG GameWorld            - Game world initialized
12:02:15.597 [FXGL Launcher Thread     ] DEBUG FXGLPooler           - Service [Pooler] initialized with default size = 128
12:02:15.598 [FXGL Launcher Thread     ] DEBUG PhysicsWorld         - Physics world initialized: appHeight=600,0, physics.ppm=50,0
12:02:15.600 [FXGL Launcher Thread     ] DEBUG FXGLInput            - Service [Input] initialized
12:02:15.630 [FXGL Launcher Thread     ] DEBUG FXGLInput            - Registered new binding: Screenshot - P
12:02:15.631 [FXGL Launcher Thread     ] DEBUG FXGLInput            - Registered new binding: Dev Options - CTRL+0
12:02:15.633 [FXGL Launcher Thread     ] DEBUG FXGLInput            - Registered new binding: Left - A
12:02:15.633 [FXGL Launcher Thread     ] DEBUG FXGLInput            - Registered new binding: Pass - T
12:02:15.633 [FXGL Launcher Thread     ] DEBUG FXGLInput            - Registered new binding: Right - D
12:02:15.633 [FXGL Launcher Thread     ] DEBUG FXGLInput            - Registered new binding: Restart - R
12:02:15.670 [FXGL Launcher Thread     ] DEBUG GameScene            - Game scene initialized: 600.0x600.0
12:02:15.686 [FXGL Launcher Thread     ] DEBUG FXGLAssetLoader      - Service [AssetLoader] initialized: cacheSize=35
12:02:15.697 [FXGL Launcher Thread     ] DEBUG FXGLAssetLoader      - Loading from disk: /assets/sounds/system/notification.wav
12:02:15.790 [FXGL Launcher Thread     ] DEBUG FXGLAssetLoader      - Loading from disk: /assets/sounds/menu/select.wav
12:02:15.792 [FXGL Launcher Thread     ] DEBUG FXGLAssetLoader      - Loading from disk: /assets/sounds/menu/back.wav
12:02:15.793 [FXGL Launcher Thread     ] DEBUG FXGLAssetLoader      - Loading from disk: /assets/sounds/menu/press.wav
12:02:15.796 [FXGL Launcher Thread     ] DEBUG FXGLAssetLoader      - Loading from disk: /assets/ui/fonts/swerve.ttf
12:02:15.830 [FXGL Launcher Thread     ] DEBUG FXGLAssetLoader      - Loading from disk: /assets/ui/css/fxgl.css
12:02:15.831 [FXGL Launcher Thread     ] DEBUG FXGLAssetLoader      - Loading from disk: /assets/ui/icons/fxgl_icon.png
12:02:15.881 [FXGL Launcher Thread     ] DEBUG FXGLEventBus         - Firing event: SaveEvent
12:02:15.924 [FXGL Launcher Thread     ] DEBUG FXGLAssetLoader      - Loading from disk: /assets/ui/css/fxgl_dark.css
12:02:15.934 [FXGL Launcher Thread     ] DEBUG FXGLDisplay          - Target size: DoubleProperty [value: 600.0] x DoubleProperty [value: 600.0] @ 1.0
12:02:15.934 [FXGL Launcher Thread     ] DEBUG FXGLDisplay          - New size:    600.0 x 600.0 @ DoubleProperty [value: 1.0]
12:02:15.934 [FXGL Launcher Thread     ] DEBUG FXGLDisplay          - Service [Display] initialized
12:02:15.934 [FXGL Launcher Thread     ] DEBUG FXGLDisplay          - Using CSS: CSS(externalForm=jar:file:/Users/gabriel/.m2/repository/com/github/AlmasB/FXGL/0.2.8/FXGL-0.2.8.jar!/assets/ui/css/fxgl_dark.css)
12:02:15.935 [FXGL Launcher Thread     ] DEBUG InitScenesTask       - Injecting mainMenuScene & gameMenuScene
12:02:15.935 [FXGL Launcher Thread     ] DEBUG InitScenesTask       - Injecting loadingScene & gameScene
12:02:16.070 [FXGL Launcher Thread     ] DEBUG FXGLMasterTimer      - Service [MasterTimer] initialized
12:02:16.073 [FXGL Launcher Thread     ] DEBUG FXGLAudioPlayer      - Service [AudioPlayer] initialized
12:02:16.082 [FXGL Launcher Thread     ] DEBUG GameApplication      - State: STARTUP -> MAIN_MENU
12:02:16.146 [FXGL Launcher Thread     ] DEBUG SaveLoadManager      - Checking profiles dir: profiles/
12:02:16.146 [FXGL Launcher Thread     ] DEBUG SaveLoadManager      - Loading profile names
12:02:16.149 [FXGL Launcher Thread     ] DEBUG IOTask               - Showing dialog
12:02:16.168 [FXGL Launcher Thread     ] DEBUG FXGLEventBus         - Firing event: DisplayEvent[type=DIALOG_OPENED]
12:02:16.169 [FXGL Launcher Thread     ] DEBUG FXGLInput            - Clearing active input actions
12:02:16.173 [FXGL Background Thread 1 ] DEBUG IOTask               - Executing task: loadDirectoryNamesTask(./profiles/, false)
12:02:16.362 [JavaFX Application Thread] DEBUG FXGLDisplay          - Showing stage
12:02:16.362 [JavaFX Application Thread] DEBUG FXGLDisplay          - Root size: 600.0x600.0
12:02:16.362 [JavaFX Application Thread] DEBUG FXGLDisplay          - Scene size: 600.0x600.0
12:02:16.362 [JavaFX Application Thread] DEBUG FXGLDisplay          - Stage size: 600.0x622.0
12:02:16.432 [JavaFX Application Thread] DEBUG IOTask               - succeed(): Dismissing dialog
12:02:16.433 [JavaFX Application Thread] DEBUG FXGLEventBus         - Firing event: DisplayEvent[type=DIALOG_CLOSED]
12:02:16.434 [JavaFX Application Thread] DEBUG IOTask               - Task succeeded: loadDirectoryNamesTask(./profiles/, false)
12:02:16.443 [JavaFX Application Thread] DEBUG FXGLEventBus         - Firing event: DisplayEvent[type=DIALOG_OPENED]
12:02:16.443 [JavaFX Application Thread] DEBUG FXGLInput            - Clearing active input actions
12:02:19.607 [JavaFX Application Thread] DEBUG FXGLEventBus         - Firing event: DisplayEvent[type=DIALOG_CLOSED]
12:02:19.608 [JavaFX Application Thread] DEBUG SaveLoadManager      - Loading profile: Gabriel
12:02:19.610 [JavaFX Application Thread] DEBUG IOTask               - Showing dialog
12:02:19.618 [JavaFX Application Thread] DEBUG FXGLEventBus         - Firing event: DisplayEvent[type=DIALOG_OPENED]
12:02:19.619 [JavaFX Application Thread] DEBUG FXGLInput            - Clearing active input actions
12:02:19.619 [FXGL Background Thread 1 ] DEBUG IOTask               - Executing task: readDataTask(./profiles/Gabriel/user.profile)
12:02:19.621 [FXGL Background Thread 1 ] DEBUG FS                   - Reading from: ./profiles/Gabriel/user.profile
12:02:19.644 [JavaFX Application Thread] DEBUG IOTask               - succeed(): Dismissing dialog
12:02:19.645 [JavaFX Application Thread] DEBUG FXGLEventBus         - Firing event: DisplayEvent[type=DIALOG_CLOSED]
12:02:19.645 [JavaFX Application Thread] DEBUG IOTask               - Task succeeded: readDataTask(./profiles/Gabriel/user.profile)
12:02:19.645 [JavaFX Application Thread] DEBUG FXGLEventBus         - Firing event: LoadEvent[type=LOAD_PROFILE]
12:02:19.645 [JavaFX Application Thread] DEBUG FXGLInput            - Loading data from profile
12:02:19.645 [JavaFX Application Thread] DEBUG Bundle               - Logging bundle: input
12:02:19.645 [JavaFX Application Thread] DEBUG Bundle               - input.Pass=T
12:02:19.645 [JavaFX Application Thread] DEBUG Bundle               - input.Right=D
12:02:19.645 [JavaFX Application Thread] DEBUG Bundle               - input.Screenshot=P
12:02:19.646 [JavaFX Application Thread] DEBUG Bundle               - input.Restart=R
12:02:19.646 [JavaFX Application Thread] DEBUG Bundle               - input.Dev Options=CTRL+0
12:02:19.646 [JavaFX Application Thread] DEBUG Bundle               - input.Left=A
12:02:19.646 [JavaFX Application Thread] DEBUG FXGLDisplay          - Loading data from profile
12:02:19.646 [JavaFX Application Thread] DEBUG Bundle               - Logging bundle: scene
12:02:19.646 [JavaFX Application Thread] DEBUG Bundle               - scene.sizeW=600.0
12:02:19.646 [JavaFX Application Thread] DEBUG Bundle               - scene.sizeH=600.0
12:02:19.647 [JavaFX Application Thread] DEBUG FXGLDisplay          - Target size: DoubleProperty [value: 600.0] x DoubleProperty [value: 600.0] @ 1.0
12:02:19.647 [JavaFX Application Thread] DEBUG FXGLDisplay          - New size:    600.0 x 600.0 @ DoubleProperty [value: 1.0]
12:02:19.681 [JavaFX Application Thread] DEBUG FXGLAudioPlayer      - Loading data from profile
12:02:19.681 [JavaFX Application Thread] DEBUG Bundle               - Logging bundle: audio
12:02:19.681 [JavaFX Application Thread] DEBUG Bundle               - audio.musicVolume=0.5
12:02:19.681 [JavaFX Application Thread] DEBUG Bundle               - audio.soundVolume=0.5
12:02:19.682 [JavaFX Application Thread] DEBUG AchievementManager   - Service [AchievementManager] initialized
12:02:19.683 [JavaFX Application Thread] DEBUG AchievementManager   - Loading data from profile
12:02:19.683 [JavaFX Application Thread] DEBUG Bundle               - Logging bundle: achievement
12:02:19.683 [JavaFX Application Thread] DEBUG FXGLMasterTimer      - Loading data from profile
12:02:19.683 [JavaFX Application Thread] DEBUG Bundle               - Logging bundle: timer
12:02:19.683 [JavaFX Application Thread] DEBUG Bundle               - timer.playtime=8102667763523
12:02:19.685 [JavaFX Application Thread] DEBUG SaveLoadManager      - Loading last modified save file
12:02:19.685 [JavaFX Application Thread] DEBUG SaveLoadManager      - Loading save files
12:02:19.689 [JavaFX Application Thread] DEBUG IOTask               - Showing dialog
12:02:19.699 [JavaFX Application Thread] DEBUG FXGLEventBus         - Firing event: DisplayEvent[type=DIALOG_OPENED]
12:02:19.699 [JavaFX Application Thread] DEBUG FXGLInput            - Clearing active input actions
12:02:19.701 [FXGL Background Thread 1 ] DEBUG IOTask               - Executing task: loadFileNamesTask(./profiles/Gabriel/saves/, true, [FileExtension(extension=.sav)])
12:02:19.701 [FXGL Background Thread 1 ] DEBUG IOTask               - Executing task: loadFileNamesTask(./profiles/Gabriel/saves/, true, [FileExtension(extension=.sav)])
12:02:19.701 [FXGL Background Thread 1 ] DEBUG IOTask               - Executing task: loadFileNamesTask(./profiles/Gabriel/saves/, true, [FileExtension(extension=.sav)])
12:02:19.706 [FXGL Background Thread 1 ] DEBUG IOTask               - Executing task: readSaveFiles
12:02:19.709 [FXGL Background Thread 1 ] DEBUG IOTask               - Executing task: findLastSave
12:02:19.772 [JavaFX Application Thread] DEBUG IOTask               - fail(): Dismissing dialog
12:02:19.773 [JavaFX Application Thread] DEBUG FXGLEventBus         - Firing event: DisplayEvent[type=DIALOG_CLOSED]
12:02:19.773 [JavaFX Application Thread] WARN  IOTask               - Task failed: loadFileNamesTask(./profiles/Gabriel/saves/, true, [FileExtension(extension=.sav)]) Error: java.io.FileNotFoundException: No save files found
12:02:19.773 [JavaFX Application Thread] DEBUG FXGLEventBus         - Firing event: ProfileSelectedEvent[name=Gabriel,hasSaves=false]
12:02:20.541 [JavaFX Application Thread] DEBUG Menu                 - fireNewGame()
12:02:20.541 [JavaFX Application Thread] DEBUG GameApplication      - Starting new game
12:02:20.542 [JavaFX Application Thread] DEBUG GameApplication      - Initializing App
12:02:20.544 [JavaFX Application Thread] DEBUG FXGLInput            - Clearing active input actions
12:02:20.545 [JavaFX Application Thread] DEBUG FXGLMasterTimer      - Stopping master timer
12:02:20.545 [JavaFX Application Thread] DEBUG GameApplication      - State: MAIN_MENU -> PAUSED
12:02:20.545 [JavaFX Application Thread] DEBUG FXGLEventBus         - Firing event: FXGLEvent[type=PAUSE]
12:02:20.546 [JavaFX Application Thread] DEBUG FXGLInput            - Clearing active input actions
12:02:20.546 [JavaFX Application Thread] DEBUG FXGLMasterTimer      - Resetting ticks and clearing all actions
12:02:20.546 [JavaFX Application Thread] DEBUG GameWorld            - Resetting game world
12:02:20.546 [JavaFX Application Thread] TRACE EntityWorld          - Resetting entity world
12:02:20.549 [JavaFX Application Thread] DEBUG PhysicsWorld         - Resetting physics world
12:02:20.549 [JavaFX Application Thread] DEBUG GameScene            - Resetting game scene
12:02:20.549 [JavaFX Application Thread] DEBUG FXGLEventBus         - Firing event: FXGLEvent[type=RESET]
12:02:20.620 [JavaFX Application Thread] DEBUG GameApplication      - State: PAUSED -> LOADING
12:02:20.625 [JavaFX Application Thread] DEBUG FXGLEventBus         - Firing event: MenuEvent[type=NEW_GAME]
12:02:20.625 [FXGL Background Thread 1 ] DEBUG InitAppTask          - Initializing Assets
12:02:20.627 [FXGL Background Thread 1 ] DEBUG FXGLAssetLoader      - Loading from disk: /assets/sounds/softbrickhit.wav
12:02:20.669 [FXGL Background Thread 1 ] DEBUG FXGLAssetLoader      - Loading from disk: /assets/sounds/stonebrickhit.wav
12:02:20.679 [FXGL Background Thread 1 ] DEBUG FXGLAssetLoader      - Loading from disk: /assets/sounds/ballwall.wav
12:02:20.682 [FXGL Background Thread 1 ] DEBUG FXGLAssetLoader      - Loading from disk: /assets/sounds/batball.wav
12:02:20.685 [FXGL Background Thread 1 ] DEBUG FXGLAssetLoader      - Loading from disk: /assets/sounds/ballfalling.wav
12:02:20.687 [FXGL Background Thread 1 ] DEBUG FXGLAssetLoader      - Loading from disk: /assets/sounds/bonus.wav
12:02:20.691 [FXGL Background Thread 1 ] DEBUG FXGLAssetLoader      - Loading from disk: /assets/sounds/discount.wav
12:02:20.693 [FXGL Background Thread 1 ] DEBUG FXGLAssetLoader      - Loading from disk: /assets/sounds/metalbrickhit.wav
12:02:20.695 [FXGL Background Thread 1 ] DEBUG InitAppTask          - Initializing Game
12:02:20.766 [FXGL Background Thread 1 ] DEBUG FXGLAssetLoader      - Loading from disk: /assets/ui/main.fxml
12:02:20.808 [FXGL Background Thread 1 ] DEBUG GameScene            - Adding UI node: Pane@39c736bf
12:02:20.810 [FXGL Background Thread 1 ] DEBUG GameScene            - Adding UI node: Overlay@a660e91
12:02:20.815 [FXGL Background Thread 1 ] DEBUG InitAppTask          - Initializing Physics
12:02:20.816 [FXGL Background Thread 1 ] DEBUG InitAppTask          - Initializing UI
12:02:20.816 [FXGL Background Thread 1 ] DEBUG FXGLAssetLoader      - Loading from disk: /assets/ui/main.fxml
12:02:20.821 [FXGL Background Thread 1 ] DEBUG GameScene            - Adding UI node: Pane@172f9edb
12:02:20.824 [FXGL Background Thread 1 ] DEBUG GameScene            - Adding UI node: Overlay@511ea150
12:02:20.824 [FXGL Background Thread 1 ] DEBUG InitAppTask          - Initialization Complete
12:02:20.826 [JavaFX Application Thread] DEBUG FXGLInput            - Clearing active input actions
12:02:20.827 [JavaFX Application Thread] DEBUG FXGLMasterTimer      - Starting master timer
12:02:20.827 [JavaFX Application Thread] DEBUG GameApplication      - State: LOADING -> PLAYING
12:02:20.832 [JavaFX Application Thread] DEBUG FXGLEventBus         - Firing event: FXGLEvent[type=RESUME]
12:02:20.837 [JavaFX Application Thread] DEBUG GameScene            - Entity added to scene
12:02:20.838 [JavaFX Application Thread] DEBUG GameScene            - Added MainViewComponent
12:02:20.840 [JavaFX Application Thread] DEBUG GameScene            - Creating render group for layer: TOP(2147483647)
12:02:20.937 [JavaFX Application Thread] DEBUG GameScene            - Entity added to scene
12:02:20.937 [JavaFX Application Thread] DEBUG GameScene            - Added MainViewComponent
12:02:20.938 [JavaFX Application Thread] DEBUG GameScene            - Entity added to scene
12:02:20.938 [JavaFX Application Thread] DEBUG GameScene            - Added MainViewComponent
12:02:20.939 [JavaFX Application Thread] DEBUG GameScene            - Entity added to scene
12:02:20.939 [JavaFX Application Thread] DEBUG GameScene            - Entity added to scene
12:02:20.939 [JavaFX Application Thread] DEBUG GameScene            - Added MainViewComponent
12:02:20.940 [JavaFX Application Thread] DEBUG GameScene            - Entity added to scene
12:02:20.940 [JavaFX Application Thread] DEBUG GameScene            - Added MainViewComponent
12:02:20.940 [JavaFX Application Thread] DEBUG GameScene            - Entity added to scene
12:02:20.940 [JavaFX Application Thread] DEBUG GameScene            - Added MainViewComponent
12:02:20.940 [JavaFX Application Thread] DEBUG GameScene            - Entity added to scene
12:02:20.940 [JavaFX Application Thread] DEBUG GameScene            - Added MainViewComponent
12:02:20.941 [JavaFX Application Thread] DEBUG GameScene            - Entity added to scene
12:02:20.941 [JavaFX Application Thread] DEBUG GameScene            - Added MainViewComponent
12:02:20.941 [JavaFX Application Thread] DEBUG GameScene            - Entity added to scene
12:02:20.941 [JavaFX Application Thread] DEBUG GameScene            - Added MainViewComponent
12:02:20.942 [JavaFX Application Thread] DEBUG GameScene            - Entity added to scene
12:02:20.942 [JavaFX Application Thread] DEBUG GameScene            - Added MainViewComponent
12:02:20.942 [JavaFX Application Thread] DEBUG GameScene            - Entity added to scene
12:02:20.942 [JavaFX Application Thread] DEBUG GameScene            - Added MainViewComponent
12:02:20.943 [JavaFX Application Thread] DEBUG GameScene            - Entity added to scene
12:02:20.943 [JavaFX Application Thread] DEBUG GameScene            - Added MainViewComponent
12:02:20.944 [JavaFX Application Thread] DEBUG GameScene            - Entity added to scene
12:02:20.944 [JavaFX Application Thread] DEBUG GameScene            - Added MainViewComponent
12:02:20.944 [JavaFX Application Thread] DEBUG GameScene            - Entity added to scene
12:02:20.944 [JavaFX Application Thread] DEBUG GameScene            - Added MainViewComponent
12:02:20.944 [JavaFX Application Thread] DEBUG GameScene            - Entity added to scene
12:02:20.945 [JavaFX Application Thread] DEBUG GameScene            - Added MainViewComponent
12:02:20.945 [JavaFX Application Thread] DEBUG GameScene            - Entity added to scene
12:02:20.945 [JavaFX Application Thread] DEBUG GameScene            - Added MainViewComponent
12:02:20.945 [JavaFX Application Thread] DEBUG GameScene            - Entity added to scene
12:02:20.945 [JavaFX Application Thread] DEBUG GameScene            - Added MainViewComponent
12:02:20.946 [JavaFX Application Thread] DEBUG GameScene            - Entity added to scene
12:02:20.946 [JavaFX Application Thread] DEBUG GameScene            - Added MainViewComponent
12:02:26.139 [JavaFX Application Thread] DEBUG GameScene            - Entity added to scene
12:02:26.139 [JavaFX Application Thread] DEBUG GameScene            - Added MainViewComponent
12:02:26.141 [JavaFX Application Thread] DEBUG GameScene            - Entity added to scene
12:02:26.141 [JavaFX Application Thread] DEBUG GameScene            - Added MainViewComponent
12:02:26.142 [JavaFX Application Thread] DEBUG GameScene            - Entity removed from scene
12:02:26.142 [JavaFX Application Thread] DEBUG GameScene            - Removed MainViewComponent
12:02:27.192 [JavaFX Application Thread] DEBUG GameScene            - Entity removed from scene
12:02:27.192 [JavaFX Application Thread] DEBUG GameScene            - Removed MainViewComponent
12:02:27.404 [JavaFX Application Thread] DEBUG GameScene            - Entity removed from scene
12:02:27.404 [JavaFX Application Thread] DEBUG GameScene            - Removed MainViewComponent
12:02:29.904 [JavaFX Application Thread] DEBUG GameScene            - Entity removed from scene
12:02:29.904 [JavaFX Application Thread] DEBUG GameScene            - Removed MainViewComponent
12:02:34.278 [JavaFX Application Thread] DEBUG GameScene            - Entity added to scene
12:02:34.279 [JavaFX Application Thread] DEBUG GameScene            - Added MainViewComponent
12:02:34.279 [JavaFX Application Thread] DEBUG GameScene            - Entity removed from scene
12:02:34.279 [JavaFX Application Thread] DEBUG GameScene            - Removed MainViewComponent
12:02:34.280 [JavaFX Application Thread] DEBUG GameScene            - Entity removed from scene
12:02:34.280 [JavaFX Application Thread] DEBUG GameScene            - Removed MainViewComponent
12:02:34.886 [JavaFX Application Thread] DEBUG GameScene            - Entity removed from scene
12:02:34.886 [JavaFX Application Thread] DEBUG GameScene            - Removed MainViewComponent
12:02:38.042 [JavaFX Application Thread] DEBUG GameScene            - Entity removed from scene
12:02:38.043 [JavaFX Application Thread] DEBUG GameScene            - Removed MainViewComponent
12:02:43.748 [JavaFX Application Thread] DEBUG GameScene            - Entity removed from scene
12:02:43.748 [JavaFX Application Thread] DEBUG GameScene            - Removed MainViewComponent
12:02:50.720 [JavaFX Application Thread] DEBUG FXGLEventBus         - Firing event: DisplayEvent[type=DIALOG_OPENED]
12:02:50.720 [JavaFX Application Thread] DEBUG FXGLInput            - Clearing active input actions
12:02:50.721 [JavaFX Application Thread] DEBUG FXGLMasterTimer      - Stopping master timer
12:02:50.721 [JavaFX Application Thread] DEBUG GameApplication      - State: PLAYING -> PAUSED
12:02:50.721 [JavaFX Application Thread] DEBUG FXGLEventBus         - Firing event: FXGLEvent[type=PAUSE]
12:02:50.721 [JavaFX Application Thread] DEBUG FXGLInput            - Clearing active input actions
12:02:51.549 [JavaFX Application Thread] DEBUG FXGLEventBus         - Firing event: DisplayEvent[type=DIALOG_CLOSED]
12:02:51.549 [JavaFX Application Thread] DEBUG FXGLInput            - Clearing active input actions
12:02:51.549 [JavaFX Application Thread] DEBUG FXGLMasterTimer      - Starting master timer
12:02:51.550 [JavaFX Application Thread] DEBUG GameApplication      - State: PAUSED -> PLAYING
12:02:51.550 [JavaFX Application Thread] DEBUG FXGLEventBus         - Firing event: FXGLEvent[type=RESUME]
12:02:51.550 [JavaFX Application Thread] DEBUG FXGLEventBus         - Firing event: DisplayEvent[type=CLOSE_REQUEST]
12:02:51.551 [JavaFX Application Thread] DEBUG FXGLEventBus         - Firing event: FXGLEvent[type=EXIT]
12:02:51.552 [JavaFX Application Thread] DEBUG FXGLEventBus         - Firing event: SaveEvent
12:02:51.552 [JavaFX Application Thread] DEBUG FXGLInput            - Saving data to profile
12:02:51.552 [JavaFX Application Thread] DEBUG Bundle               - Logging bundle: input
12:02:51.552 [JavaFX Application Thread] DEBUG Bundle               - input.Pass=T
12:02:51.552 [JavaFX Application Thread] DEBUG Bundle               - input.Right=D
12:02:51.552 [JavaFX Application Thread] DEBUG Bundle               - input.Screenshot=P
12:02:51.552 [JavaFX Application Thread] DEBUG Bundle               - input.Restart=R
12:02:51.552 [JavaFX Application Thread] DEBUG Bundle               - input.Dev Options=CTRL+0
12:02:51.553 [JavaFX Application Thread] DEBUG Bundle               - input.Left=A
12:02:51.553 [JavaFX Application Thread] DEBUG FXGLDisplay          - Saving data to profile
12:02:51.553 [JavaFX Application Thread] DEBUG Bundle               - Logging bundle: scene
12:02:51.553 [JavaFX Application Thread] DEBUG Bundle               - scene.sizeW=600.0
12:02:51.553 [JavaFX Application Thread] DEBUG Bundle               - scene.sizeH=600.0
12:02:51.553 [JavaFX Application Thread] DEBUG FXGLAudioPlayer      - Saving data to profile
12:02:51.553 [JavaFX Application Thread] DEBUG Bundle               - Logging bundle: audio
12:02:51.553 [JavaFX Application Thread] DEBUG Bundle               - audio.musicVolume=0.5
12:02:51.553 [JavaFX Application Thread] DEBUG Bundle               - audio.soundVolume=0.5
12:02:51.553 [JavaFX Application Thread] DEBUG AchievementManager   - Saving data to profile
12:02:51.554 [JavaFX Application Thread] DEBUG Bundle               - Logging bundle: achievement
12:02:51.554 [JavaFX Application Thread] DEBUG FXGLMasterTimer      - Saving data to profile
12:02:51.554 [JavaFX Application Thread] DEBUG Bundle               - Logging bundle: timer
12:02:51.554 [JavaFX Application Thread] DEBUG Bundle               - timer.playtime=8132192682671
12:02:51.555 [JavaFX Application Thread] DEBUG SaveLoadManager      - Saving profile: Gabriel
12:02:51.557 [JavaFX Application Thread] DEBUG IOTask               - Executing task: writeDataTask(./profiles/Gabriel/user.profile)
12:02:51.557 [JavaFX Application Thread] DEBUG IOTask               - Executing task: writeDataTask(./profiles/Gabriel/user.profile)
12:02:51.560 [JavaFX Application Thread] DEBUG FS                   - Writing to: ./profiles/Gabriel/user.profile
12:02:51.566 [JavaFX Application Thread] DEBUG IOTask               - Executing task: checkSavesDir(./profiles/Gabriel/saves/)
12:02:51.567 [JavaFX Application Thread] DEBUG IOTask               - Task succeeded: writeDataTask(./profiles/Gabriel/user.profile)
12:02:51.567 [JavaFX Application Thread] DEBUG FXGL                 - Saving FXGL system data
12:02:51.567 [JavaFX Application Thread] DEBUG IOTask               - Executing task: writeDataTask(system/fxgl.bundle)
12:02:51.568 [JavaFX Application Thread] DEBUG FS                   - Writing to: system/fxgl.bundle
12:02:51.571 [JavaFX Application Thread] DEBUG IOTask               - Task succeeded: writeDataTask(system/fxgl.bundle)
