21:04:22.626 [FXGL Launcher Thread     ] DEBUG FXGLLoggerFactory    - Service [LoggerFactory] initialized
21:04:22.631 [FXGL Launcher Thread     ] DEBUG FXGL                 - FXGL configuration complete
21:04:22.631 [FXGL Launcher Thread     ] DEBUG FXGL                 - Loading FXGL system data
21:04:22.636 [FXGL Launcher Thread     ] DEBUG IOTask               - Executing task: readDataTask(system/fxgl.bundle)
21:04:22.639 [FXGL Launcher Thread     ] DEBUG FS                   - Reading from: system/fxgl.bundle
21:04:22.648 [FXGL Launcher Thread     ] DEBUG IOTask               - Task succeeded: readDataTask(system/fxgl.bundle)
21:04:22.648 [FXGL Launcher Thread     ] DEBUG Bundle               - Logging bundle: FXGL
21:04:22.649 [FXGL Launcher Thread     ] DEBUG Bundle               - FXGL.offline.timer.version.check=2016-12-11T13:15:22.017
21:04:22.657 [FXGL Launcher Thread     ] DEBUG GameApplication      - Configuring GameApplication
21:04:22.663 [FXGL Launcher Thread     ] DEBUG FXGLExceptionHandler - Service [ExceptionHandler] initialized
21:04:22.664 [FXGL Launcher Thread     ] DEBUG FXGLEventBus         - Service [EventBus] initialized
21:04:22.668 [FXGL Launcher Thread     ] DEBUG FXGLExecutor         - Service [Executor] initialized
21:04:22.669 [FXGL Launcher Thread     ] DEBUG PreInitTask          - Injecting gameWorld & physicsWorld
21:04:22.675 [FXGL Launcher Thread     ] DEBUG GameWorld            - Game world initialized
21:04:22.736 [FXGL Launcher Thread     ] DEBUG FXGLPooler           - Service [Pooler] initialized with default size = 128
21:04:22.737 [FXGL Launcher Thread     ] DEBUG PhysicsWorld         - Physics world initialized: appHeight=600,0, physics.ppm=50,0
21:04:22.738 [FXGL Launcher Thread     ] DEBUG FXGLInput            - Service [Input] initialized
21:04:22.763 [FXGL Launcher Thread     ] DEBUG FXGLInput            - Registered new binding: Screenshot - P
21:04:22.764 [FXGL Launcher Thread     ] DEBUG FXGLInput            - Registered new binding: Dev Options - CTRL+0
21:04:22.766 [FXGL Launcher Thread     ] DEBUG FXGLInput            - Registered new binding: Left - A
21:04:22.766 [FXGL Launcher Thread     ] DEBUG FXGLInput            - Registered new binding: Pass - T
21:04:22.766 [FXGL Launcher Thread     ] DEBUG FXGLInput            - Registered new binding: Right - D
21:04:22.767 [FXGL Launcher Thread     ] DEBUG FXGLInput            - Registered new binding: Restart - R
21:04:22.810 [FXGL Launcher Thread     ] DEBUG GameScene            - Game scene initialized: 600.0x600.0
21:04:22.847 [FXGL Launcher Thread     ] DEBUG FXGLAssetLoader      - Service [AssetLoader] initialized: cacheSize=35
21:04:22.851 [FXGL Launcher Thread     ] DEBUG FXGLAssetLoader      - Loading from disk: /assets/sounds/system/notification.wav
21:04:22.944 [FXGL Launcher Thread     ] DEBUG FXGLAssetLoader      - Loading from disk: /assets/sounds/menu/select.wav
21:04:22.946 [FXGL Launcher Thread     ] DEBUG FXGLAssetLoader      - Loading from disk: /assets/sounds/menu/back.wav
21:04:22.948 [FXGL Launcher Thread     ] DEBUG FXGLAssetLoader      - Loading from disk: /assets/sounds/menu/press.wav
21:04:22.949 [FXGL Launcher Thread     ] DEBUG FXGLAssetLoader      - Loading from disk: /assets/ui/fonts/swerve.ttf
21:04:22.984 [FXGL Launcher Thread     ] DEBUG FXGLAssetLoader      - Loading from disk: /assets/ui/css/fxgl.css
21:04:22.984 [FXGL Launcher Thread     ] DEBUG FXGLAssetLoader      - Loading from disk: /assets/ui/icons/fxgl_icon.png
21:04:23.032 [FXGL Launcher Thread     ] DEBUG FXGLEventBus         - Firing event: SaveEvent
21:04:23.075 [FXGL Launcher Thread     ] DEBUG FXGLAssetLoader      - Loading from disk: /assets/ui/css/fxgl_dark.css
21:04:23.085 [FXGL Launcher Thread     ] DEBUG FXGLDisplay          - Target size: DoubleProperty [value: 600.0] x DoubleProperty [value: 600.0] @ 1.0
21:04:23.085 [FXGL Launcher Thread     ] DEBUG FXGLDisplay          - New size:    600.0 x 600.0 @ DoubleProperty [value: 1.0]
21:04:23.085 [FXGL Launcher Thread     ] DEBUG FXGLDisplay          - Service [Display] initialized
21:04:23.085 [FXGL Launcher Thread     ] DEBUG FXGLDisplay          - Using CSS: CSS(externalForm=jar:file:/Users/gabriel/.m2/repository/com/github/AlmasB/FXGL/0.2.8/FXGL-0.2.8.jar!/assets/ui/css/fxgl_dark.css)
21:04:23.086 [FXGL Launcher Thread     ] DEBUG InitScenesTask       - Injecting mainMenuScene & gameMenuScene
21:04:23.086 [FXGL Launcher Thread     ] DEBUG InitScenesTask       - Injecting loadingScene & gameScene
21:04:23.236 [FXGL Launcher Thread     ] DEBUG FXGLMasterTimer      - Service [MasterTimer] initialized
21:04:23.239 [FXGL Launcher Thread     ] DEBUG FXGLAudioPlayer      - Service [AudioPlayer] initialized
21:04:23.253 [FXGL Launcher Thread     ] DEBUG GameApplication      - State: STARTUP -> MAIN_MENU
21:04:23.339 [FXGL Launcher Thread     ] DEBUG SaveLoadManager      - Checking profiles dir: profiles/
21:04:23.343 [FXGL Launcher Thread     ] DEBUG SaveLoadManager      - Loading profile names
21:04:23.345 [FXGL Launcher Thread     ] DEBUG IOTask               - Showing dialog
21:04:23.363 [FXGL Launcher Thread     ] DEBUG FXGLEventBus         - Firing event: DisplayEvent[type=DIALOG_OPENED]
21:04:23.364 [FXGL Launcher Thread     ] DEBUG FXGLInput            - Clearing active input actions
21:04:23.371 [FXGL Background Thread 1 ] DEBUG IOTask               - Executing task: loadDirectoryNamesTask(./profiles/, false)
21:04:23.568 [JavaFX Application Thread] DEBUG FXGLDisplay          - Showing stage
21:04:23.568 [JavaFX Application Thread] DEBUG FXGLDisplay          - Root size: 600.0x600.0
21:04:23.568 [JavaFX Application Thread] DEBUG FXGLDisplay          - Scene size: 600.0x600.0
21:04:23.568 [JavaFX Application Thread] DEBUG FXGLDisplay          - Stage size: 600.0x622.0
21:04:23.642 [JavaFX Application Thread] DEBUG IOTask               - succeed(): Dismissing dialog
21:04:23.644 [JavaFX Application Thread] DEBUG FXGLEventBus         - Firing event: DisplayEvent[type=DIALOG_CLOSED]
21:04:23.644 [JavaFX Application Thread] DEBUG IOTask               - Task succeeded: loadDirectoryNamesTask(./profiles/, false)
21:04:23.659 [JavaFX Application Thread] DEBUG FXGLEventBus         - Firing event: DisplayEvent[type=DIALOG_OPENED]
21:04:23.659 [JavaFX Application Thread] DEBUG FXGLInput            - Clearing active input actions
21:04:24.769 [JavaFX Application Thread] DEBUG FXGLEventBus         - Firing event: DisplayEvent[type=DIALOG_CLOSED]
21:04:24.770 [JavaFX Application Thread] DEBUG SaveLoadManager      - Loading profile: Gabriel
21:04:24.771 [JavaFX Application Thread] DEBUG IOTask               - Showing dialog
21:04:24.778 [JavaFX Application Thread] DEBUG FXGLEventBus         - Firing event: DisplayEvent[type=DIALOG_OPENED]
21:04:24.778 [JavaFX Application Thread] DEBUG FXGLInput            - Clearing active input actions
21:04:24.779 [FXGL Background Thread 1 ] DEBUG IOTask               - Executing task: readDataTask(./profiles/Gabriel/user.profile)
21:04:24.779 [FXGL Background Thread 1 ] DEBUG FS                   - Reading from: ./profiles/Gabriel/user.profile
21:04:24.801 [JavaFX Application Thread] DEBUG IOTask               - succeed(): Dismissing dialog
21:04:24.802 [JavaFX Application Thread] DEBUG FXGLEventBus         - Firing event: DisplayEvent[type=DIALOG_CLOSED]
21:04:24.803 [JavaFX Application Thread] DEBUG IOTask               - Task succeeded: readDataTask(./profiles/Gabriel/user.profile)
21:04:24.803 [JavaFX Application Thread] DEBUG FXGLEventBus         - Firing event: LoadEvent[type=LOAD_PROFILE]
21:04:24.803 [JavaFX Application Thread] DEBUG FXGLInput            - Loading data from profile
21:04:24.803 [JavaFX Application Thread] DEBUG Bundle               - Logging bundle: input
21:04:24.803 [JavaFX Application Thread] DEBUG Bundle               - input.Pass=T
21:04:24.803 [JavaFX Application Thread] DEBUG Bundle               - input.Right=D
21:04:24.803 [JavaFX Application Thread] DEBUG Bundle               - input.Screenshot=P
21:04:24.803 [JavaFX Application Thread] DEBUG Bundle               - input.Restart=R
21:04:24.803 [JavaFX Application Thread] DEBUG Bundle               - input.Dev Options=CTRL+0
21:04:24.805 [JavaFX Application Thread] DEBUG Bundle               - input.Left=A
21:04:24.806 [JavaFX Application Thread] DEBUG FXGLDisplay          - Loading data from profile
21:04:24.806 [JavaFX Application Thread] DEBUG Bundle               - Logging bundle: scene
21:04:24.806 [JavaFX Application Thread] DEBUG Bundle               - scene.sizeW=600.0
21:04:24.806 [JavaFX Application Thread] DEBUG Bundle               - scene.sizeH=600.0
21:04:24.806 [JavaFX Application Thread] DEBUG FXGLDisplay          - Target size: DoubleProperty [value: 600.0] x DoubleProperty [value: 600.0] @ 1.0
21:04:24.806 [JavaFX Application Thread] DEBUG FXGLDisplay          - New size:    600.0 x 600.0 @ DoubleProperty [value: 1.0]
21:04:24.839 [JavaFX Application Thread] DEBUG FXGLAudioPlayer      - Loading data from profile
21:04:24.839 [JavaFX Application Thread] DEBUG Bundle               - Logging bundle: audio
21:04:24.839 [JavaFX Application Thread] DEBUG Bundle               - audio.musicVolume=0.5
21:04:24.839 [JavaFX Application Thread] DEBUG Bundle               - audio.soundVolume=0.5
21:04:24.841 [JavaFX Application Thread] DEBUG AchievementManager   - Service [AchievementManager] initialized
21:04:24.841 [JavaFX Application Thread] DEBUG AchievementManager   - Loading data from profile
21:04:24.841 [JavaFX Application Thread] DEBUG Bundle               - Logging bundle: achievement
21:04:24.841 [JavaFX Application Thread] DEBUG FXGLMasterTimer      - Loading data from profile
21:04:24.841 [JavaFX Application Thread] DEBUG Bundle               - Logging bundle: timer
21:04:24.841 [JavaFX Application Thread] DEBUG Bundle               - timer.playtime=9986957368741
21:04:24.843 [JavaFX Application Thread] DEBUG SaveLoadManager      - Loading last modified save file
21:04:24.843 [JavaFX Application Thread] DEBUG SaveLoadManager      - Loading save files
21:04:24.847 [JavaFX Application Thread] DEBUG IOTask               - Showing dialog
21:04:24.857 [JavaFX Application Thread] DEBUG FXGLEventBus         - Firing event: DisplayEvent[type=DIALOG_OPENED]
21:04:24.858 [JavaFX Application Thread] DEBUG FXGLInput            - Clearing active input actions
21:04:24.859 [FXGL Background Thread 1 ] DEBUG IOTask               - Executing task: loadFileNamesTask(./profiles/Gabriel/saves/, true, [FileExtension(extension=.sav)])
21:04:24.859 [FXGL Background Thread 1 ] DEBUG IOTask               - Executing task: loadFileNamesTask(./profiles/Gabriel/saves/, true, [FileExtension(extension=.sav)])
21:04:24.859 [FXGL Background Thread 1 ] DEBUG IOTask               - Executing task: loadFileNamesTask(./profiles/Gabriel/saves/, true, [FileExtension(extension=.sav)])
21:04:24.865 [FXGL Background Thread 1 ] DEBUG IOTask               - Executing task: readSaveFiles
21:04:24.868 [FXGL Background Thread 1 ] DEBUG IOTask               - Executing task: findLastSave
21:04:24.925 [JavaFX Application Thread] DEBUG IOTask               - fail(): Dismissing dialog
21:04:24.926 [JavaFX Application Thread] DEBUG FXGLEventBus         - Firing event: DisplayEvent[type=DIALOG_CLOSED]
21:04:24.926 [JavaFX Application Thread] WARN  IOTask               - Task failed: loadFileNamesTask(./profiles/Gabriel/saves/, true, [FileExtension(extension=.sav)]) Error: java.io.FileNotFoundException: No save files found
21:04:24.926 [JavaFX Application Thread] DEBUG FXGLEventBus         - Firing event: ProfileSelectedEvent[name=Gabriel,hasSaves=false]
21:04:25.570 [JavaFX Application Thread] DEBUG Menu                 - fireNewGame()
21:04:25.570 [JavaFX Application Thread] DEBUG GameApplication      - Starting new game
21:04:25.571 [JavaFX Application Thread] DEBUG GameApplication      - Initializing App
21:04:25.572 [JavaFX Application Thread] DEBUG FXGLInput            - Clearing active input actions
21:04:25.572 [JavaFX Application Thread] DEBUG FXGLMasterTimer      - Stopping master timer
21:04:25.572 [JavaFX Application Thread] DEBUG GameApplication      - State: MAIN_MENU -> PAUSED
21:04:25.572 [JavaFX Application Thread] DEBUG FXGLEventBus         - Firing event: FXGLEvent[type=PAUSE]
21:04:25.573 [JavaFX Application Thread] DEBUG FXGLInput            - Clearing active input actions
21:04:25.573 [JavaFX Application Thread] DEBUG FXGLMasterTimer      - Resetting ticks and clearing all actions
21:04:25.573 [JavaFX Application Thread] DEBUG GameWorld            - Resetting game world
21:04:25.573 [JavaFX Application Thread] TRACE EntityWorld          - Resetting entity world
21:04:25.575 [JavaFX Application Thread] DEBUG PhysicsWorld         - Resetting physics world
21:04:25.575 [JavaFX Application Thread] DEBUG GameScene            - Resetting game scene
21:04:25.575 [JavaFX Application Thread] DEBUG FXGLEventBus         - Firing event: FXGLEvent[type=RESET]
21:04:25.652 [JavaFX Application Thread] DEBUG GameApplication      - State: PAUSED -> LOADING
21:04:25.658 [JavaFX Application Thread] DEBUG FXGLEventBus         - Firing event: MenuEvent[type=NEW_GAME]
21:04:25.658 [FXGL Background Thread 1 ] DEBUG InitAppTask          - Initializing Assets
21:04:25.659 [FXGL Background Thread 1 ] DEBUG FXGLAssetLoader      - Loading from disk: /assets/sounds/softbrickhit.wav
21:04:25.684 [FXGL Background Thread 1 ] DEBUG FXGLAssetLoader      - Loading from disk: /assets/sounds/stonebrickhit.wav
21:04:25.689 [FXGL Background Thread 1 ] DEBUG FXGLAssetLoader      - Loading from disk: /assets/sounds/ballwall.wav
21:04:25.692 [FXGL Background Thread 1 ] DEBUG FXGLAssetLoader      - Loading from disk: /assets/sounds/batball.wav
21:04:25.699 [FXGL Background Thread 1 ] DEBUG FXGLAssetLoader      - Loading from disk: /assets/sounds/ballfalling.wav
21:04:25.705 [FXGL Background Thread 1 ] DEBUG FXGLAssetLoader      - Loading from disk: /assets/sounds/bonus.wav
21:04:25.709 [FXGL Background Thread 1 ] DEBUG FXGLAssetLoader      - Loading from disk: /assets/sounds/discount.wav
21:04:25.712 [FXGL Background Thread 1 ] DEBUG FXGLAssetLoader      - Loading from disk: /assets/sounds/metalbrickhit.wav
21:04:25.714 [FXGL Background Thread 1 ] DEBUG FXGLAssetLoader      - Loading from disk: /assets/sounds/poisonbrickhit.wav
21:04:25.718 [FXGL Background Thread 1 ] DEBUG FXGLAssetLoader      - Loading from disk: /assets/sounds/losegame.wav
21:04:25.720 [FXGL Background Thread 1 ] DEBUG FXGLAssetLoader      - Loading from disk: /assets/sounds/nextlevel.wav
21:04:25.723 [FXGL Background Thread 1 ] DEBUG InitAppTask          - Initializing Game
21:04:25.777 [FXGL Background Thread 1 ] DEBUG FXGLAssetLoader      - Loading from disk: /assets/ui/main.fxml
21:04:25.809 [FXGL Background Thread 1 ] DEBUG GameScene            - Adding UI node: Pane@6498e6d5
21:04:25.812 [FXGL Background Thread 1 ] DEBUG GameScene            - Adding UI node: Overlay@3ed151b7
21:04:25.816 [FXGL Background Thread 1 ] DEBUG InitAppTask          - Initializing Physics
21:04:25.819 [FXGL Background Thread 1 ] DEBUG InitAppTask          - Initializing UI
21:04:25.820 [FXGL Background Thread 1 ] DEBUG FXGLAssetLoader      - Loading from disk: /assets/ui/main.fxml
21:04:25.833 [FXGL Background Thread 1 ] DEBUG GameScene            - Adding UI node: Pane@22bfcd9a
21:04:25.833 [FXGL Background Thread 1 ] DEBUG GameScene            - Adding UI node: Overlay@23e895c7
21:04:25.834 [FXGL Background Thread 1 ] DEBUG InitAppTask          - Initialization Complete
21:04:25.836 [JavaFX Application Thread] DEBUG FXGLInput            - Clearing active input actions
21:04:25.837 [JavaFX Application Thread] DEBUG FXGLMasterTimer      - Starting master timer
21:04:25.837 [JavaFX Application Thread] DEBUG GameApplication      - State: LOADING -> PLAYING
21:04:25.844 [JavaFX Application Thread] DEBUG FXGLEventBus         - Firing event: FXGLEvent[type=RESUME]
21:04:25.849 [JavaFX Application Thread] DEBUG GameScene            - Entity added to scene
21:04:25.850 [JavaFX Application Thread] DEBUG GameScene            - Added MainViewComponent
21:04:25.853 [JavaFX Application Thread] DEBUG GameScene            - Creating render group for layer: TOP(2147483647)
21:04:25.942 [JavaFX Application Thread] DEBUG GameScene            - Entity added to scene
21:04:25.942 [JavaFX Application Thread] DEBUG GameScene            - Added MainViewComponent
21:04:25.943 [JavaFX Application Thread] DEBUG GameScene            - Entity added to scene
21:04:25.943 [JavaFX Application Thread] DEBUG GameScene            - Added MainViewComponent
21:04:25.944 [JavaFX Application Thread] DEBUG GameScene            - Entity added to scene
21:04:25.944 [JavaFX Application Thread] DEBUG GameScene            - Entity added to scene
21:04:25.944 [JavaFX Application Thread] DEBUG GameScene            - Added MainViewComponent
21:04:25.944 [JavaFX Application Thread] DEBUG GameScene            - Entity added to scene
21:04:25.944 [JavaFX Application Thread] DEBUG GameScene            - Added MainViewComponent
21:04:25.945 [JavaFX Application Thread] DEBUG GameScene            - Entity added to scene
21:04:25.945 [JavaFX Application Thread] DEBUG GameScene            - Added MainViewComponent
21:04:25.945 [JavaFX Application Thread] DEBUG GameScene            - Entity added to scene
21:04:25.945 [JavaFX Application Thread] DEBUG GameScene            - Added MainViewComponent
21:04:25.945 [JavaFX Application Thread] DEBUG GameScene            - Entity added to scene
21:04:25.945 [JavaFX Application Thread] DEBUG GameScene            - Added MainViewComponent
21:04:25.946 [JavaFX Application Thread] DEBUG GameScene            - Entity added to scene
21:04:25.946 [JavaFX Application Thread] DEBUG GameScene            - Added MainViewComponent
21:04:25.946 [JavaFX Application Thread] DEBUG GameScene            - Entity added to scene
21:04:25.946 [JavaFX Application Thread] DEBUG GameScene            - Added MainViewComponent
21:04:25.946 [JavaFX Application Thread] DEBUG GameScene            - Entity added to scene
21:04:25.947 [JavaFX Application Thread] DEBUG GameScene            - Added MainViewComponent
21:04:25.947 [JavaFX Application Thread] DEBUG GameScene            - Entity added to scene
21:04:25.947 [JavaFX Application Thread] DEBUG GameScene            - Added MainViewComponent
21:04:25.948 [JavaFX Application Thread] DEBUG GameScene            - Entity added to scene
21:04:25.948 [JavaFX Application Thread] DEBUG GameScene            - Added MainViewComponent
21:04:25.948 [JavaFX Application Thread] DEBUG GameScene            - Entity added to scene
21:04:25.948 [JavaFX Application Thread] DEBUG GameScene            - Added MainViewComponent
21:04:25.948 [JavaFX Application Thread] DEBUG GameScene            - Entity added to scene
21:04:25.949 [JavaFX Application Thread] DEBUG GameScene            - Added MainViewComponent
21:04:25.949 [JavaFX Application Thread] DEBUG GameScene            - Entity added to scene
21:04:25.949 [JavaFX Application Thread] DEBUG GameScene            - Added MainViewComponent
21:04:25.949 [JavaFX Application Thread] DEBUG GameScene            - Entity added to scene
21:04:25.949 [JavaFX Application Thread] DEBUG GameScene            - Added MainViewComponent
21:04:25.950 [JavaFX Application Thread] DEBUG GameScene            - Entity added to scene
21:04:25.950 [JavaFX Application Thread] DEBUG GameScene            - Added MainViewComponent
21:04:27.022 [JavaFX Application Thread] DEBUG GameScene            - Entity removed from scene
21:04:27.023 [JavaFX Application Thread] DEBUG GameScene            - Removed MainViewComponent
21:04:27.918 [JavaFX Application Thread] DEBUG FXGLEventBus         - Firing event: DisplayEvent[type=DIALOG_OPENED]
21:04:27.918 [JavaFX Application Thread] DEBUG FXGLInput            - Clearing active input actions
21:04:27.918 [JavaFX Application Thread] DEBUG FXGLMasterTimer      - Stopping master timer
21:04:27.919 [JavaFX Application Thread] DEBUG GameApplication      - State: PLAYING -> PAUSED
21:04:27.919 [JavaFX Application Thread] DEBUG FXGLEventBus         - Firing event: FXGLEvent[type=PAUSE]
21:04:27.919 [JavaFX Application Thread] DEBUG FXGLInput            - Clearing active input actions
21:04:29.007 [JavaFX Application Thread] DEBUG FXGLEventBus         - Firing event: DisplayEvent[type=DIALOG_CLOSED]
21:04:29.008 [JavaFX Application Thread] DEBUG FXGLInput            - Clearing active input actions
21:04:29.008 [JavaFX Application Thread] DEBUG FXGLMasterTimer      - Starting master timer
21:04:29.008 [JavaFX Application Thread] DEBUG GameApplication      - State: PAUSED -> PLAYING
21:04:29.008 [JavaFX Application Thread] DEBUG FXGLEventBus         - Firing event: FXGLEvent[type=RESUME]
21:04:29.009 [JavaFX Application Thread] DEBUG FXGLEventBus         - Firing event: DisplayEvent[type=CLOSE_REQUEST]
21:04:29.010 [JavaFX Application Thread] DEBUG FXGLEventBus         - Firing event: FXGLEvent[type=EXIT]
21:04:29.010 [JavaFX Application Thread] DEBUG FXGLEventBus         - Firing event: SaveEvent
21:04:29.011 [JavaFX Application Thread] DEBUG FXGLInput            - Saving data to profile
21:04:29.011 [JavaFX Application Thread] DEBUG Bundle               - Logging bundle: input
21:04:29.011 [JavaFX Application Thread] DEBUG Bundle               - input.Pass=T
21:04:29.011 [JavaFX Application Thread] DEBUG Bundle               - input.Right=D
21:04:29.011 [JavaFX Application Thread] DEBUG Bundle               - input.Screenshot=P
21:04:29.011 [JavaFX Application Thread] DEBUG Bundle               - input.Restart=R
21:04:29.011 [JavaFX Application Thread] DEBUG Bundle               - input.Dev Options=CTRL+0
21:04:29.011 [JavaFX Application Thread] DEBUG Bundle               - input.Left=A
21:04:29.011 [JavaFX Application Thread] DEBUG FXGLDisplay          - Saving data to profile
21:04:29.011 [JavaFX Application Thread] DEBUG Bundle               - Logging bundle: scene
21:04:29.011 [JavaFX Application Thread] DEBUG Bundle               - scene.sizeW=600.0
21:04:29.011 [JavaFX Application Thread] DEBUG Bundle               - scene.sizeH=600.0
21:04:29.011 [JavaFX Application Thread] DEBUG FXGLAudioPlayer      - Saving data to profile
21:04:29.011 [JavaFX Application Thread] DEBUG Bundle               - Logging bundle: audio
21:04:29.014 [JavaFX Application Thread] DEBUG Bundle               - audio.musicVolume=0.5
21:04:29.014 [JavaFX Application Thread] DEBUG Bundle               - audio.soundVolume=0.5
21:04:29.014 [JavaFX Application Thread] DEBUG AchievementManager   - Saving data to profile
21:04:29.014 [JavaFX Application Thread] DEBUG Bundle               - Logging bundle: achievement
21:04:29.014 [JavaFX Application Thread] DEBUG FXGLMasterTimer      - Saving data to profile
21:04:29.014 [JavaFX Application Thread] DEBUG Bundle               - Logging bundle: timer
21:04:29.014 [JavaFX Application Thread] DEBUG Bundle               - timer.playtime=9988901257168
21:04:29.015 [JavaFX Application Thread] DEBUG SaveLoadManager      - Saving profile: Gabriel
21:04:29.017 [JavaFX Application Thread] DEBUG IOTask               - Executing task: writeDataTask(./profiles/Gabriel/user.profile)
21:04:29.017 [JavaFX Application Thread] DEBUG IOTask               - Executing task: writeDataTask(./profiles/Gabriel/user.profile)
21:04:29.019 [JavaFX Application Thread] DEBUG FS                   - Writing to: ./profiles/Gabriel/user.profile
21:04:29.024 [JavaFX Application Thread] DEBUG IOTask               - Executing task: checkSavesDir(./profiles/Gabriel/saves/)
21:04:29.024 [JavaFX Application Thread] DEBUG IOTask               - Task succeeded: writeDataTask(./profiles/Gabriel/user.profile)
21:04:29.024 [JavaFX Application Thread] DEBUG FXGL                 - Saving FXGL system data
21:04:29.025 [JavaFX Application Thread] DEBUG IOTask               - Executing task: writeDataTask(system/fxgl.bundle)
21:04:29.025 [JavaFX Application Thread] DEBUG FS                   - Writing to: system/fxgl.bundle
21:04:29.028 [JavaFX Application Thread] DEBUG IOTask               - Task succeeded: writeDataTask(system/fxgl.bundle)
