12:00:59.682 [FXGL Launcher Thread     ] DEBUG FXGLLoggerFactory    - Service [LoggerFactory] initialized
12:00:59.688 [FXGL Launcher Thread     ] DEBUG FXGL                 - FXGL configuration complete
12:00:59.689 [FXGL Launcher Thread     ] DEBUG FXGL                 - Loading FXGL system data
12:00:59.692 [FXGL Launcher Thread     ] DEBUG IOTask               - Executing task: readDataTask(system/fxgl.bundle)
12:00:59.695 [FXGL Launcher Thread     ] DEBUG FS                   - Reading from: system/fxgl.bundle
12:00:59.704 [FXGL Launcher Thread     ] DEBUG IOTask               - Task succeeded: readDataTask(system/fxgl.bundle)
12:00:59.704 [FXGL Launcher Thread     ] DEBUG Bundle               - Logging bundle: FXGL
12:00:59.705 [FXGL Launcher Thread     ] DEBUG Bundle               - FXGL.offline.timer.version.check=2016-12-11T13:15:22.017
12:00:59.713 [FXGL Launcher Thread     ] DEBUG GameApplication      - Configuring GameApplication
12:00:59.718 [FXGL Launcher Thread     ] DEBUG FXGLExceptionHandler - Service [ExceptionHandler] initialized
12:00:59.720 [FXGL Launcher Thread     ] DEBUG FXGLEventBus         - Service [EventBus] initialized
12:00:59.724 [FXGL Launcher Thread     ] DEBUG FXGLExecutor         - Service [Executor] initialized
12:00:59.724 [FXGL Launcher Thread     ] DEBUG PreInitTask          - Injecting gameWorld & physicsWorld
12:00:59.732 [FXGL Launcher Thread     ] DEBUG GameWorld            - Game world initialized
12:00:59.794 [FXGL Launcher Thread     ] DEBUG FXGLPooler           - Service [Pooler] initialized with default size = 128
12:00:59.794 [FXGL Launcher Thread     ] DEBUG PhysicsWorld         - Physics world initialized: appHeight=600,0, physics.ppm=50,0
12:00:59.796 [FXGL Launcher Thread     ] DEBUG FXGLInput            - Service [Input] initialized
12:00:59.823 [FXGL Launcher Thread     ] DEBUG FXGLInput            - Registered new binding: Screenshot - P
12:00:59.823 [FXGL Launcher Thread     ] DEBUG FXGLInput            - Registered new binding: Dev Options - CTRL+0
12:00:59.825 [FXGL Launcher Thread     ] DEBUG FXGLInput            - Registered new binding: Left - A
12:00:59.825 [FXGL Launcher Thread     ] DEBUG FXGLInput            - Registered new binding: Pass - T
12:00:59.825 [FXGL Launcher Thread     ] DEBUG FXGLInput            - Registered new binding: Right - D
12:00:59.825 [FXGL Launcher Thread     ] DEBUG FXGLInput            - Registered new binding: Restart - R
12:00:59.858 [FXGL Launcher Thread     ] DEBUG GameScene            - Game scene initialized: 600.0x600.0
12:00:59.870 [FXGL Launcher Thread     ] DEBUG FXGLAssetLoader      - Service [AssetLoader] initialized: cacheSize=35
12:00:59.882 [FXGL Launcher Thread     ] DEBUG FXGLAssetLoader      - Loading from disk: /assets/sounds/system/notification.wav
12:00:59.973 [FXGL Launcher Thread     ] DEBUG FXGLAssetLoader      - Loading from disk: /assets/sounds/menu/select.wav
12:00:59.975 [FXGL Launcher Thread     ] DEBUG FXGLAssetLoader      - Loading from disk: /assets/sounds/menu/back.wav
12:00:59.976 [FXGL Launcher Thread     ] DEBUG FXGLAssetLoader      - Loading from disk: /assets/sounds/menu/press.wav
12:00:59.979 [FXGL Launcher Thread     ] DEBUG FXGLAssetLoader      - Loading from disk: /assets/ui/fonts/swerve.ttf
12:01:00.012 [FXGL Launcher Thread     ] DEBUG FXGLAssetLoader      - Loading from disk: /assets/ui/css/fxgl.css
12:01:00.012 [FXGL Launcher Thread     ] DEBUG FXGLAssetLoader      - Loading from disk: /assets/ui/icons/fxgl_icon.png
12:01:00.068 [FXGL Launcher Thread     ] DEBUG FXGLEventBus         - Firing event: SaveEvent
12:01:00.116 [FXGL Launcher Thread     ] DEBUG FXGLAssetLoader      - Loading from disk: /assets/ui/css/fxgl_dark.css
12:01:00.125 [FXGL Launcher Thread     ] DEBUG FXGLDisplay          - Target size: DoubleProperty [value: 600.0] x DoubleProperty [value: 600.0] @ 1.0
12:01:00.126 [FXGL Launcher Thread     ] DEBUG FXGLDisplay          - New size:    600.0 x 600.0 @ DoubleProperty [value: 1.0]
12:01:00.126 [FXGL Launcher Thread     ] DEBUG FXGLDisplay          - Service [Display] initialized
12:01:00.126 [FXGL Launcher Thread     ] DEBUG FXGLDisplay          - Using CSS: CSS(externalForm=jar:file:/Users/gabriel/.m2/repository/com/github/AlmasB/FXGL/0.2.8/FXGL-0.2.8.jar!/assets/ui/css/fxgl_dark.css)
12:01:00.127 [FXGL Launcher Thread     ] DEBUG InitScenesTask       - Injecting mainMenuScene & gameMenuScene
12:01:00.127 [FXGL Launcher Thread     ] DEBUG InitScenesTask       - Injecting loadingScene & gameScene
12:01:00.277 [FXGL Launcher Thread     ] DEBUG FXGLMasterTimer      - Service [MasterTimer] initialized
12:01:00.280 [FXGL Launcher Thread     ] DEBUG FXGLAudioPlayer      - Service [AudioPlayer] initialized
12:01:00.289 [FXGL Launcher Thread     ] DEBUG GameApplication      - State: STARTUP -> MAIN_MENU
12:01:00.365 [FXGL Launcher Thread     ] DEBUG SaveLoadManager      - Checking profiles dir: profiles/
12:01:00.366 [FXGL Launcher Thread     ] DEBUG SaveLoadManager      - Loading profile names
12:01:00.369 [FXGL Launcher Thread     ] DEBUG IOTask               - Showing dialog
12:01:00.386 [FXGL Launcher Thread     ] DEBUG FXGLEventBus         - Firing event: DisplayEvent[type=DIALOG_OPENED]
12:01:00.387 [FXGL Launcher Thread     ] DEBUG FXGLInput            - Clearing active input actions
12:01:00.391 [FXGL Background Thread 1 ] DEBUG IOTask               - Executing task: loadDirectoryNamesTask(./profiles/, false)
12:01:00.572 [JavaFX Application Thread] DEBUG FXGLDisplay          - Showing stage
12:01:00.572 [JavaFX Application Thread] DEBUG FXGLDisplay          - Root size: 600.0x600.0
12:01:00.572 [JavaFX Application Thread] DEBUG FXGLDisplay          - Scene size: 600.0x600.0
12:01:00.572 [JavaFX Application Thread] DEBUG FXGLDisplay          - Stage size: 600.0x622.0
12:01:00.672 [JavaFX Application Thread] DEBUG IOTask               - succeed(): Dismissing dialog
12:01:00.674 [JavaFX Application Thread] DEBUG FXGLEventBus         - Firing event: DisplayEvent[type=DIALOG_CLOSED]
12:01:00.674 [JavaFX Application Thread] DEBUG IOTask               - Task succeeded: loadDirectoryNamesTask(./profiles/, false)
12:01:00.687 [JavaFX Application Thread] DEBUG FXGLEventBus         - Firing event: DisplayEvent[type=DIALOG_OPENED]
12:01:00.687 [JavaFX Application Thread] DEBUG FXGLInput            - Clearing active input actions
12:01:01.811 [JavaFX Application Thread] DEBUG FXGLEventBus         - Firing event: DisplayEvent[type=DIALOG_CLOSED]
12:01:01.812 [JavaFX Application Thread] DEBUG SaveLoadManager      - Loading profile: Gabriel
12:01:01.814 [JavaFX Application Thread] DEBUG IOTask               - Showing dialog
12:01:01.821 [JavaFX Application Thread] DEBUG FXGLEventBus         - Firing event: DisplayEvent[type=DIALOG_OPENED]
12:01:01.821 [JavaFX Application Thread] DEBUG FXGLInput            - Clearing active input actions
12:01:01.821 [FXGL Background Thread 1 ] DEBUG IOTask               - Executing task: readDataTask(./profiles/Gabriel/user.profile)
12:01:01.822 [FXGL Background Thread 1 ] DEBUG FS                   - Reading from: ./profiles/Gabriel/user.profile
12:01:01.843 [JavaFX Application Thread] DEBUG IOTask               - succeed(): Dismissing dialog
12:01:01.844 [JavaFX Application Thread] DEBUG FXGLEventBus         - Firing event: DisplayEvent[type=DIALOG_CLOSED]
12:01:01.844 [JavaFX Application Thread] DEBUG IOTask               - Task succeeded: readDataTask(./profiles/Gabriel/user.profile)
12:01:01.845 [JavaFX Application Thread] DEBUG FXGLEventBus         - Firing event: LoadEvent[type=LOAD_PROFILE]
12:01:01.845 [JavaFX Application Thread] DEBUG FXGLInput            - Loading data from profile
12:01:01.845 [JavaFX Application Thread] DEBUG Bundle               - Logging bundle: input
12:01:01.845 [JavaFX Application Thread] DEBUG Bundle               - input.Pass=T
12:01:01.845 [JavaFX Application Thread] DEBUG Bundle               - input.Right=D
12:01:01.845 [JavaFX Application Thread] DEBUG Bundle               - input.Screenshot=P
12:01:01.845 [JavaFX Application Thread] DEBUG Bundle               - input.Restart=R
12:01:01.845 [JavaFX Application Thread] DEBUG Bundle               - input.Dev Options=CTRL+0
12:01:01.845 [JavaFX Application Thread] DEBUG Bundle               - input.Left=A
12:01:01.846 [JavaFX Application Thread] DEBUG FXGLDisplay          - Loading data from profile
12:01:01.846 [JavaFX Application Thread] DEBUG Bundle               - Logging bundle: scene
12:01:01.846 [JavaFX Application Thread] DEBUG Bundle               - scene.sizeW=600.0
12:01:01.846 [JavaFX Application Thread] DEBUG Bundle               - scene.sizeH=600.0
12:01:01.846 [JavaFX Application Thread] DEBUG FXGLDisplay          - Target size: DoubleProperty [value: 600.0] x DoubleProperty [value: 600.0] @ 1.0
12:01:01.846 [JavaFX Application Thread] DEBUG FXGLDisplay          - New size:    600.0 x 600.0 @ DoubleProperty [value: 1.0]
12:01:01.878 [JavaFX Application Thread] DEBUG FXGLAudioPlayer      - Loading data from profile
12:01:01.878 [JavaFX Application Thread] DEBUG Bundle               - Logging bundle: audio
12:01:01.878 [JavaFX Application Thread] DEBUG Bundle               - audio.musicVolume=0.5
12:01:01.878 [JavaFX Application Thread] DEBUG Bundle               - audio.soundVolume=0.5
12:01:01.880 [JavaFX Application Thread] DEBUG AchievementManager   - Service [AchievementManager] initialized
12:01:01.880 [JavaFX Application Thread] DEBUG AchievementManager   - Loading data from profile
12:01:01.880 [JavaFX Application Thread] DEBUG Bundle               - Logging bundle: achievement
12:01:01.880 [JavaFX Application Thread] DEBUG FXGLMasterTimer      - Loading data from profile
12:01:01.880 [JavaFX Application Thread] DEBUG Bundle               - Logging bundle: timer
12:01:01.880 [JavaFX Application Thread] DEBUG Bundle               - timer.playtime=8044036869675
12:01:01.882 [JavaFX Application Thread] DEBUG SaveLoadManager      - Loading last modified save file
12:01:01.882 [JavaFX Application Thread] DEBUG SaveLoadManager      - Loading save files
12:01:01.886 [JavaFX Application Thread] DEBUG IOTask               - Showing dialog
12:01:01.896 [JavaFX Application Thread] DEBUG FXGLEventBus         - Firing event: DisplayEvent[type=DIALOG_OPENED]
12:01:01.896 [JavaFX Application Thread] DEBUG FXGLInput            - Clearing active input actions
12:01:01.897 [FXGL Background Thread 1 ] DEBUG IOTask               - Executing task: loadFileNamesTask(./profiles/Gabriel/saves/, true, [FileExtension(extension=.sav)])
12:01:01.897 [FXGL Background Thread 1 ] DEBUG IOTask               - Executing task: loadFileNamesTask(./profiles/Gabriel/saves/, true, [FileExtension(extension=.sav)])
12:01:01.897 [FXGL Background Thread 1 ] DEBUG IOTask               - Executing task: loadFileNamesTask(./profiles/Gabriel/saves/, true, [FileExtension(extension=.sav)])
12:01:01.902 [FXGL Background Thread 1 ] DEBUG IOTask               - Executing task: readSaveFiles
12:01:01.905 [FXGL Background Thread 1 ] DEBUG IOTask               - Executing task: findLastSave
12:01:01.954 [JavaFX Application Thread] DEBUG IOTask               - fail(): Dismissing dialog
12:01:01.955 [JavaFX Application Thread] DEBUG FXGLEventBus         - Firing event: DisplayEvent[type=DIALOG_CLOSED]
12:01:01.955 [JavaFX Application Thread] WARN  IOTask               - Task failed: loadFileNamesTask(./profiles/Gabriel/saves/, true, [FileExtension(extension=.sav)]) Error: java.io.FileNotFoundException: No save files found
12:01:01.955 [JavaFX Application Thread] DEBUG FXGLEventBus         - Firing event: ProfileSelectedEvent[name=Gabriel,hasSaves=false]
12:01:02.608 [JavaFX Application Thread] DEBUG Menu                 - fireNewGame()
12:01:02.609 [JavaFX Application Thread] DEBUG GameApplication      - Starting new game
12:01:02.610 [JavaFX Application Thread] DEBUG GameApplication      - Initializing App
12:01:02.612 [JavaFX Application Thread] DEBUG FXGLInput            - Clearing active input actions
12:01:02.613 [JavaFX Application Thread] DEBUG FXGLMasterTimer      - Stopping master timer
12:01:02.613 [JavaFX Application Thread] DEBUG GameApplication      - State: MAIN_MENU -> PAUSED
12:01:02.613 [JavaFX Application Thread] DEBUG FXGLEventBus         - Firing event: FXGLEvent[type=PAUSE]
12:01:02.614 [JavaFX Application Thread] DEBUG FXGLInput            - Clearing active input actions
12:01:02.614 [JavaFX Application Thread] DEBUG FXGLMasterTimer      - Resetting ticks and clearing all actions
12:01:02.614 [JavaFX Application Thread] DEBUG GameWorld            - Resetting game world
12:01:02.615 [JavaFX Application Thread] TRACE EntityWorld          - Resetting entity world
12:01:02.617 [JavaFX Application Thread] DEBUG PhysicsWorld         - Resetting physics world
12:01:02.617 [JavaFX Application Thread] DEBUG GameScene            - Resetting game scene
12:01:02.617 [JavaFX Application Thread] DEBUG FXGLEventBus         - Firing event: FXGLEvent[type=RESET]
12:01:02.687 [JavaFX Application Thread] DEBUG GameApplication      - State: PAUSED -> LOADING
12:01:02.694 [JavaFX Application Thread] DEBUG FXGLEventBus         - Firing event: MenuEvent[type=NEW_GAME]
12:01:02.694 [FXGL Background Thread 1 ] DEBUG InitAppTask          - Initializing Assets
12:01:02.696 [FXGL Background Thread 1 ] DEBUG FXGLAssetLoader      - Loading from disk: /assets/sounds/softbrickhit.wav
12:01:02.763 [FXGL Background Thread 1 ] DEBUG FXGLAssetLoader      - Loading from disk: /assets/sounds/stonebrickhit.wav
12:01:02.768 [FXGL Background Thread 1 ] DEBUG FXGLAssetLoader      - Loading from disk: /assets/sounds/ballwall.wav
12:01:02.770 [FXGL Background Thread 1 ] DEBUG FXGLAssetLoader      - Loading from disk: /assets/sounds/batball.wav
12:01:02.772 [FXGL Background Thread 1 ] DEBUG FXGLAssetLoader      - Loading from disk: /assets/sounds/ballfalling.wav
12:01:02.777 [FXGL Background Thread 1 ] DEBUG FXGLAssetLoader      - Loading from disk: /assets/sounds/bonus.wav
12:01:02.781 [FXGL Background Thread 1 ] DEBUG FXGLAssetLoader      - Loading from disk: /assets/sounds/discount.wav
12:01:02.785 [FXGL Background Thread 1 ] DEBUG FXGLAssetLoader      - Loading from disk: /assets/sounds/metalbrickhit.wav
12:01:02.788 [FXGL Background Thread 1 ] DEBUG InitAppTask          - Initializing Game
12:01:02.860 [FXGL Background Thread 1 ] DEBUG FXGLAssetLoader      - Loading from disk: /assets/ui/main.fxml
12:01:02.903 [FXGL Background Thread 1 ] DEBUG GameScene            - Adding UI node: Pane@64ddfd53
12:01:02.908 [FXGL Background Thread 1 ] DEBUG GameScene            - Adding UI node: Overlay@69e3459a
12:01:02.912 [FXGL Background Thread 1 ] DEBUG InitAppTask          - Initializing Physics
12:01:02.913 [FXGL Background Thread 1 ] DEBUG InitAppTask          - Initializing UI
12:01:02.913 [FXGL Background Thread 1 ] DEBUG FXGLAssetLoader      - Loading from disk: /assets/ui/main.fxml
12:01:02.919 [FXGL Background Thread 1 ] DEBUG GameScene            - Adding UI node: Pane@77ca74c1
12:01:02.919 [FXGL Background Thread 1 ] DEBUG GameScene            - Adding UI node: Overlay@3983ac12
12:01:02.919 [FXGL Background Thread 1 ] DEBUG InitAppTask          - Initialization Complete
12:01:02.922 [JavaFX Application Thread] DEBUG FXGLInput            - Clearing active input actions
12:01:02.923 [JavaFX Application Thread] DEBUG FXGLMasterTimer      - Starting master timer
12:01:02.923 [JavaFX Application Thread] DEBUG GameApplication      - State: LOADING -> PLAYING
12:01:02.929 [JavaFX Application Thread] DEBUG FXGLEventBus         - Firing event: FXGLEvent[type=RESUME]
12:01:02.934 [JavaFX Application Thread] DEBUG GameScene            - Entity added to scene
12:01:02.935 [JavaFX Application Thread] DEBUG GameScene            - Added MainViewComponent
12:01:02.939 [JavaFX Application Thread] DEBUG GameScene            - Creating render group for layer: TOP(2147483647)
12:01:03.023 [JavaFX Application Thread] DEBUG GameScene            - Entity added to scene
12:01:03.023 [JavaFX Application Thread] DEBUG GameScene            - Added MainViewComponent
12:01:03.024 [JavaFX Application Thread] DEBUG GameScene            - Entity added to scene
12:01:03.024 [JavaFX Application Thread] DEBUG GameScene            - Added MainViewComponent
12:01:03.025 [JavaFX Application Thread] DEBUG GameScene            - Entity added to scene
12:01:03.025 [JavaFX Application Thread] DEBUG GameScene            - Entity added to scene
12:01:03.025 [JavaFX Application Thread] DEBUG GameScene            - Added MainViewComponent
12:01:03.025 [JavaFX Application Thread] DEBUG GameScene            - Entity added to scene
12:01:03.025 [JavaFX Application Thread] DEBUG GameScene            - Added MainViewComponent
12:01:03.026 [JavaFX Application Thread] DEBUG GameScene            - Entity added to scene
12:01:03.026 [JavaFX Application Thread] DEBUG GameScene            - Added MainViewComponent
12:01:03.026 [JavaFX Application Thread] DEBUG GameScene            - Entity added to scene
12:01:03.026 [JavaFX Application Thread] DEBUG GameScene            - Added MainViewComponent
12:01:03.026 [JavaFX Application Thread] DEBUG GameScene            - Entity added to scene
12:01:03.026 [JavaFX Application Thread] DEBUG GameScene            - Added MainViewComponent
12:01:03.027 [JavaFX Application Thread] DEBUG GameScene            - Entity added to scene
12:01:03.027 [JavaFX Application Thread] DEBUG GameScene            - Added MainViewComponent
12:01:03.027 [JavaFX Application Thread] DEBUG GameScene            - Entity added to scene
12:01:03.027 [JavaFX Application Thread] DEBUG GameScene            - Added MainViewComponent
12:01:03.027 [JavaFX Application Thread] DEBUG GameScene            - Entity added to scene
12:01:03.027 [JavaFX Application Thread] DEBUG GameScene            - Added MainViewComponent
12:01:03.028 [JavaFX Application Thread] DEBUG GameScene            - Entity added to scene
12:01:03.028 [JavaFX Application Thread] DEBUG GameScene            - Added MainViewComponent
12:01:03.028 [JavaFX Application Thread] DEBUG GameScene            - Entity added to scene
12:01:03.028 [JavaFX Application Thread] DEBUG GameScene            - Added MainViewComponent
12:01:03.029 [JavaFX Application Thread] DEBUG GameScene            - Entity added to scene
12:01:03.029 [JavaFX Application Thread] DEBUG GameScene            - Added MainViewComponent
12:01:03.029 [JavaFX Application Thread] DEBUG GameScene            - Entity added to scene
12:01:03.029 [JavaFX Application Thread] DEBUG GameScene            - Added MainViewComponent
12:01:03.029 [JavaFX Application Thread] DEBUG GameScene            - Entity added to scene
12:01:03.029 [JavaFX Application Thread] DEBUG GameScene            - Added MainViewComponent
12:01:03.030 [JavaFX Application Thread] DEBUG GameScene            - Entity added to scene
12:01:03.030 [JavaFX Application Thread] DEBUG GameScene            - Added MainViewComponent
12:01:03.030 [JavaFX Application Thread] DEBUG GameScene            - Entity added to scene
12:01:03.030 [JavaFX Application Thread] DEBUG GameScene            - Added MainViewComponent
12:01:09.091 [JavaFX Application Thread] DEBUG GameScene            - Entity removed from scene
12:01:09.091 [JavaFX Application Thread] DEBUG GameScene            - Removed MainViewComponent
12:01:13.546 [JavaFX Application Thread] DEBUG GameScene            - Entity removed from scene
12:01:13.546 [JavaFX Application Thread] DEBUG GameScene            - Removed MainViewComponent
12:01:20.303 [JavaFX Application Thread] DEBUG GameScene            - Entity added to scene
12:01:20.303 [JavaFX Application Thread] DEBUG GameScene            - Added MainViewComponent
12:01:20.304 [JavaFX Application Thread] DEBUG GameScene            - Entity removed from scene
12:01:20.304 [JavaFX Application Thread] DEBUG GameScene            - Removed MainViewComponent
12:01:20.305 [JavaFX Application Thread] DEBUG GameScene            - Entity removed from scene
12:01:20.305 [JavaFX Application Thread] DEBUG GameScene            - Removed MainViewComponent
12:01:23.839 [JavaFX Application Thread] DEBUG GameScene            - Entity added to scene
12:01:23.840 [JavaFX Application Thread] DEBUG GameScene            - Added MainViewComponent
12:01:23.841 [JavaFX Application Thread] DEBUG GameScene            - Entity removed from scene
12:01:23.841 [JavaFX Application Thread] DEBUG GameScene            - Removed MainViewComponent
12:01:25.105 [JavaFX Application Thread] DEBUG GameScene            - Entity removed from scene
12:01:25.105 [JavaFX Application Thread] DEBUG GameScene            - Removed MainViewComponent
12:01:26.403 [JavaFX Application Thread] DEBUG GameScene            - Entity removed from scene
12:01:26.403 [JavaFX Application Thread] DEBUG GameScene            - Removed MainViewComponent
12:01:28.902 [JavaFX Application Thread] DEBUG GameScene            - Entity removed from scene
12:01:28.902 [JavaFX Application Thread] DEBUG GameScene            - Removed MainViewComponent
12:01:31.518 [JavaFX Application Thread] DEBUG GameScene            - Entity removed from scene
12:01:31.518 [JavaFX Application Thread] DEBUG GameScene            - Removed MainViewComponent
12:01:32.125 [JavaFX Application Thread] DEBUG GameScene            - Entity removed from scene
12:01:32.126 [JavaFX Application Thread] DEBUG GameScene            - Removed MainViewComponent
12:01:33.902 [JavaFX Application Thread] DEBUG GameScene            - Entity removed from scene
12:01:33.902 [JavaFX Application Thread] DEBUG GameScene            - Removed MainViewComponent
12:01:35.512 [JavaFX Application Thread] DEBUG GameScene            - Entity added to scene
12:01:35.512 [JavaFX Application Thread] DEBUG GameScene            - Added MainViewComponent
12:01:35.515 [JavaFX Application Thread] DEBUG GameScene            - Entity added to scene
12:01:35.515 [JavaFX Application Thread] DEBUG GameScene            - Added MainViewComponent
12:01:35.516 [JavaFX Application Thread] DEBUG GameScene            - Entity removed from scene
12:01:35.516 [JavaFX Application Thread] DEBUG GameScene            - Removed MainViewComponent
12:01:36.549 [JavaFX Application Thread] DEBUG GameScene            - Entity removed from scene
12:01:36.549 [JavaFX Application Thread] DEBUG GameScene            - Removed MainViewComponent
12:01:43.257 [JavaFX Application Thread] DEBUG GameScene            - Entity removed from scene
12:01:43.258 [JavaFX Application Thread] DEBUG GameScene            - Removed MainViewComponent
12:01:44.869 [JavaFX Application Thread] DEBUG GameScene            - Entity added to scene
12:01:44.869 [JavaFX Application Thread] DEBUG GameScene            - Added MainViewComponent
12:01:44.869 [JavaFX Application Thread] DEBUG GameScene            - Entity added to scene
12:01:44.869 [JavaFX Application Thread] DEBUG GameScene            - Added MainViewComponent
12:01:44.870 [JavaFX Application Thread] DEBUG GameScene            - Entity removed from scene
12:01:44.870 [JavaFX Application Thread] DEBUG GameScene            - Removed MainViewComponent
12:01:45.887 [JavaFX Application Thread] DEBUG GameScene            - Entity removed from scene
12:01:45.887 [JavaFX Application Thread] DEBUG GameScene            - Removed MainViewComponent
12:01:46.414 [JavaFX Application Thread] DEBUG GameScene            - Entity removed from scene
12:01:46.414 [JavaFX Application Thread] DEBUG GameScene            - Removed MainViewComponent
12:01:48.699 [JavaFX Application Thread] DEBUG GameScene            - Entity added to scene
12:01:48.699 [JavaFX Application Thread] DEBUG GameScene            - Added MainViewComponent
12:01:48.700 [JavaFX Application Thread] DEBUG GameScene            - Entity added to scene
12:01:48.700 [JavaFX Application Thread] DEBUG GameScene            - Added MainViewComponent
12:01:48.700 [JavaFX Application Thread] DEBUG GameScene            - Entity removed from scene
12:01:48.700 [JavaFX Application Thread] DEBUG GameScene            - Removed MainViewComponent
12:01:49.718 [JavaFX Application Thread] DEBUG GameScene            - Entity removed from scene
12:01:49.718 [JavaFX Application Thread] DEBUG GameScene            - Removed MainViewComponent
12:01:51.691 [JavaFX Application Thread] DEBUG GameScene            - Entity added to scene
12:01:51.692 [JavaFX Application Thread] DEBUG GameScene            - Added MainViewComponent
12:01:51.692 [JavaFX Application Thread] DEBUG GameScene            - Entity added to scene
12:01:51.692 [JavaFX Application Thread] DEBUG GameScene            - Added MainViewComponent
12:01:51.693 [JavaFX Application Thread] DEBUG GameScene            - Entity removed from scene
12:01:51.693 [JavaFX Application Thread] DEBUG GameScene            - Removed MainViewComponent
12:01:52.300 [JavaFX Application Thread] DEBUG GameScene            - Entity added to scene
12:01:52.300 [JavaFX Application Thread] DEBUG GameScene            - Added MainViewComponent
12:01:52.300 [JavaFX Application Thread] DEBUG GameScene            - Entity added to scene
12:01:52.301 [JavaFX Application Thread] DEBUG GameScene            - Added MainViewComponent
12:01:52.301 [JavaFX Application Thread] DEBUG GameScene            - Entity removed from scene
12:01:52.301 [JavaFX Application Thread] DEBUG GameScene            - Removed MainViewComponent
12:01:52.761 [JavaFX Application Thread] DEBUG GameScene            - Entity removed from scene
12:01:52.761 [JavaFX Application Thread] DEBUG GameScene            - Removed MainViewComponent
12:01:53.401 [JavaFX Application Thread] DEBUG GameScene            - Entity removed from scene
12:01:53.401 [JavaFX Application Thread] DEBUG GameScene            - Removed MainViewComponent
12:01:59.996 [JavaFX Application Thread] DEBUG GameScene            - Entity removed from scene
12:01:59.996 [JavaFX Application Thread] DEBUG GameScene            - Removed MainViewComponent
12:02:01.191 [JavaFX Application Thread] WARN  EntityWorld          - Attempted to remove entity not attached to world
12:02:01.193 [JavaFX Application Thread] DEBUG GameScene            - Entity added to scene
12:02:01.193 [JavaFX Application Thread] DEBUG GameScene            - Added MainViewComponent
12:02:01.193 [JavaFX Application Thread] DEBUG GameScene            - Entity added to scene
12:02:01.193 [JavaFX Application Thread] DEBUG GameScene            - Added MainViewComponent
12:02:01.194 [JavaFX Application Thread] DEBUG GameScene            - Entity added to scene
12:02:01.194 [JavaFX Application Thread] DEBUG GameScene            - Added MainViewComponent
12:02:01.194 [JavaFX Application Thread] DEBUG GameScene            - Entity added to scene
12:02:01.194 [JavaFX Application Thread] DEBUG GameScene            - Added MainViewComponent
12:02:01.195 [JavaFX Application Thread] DEBUG GameScene            - Entity added to scene
12:02:01.195 [JavaFX Application Thread] DEBUG GameScene            - Added MainViewComponent
12:02:01.195 [JavaFX Application Thread] DEBUG GameScene            - Entity added to scene
12:02:01.195 [JavaFX Application Thread] DEBUG GameScene            - Added MainViewComponent
12:02:01.195 [JavaFX Application Thread] DEBUG GameScene            - Entity added to scene
12:02:01.195 [JavaFX Application Thread] DEBUG GameScene            - Added MainViewComponent
12:02:01.196 [JavaFX Application Thread] DEBUG GameScene            - Entity added to scene
12:02:01.196 [JavaFX Application Thread] DEBUG GameScene            - Added MainViewComponent
12:02:01.196 [JavaFX Application Thread] DEBUG GameScene            - Entity added to scene
12:02:01.196 [JavaFX Application Thread] DEBUG GameScene            - Added MainViewComponent
12:02:01.196 [JavaFX Application Thread] DEBUG GameScene            - Entity added to scene
12:02:01.196 [JavaFX Application Thread] DEBUG GameScene            - Added MainViewComponent
12:02:01.197 [JavaFX Application Thread] DEBUG GameScene            - Entity added to scene
12:02:01.197 [JavaFX Application Thread] DEBUG GameScene            - Added MainViewComponent
12:02:01.197 [JavaFX Application Thread] DEBUG GameScene            - Entity added to scene
12:02:01.197 [JavaFX Application Thread] DEBUG GameScene            - Added MainViewComponent
12:02:01.197 [JavaFX Application Thread] DEBUG GameScene            - Entity added to scene
12:02:01.197 [JavaFX Application Thread] DEBUG GameScene            - Added MainViewComponent
12:02:01.198 [JavaFX Application Thread] DEBUG GameScene            - Entity added to scene
12:02:01.198 [JavaFX Application Thread] DEBUG GameScene            - Added MainViewComponent
12:02:01.198 [JavaFX Application Thread] DEBUG GameScene            - Entity added to scene
12:02:01.198 [JavaFX Application Thread] DEBUG GameScene            - Added MainViewComponent
12:02:01.198 [JavaFX Application Thread] DEBUG GameScene            - Entity added to scene
12:02:01.198 [JavaFX Application Thread] DEBUG GameScene            - Added MainViewComponent
12:02:01.199 [JavaFX Application Thread] DEBUG GameScene            - Entity added to scene
12:02:01.199 [JavaFX Application Thread] DEBUG GameScene            - Added MainViewComponent
12:02:01.199 [JavaFX Application Thread] DEBUG GameScene            - Entity removed from scene
12:02:01.199 [JavaFX Application Thread] DEBUG GameScene            - Removed MainViewComponent
12:02:01.199 [JavaFX Application Thread] DEBUG GameScene            - Entity removed from scene
12:02:01.199 [JavaFX Application Thread] DEBUG GameScene            - Removed MainViewComponent
12:02:01.200 [JavaFX Application Thread] DEBUG GameScene            - Entity removed from scene
12:02:01.200 [JavaFX Application Thread] DEBUG GameScene            - Removed MainViewComponent
12:02:01.200 [JavaFX Application Thread] DEBUG GameScene            - Entity removed from scene
12:02:01.200 [JavaFX Application Thread] DEBUG GameScene            - Removed MainViewComponent
12:02:01.200 [JavaFX Application Thread] DEBUG GameScene            - Entity removed from scene
12:02:01.200 [JavaFX Application Thread] DEBUG GameScene            - Removed MainViewComponent
12:02:02.261 [JavaFX Application Thread] DEBUG FXGLInput            - Clearing active input actions
12:02:02.261 [JavaFX Application Thread] DEBUG FXGLMasterTimer      - Stopping master timer
12:02:02.261 [JavaFX Application Thread] DEBUG GameApplication      - State: PLAYING -> PAUSED
12:02:02.261 [JavaFX Application Thread] DEBUG FXGLEventBus         - Firing event: FXGLEvent[type=PAUSE]
12:02:09.124 [JavaFX Application Thread] DEBUG FXGLEventBus         - Firing event: DisplayEvent[type=DIALOG_OPENED]
12:02:09.125 [JavaFX Application Thread] DEBUG FXGLInput            - Clearing active input actions
12:02:09.125 [JavaFX Application Thread] DEBUG FXGLMasterTimer      - Stopping master timer
12:02:09.125 [JavaFX Application Thread] DEBUG GameApplication      - State: PAUSED -> PAUSED
12:02:09.125 [JavaFX Application Thread] DEBUG FXGLEventBus         - Firing event: FXGLEvent[type=PAUSE]
12:02:09.125 [JavaFX Application Thread] DEBUG FXGLInput            - Clearing active input actions
12:02:10.258 [JavaFX Application Thread] DEBUG FXGLEventBus         - Firing event: DisplayEvent[type=DIALOG_CLOSED]
12:02:10.259 [JavaFX Application Thread] DEBUG FXGLInput            - Clearing active input actions
12:02:10.259 [JavaFX Application Thread] DEBUG FXGLMasterTimer      - Starting master timer
12:02:10.259 [JavaFX Application Thread] DEBUG GameApplication      - State: PAUSED -> PLAYING
12:02:10.259 [JavaFX Application Thread] DEBUG FXGLEventBus         - Firing event: FXGLEvent[type=RESUME]
12:02:10.259 [JavaFX Application Thread] DEBUG FXGLEventBus         - Firing event: DisplayEvent[type=CLOSE_REQUEST]
12:02:10.260 [JavaFX Application Thread] DEBUG FXGLEventBus         - Firing event: FXGLEvent[type=EXIT]
12:02:10.260 [JavaFX Application Thread] DEBUG FXGLEventBus         - Firing event: SaveEvent
12:02:10.260 [JavaFX Application Thread] DEBUG FXGLInput            - Saving data to profile
12:02:10.260 [JavaFX Application Thread] DEBUG Bundle               - Logging bundle: input
12:02:10.260 [JavaFX Application Thread] DEBUG Bundle               - input.Pass=T
12:02:10.260 [JavaFX Application Thread] DEBUG Bundle               - input.Right=D
12:02:10.260 [JavaFX Application Thread] DEBUG Bundle               - input.Screenshot=P
12:02:10.260 [JavaFX Application Thread] DEBUG Bundle               - input.Restart=R
12:02:10.260 [JavaFX Application Thread] DEBUG Bundle               - input.Dev Options=CTRL+0
12:02:10.260 [JavaFX Application Thread] DEBUG Bundle               - input.Left=A
12:02:10.260 [JavaFX Application Thread] DEBUG FXGLDisplay          - Saving data to profile
12:02:10.260 [JavaFX Application Thread] DEBUG Bundle               - Logging bundle: scene
12:02:10.260 [JavaFX Application Thread] DEBUG Bundle               - scene.sizeW=600.0
12:02:10.261 [JavaFX Application Thread] DEBUG Bundle               - scene.sizeH=600.0
12:02:10.261 [JavaFX Application Thread] DEBUG FXGLAudioPlayer      - Saving data to profile
12:02:10.261 [JavaFX Application Thread] DEBUG Bundle               - Logging bundle: audio
12:02:10.261 [JavaFX Application Thread] DEBUG Bundle               - audio.musicVolume=0.5
12:02:10.261 [JavaFX Application Thread] DEBUG Bundle               - audio.soundVolume=0.5
12:02:10.261 [JavaFX Application Thread] DEBUG AchievementManager   - Saving data to profile
12:02:10.261 [JavaFX Application Thread] DEBUG Bundle               - Logging bundle: achievement
12:02:10.261 [JavaFX Application Thread] DEBUG FXGLMasterTimer      - Saving data to profile
12:02:10.261 [JavaFX Application Thread] DEBUG Bundle               - Logging bundle: timer
12:02:10.261 [JavaFX Application Thread] DEBUG Bundle               - timer.playtime=8102667763523
12:02:10.262 [JavaFX Application Thread] DEBUG SaveLoadManager      - Saving profile: Gabriel
12:02:10.264 [JavaFX Application Thread] DEBUG IOTask               - Executing task: writeDataTask(./profiles/Gabriel/user.profile)
12:02:10.264 [JavaFX Application Thread] DEBUG IOTask               - Executing task: writeDataTask(./profiles/Gabriel/user.profile)
12:02:10.266 [JavaFX Application Thread] DEBUG FS                   - Writing to: ./profiles/Gabriel/user.profile
12:02:10.271 [JavaFX Application Thread] DEBUG IOTask               - Executing task: checkSavesDir(./profiles/Gabriel/saves/)
12:02:10.272 [JavaFX Application Thread] DEBUG IOTask               - Task succeeded: writeDataTask(./profiles/Gabriel/user.profile)
12:02:10.272 [JavaFX Application Thread] DEBUG FXGL                 - Saving FXGL system data
12:02:10.272 [JavaFX Application Thread] DEBUG IOTask               - Executing task: writeDataTask(system/fxgl.bundle)
12:02:10.272 [JavaFX Application Thread] DEBUG FS                   - Writing to: system/fxgl.bundle
12:02:10.275 [JavaFX Application Thread] DEBUG IOTask               - Task succeeded: writeDataTask(system/fxgl.bundle)
12:02:10.277 [JavaFX Application Thread] DEBUG GameScene            - Entity added to scene
12:02:10.277 [JavaFX Application Thread] DEBUG GameScene            - Added MainViewComponent
12:02:10.278 [JavaFX Application Thread] DEBUG GameScene            - Entity removed from scene
12:02:10.278 [JavaFX Application Thread] DEBUG GameScene            - Removed MainViewComponent
12:02:10.278 [JavaFX Application Thread] DEBUG GameScene            - Entity removed from scene
12:02:10.278 [JavaFX Application Thread] DEBUG GameScene            - Removed MainViewComponent
