18:49:30.076 [FXGL Launcher Thread     ] DEBUG FXGLLoggerFactory    - Service [LoggerFactory] initialized
18:49:30.081 [FXGL Launcher Thread     ] DEBUG FXGL                 - FXGL configuration complete
18:49:30.081 [FXGL Launcher Thread     ] DEBUG FXGL                 - Loading FXGL system data
18:49:30.085 [FXGL Launcher Thread     ] DEBUG IOTask               - Executing task: readDataTask(system/fxgl.bundle)
18:49:30.088 [FXGL Launcher Thread     ] DEBUG FS                   - Reading from: system/fxgl.bundle
18:49:30.095 [FXGL Launcher Thread     ] DEBUG IOTask               - Task succeeded: readDataTask(system/fxgl.bundle)
18:49:30.096 [FXGL Launcher Thread     ] DEBUG Bundle               - Logging bundle: FXGL
18:49:30.096 [FXGL Launcher Thread     ] DEBUG Bundle               - FXGL.offline.timer.version.check=2016-12-11T13:15:22.017
18:49:30.103 [FXGL Launcher Thread     ] DEBUG GameApplication      - Configuring GameApplication
18:49:30.110 [FXGL Launcher Thread     ] DEBUG FXGLExceptionHandler - Service [ExceptionHandler] initialized
18:49:30.111 [FXGL Launcher Thread     ] DEBUG FXGLEventBus         - Service [EventBus] initialized
18:49:30.118 [FXGL Launcher Thread     ] DEBUG FXGLExecutor         - Service [Executor] initialized
18:49:30.118 [FXGL Launcher Thread     ] DEBUG PreInitTask          - Injecting gameWorld & physicsWorld
18:49:30.127 [FXGL Launcher Thread     ] DEBUG GameWorld            - Game world initialized
18:49:30.185 [FXGL Launcher Thread     ] DEBUG FXGLPooler           - Service [Pooler] initialized with default size = 128
18:49:30.185 [FXGL Launcher Thread     ] DEBUG PhysicsWorld         - Physics world initialized: appHeight=600,0, physics.ppm=50,0
18:49:30.189 [FXGL Launcher Thread     ] DEBUG AchievementManager   - Service [AchievementManager] initialized
18:49:30.190 [FXGL Launcher Thread     ] DEBUG AchievementManager   - Registered new achievement "Game Finished"
18:49:30.191 [FXGL Launcher Thread     ] DEBUG FXGLInput            - Service [Input] initialized
18:49:30.217 [FXGL Launcher Thread     ] DEBUG FXGLInput            - Registered new binding: Screenshot - P
18:49:30.217 [FXGL Launcher Thread     ] DEBUG FXGLInput            - Registered new binding: Dev Options - CTRL+0
18:49:30.219 [FXGL Launcher Thread     ] DEBUG FXGLInput            - Registered new binding: Left - A
18:49:30.219 [FXGL Launcher Thread     ] DEBUG FXGLInput            - Registered new binding: Right - D
18:49:30.256 [FXGL Launcher Thread     ] DEBUG GameScene            - Game scene initialized: 600.0x600.0
18:49:30.268 [FXGL Launcher Thread     ] DEBUG FXGLAssetLoader      - Service [AssetLoader] initialized: cacheSize=35
18:49:30.271 [FXGL Launcher Thread     ] DEBUG FXGLAssetLoader      - Loading from disk: /assets/sounds/system/notification.wav
18:49:30.371 [FXGL Launcher Thread     ] DEBUG FXGLAssetLoader      - Loading from disk: /assets/sounds/menu/select.wav
18:49:30.372 [FXGL Launcher Thread     ] DEBUG FXGLAssetLoader      - Loading from disk: /assets/sounds/menu/back.wav
18:49:30.374 [FXGL Launcher Thread     ] DEBUG FXGLAssetLoader      - Loading from disk: /assets/sounds/menu/press.wav
18:49:30.375 [FXGL Launcher Thread     ] DEBUG FXGLAssetLoader      - Loading from disk: /assets/ui/fonts/swerve.ttf
18:49:30.398 [FXGL Launcher Thread     ] DEBUG FXGLAssetLoader      - Loading from disk: /assets/ui/css/fxgl.css
18:49:30.399 [FXGL Launcher Thread     ] DEBUG FXGLAssetLoader      - Loading from disk: /assets/ui/icons/fxgl_icon.png
18:49:30.444 [FXGL Launcher Thread     ] DEBUG FXGLEventBus         - Firing event: SaveEvent
18:49:30.486 [FXGL Launcher Thread     ] DEBUG FXGLAssetLoader      - Loading from disk: /assets/ui/css/fxgl_dark.css
18:49:30.498 [FXGL Launcher Thread     ] DEBUG FXGLDisplay          - Target size: DoubleProperty [value: 600.0] x DoubleProperty [value: 600.0] @ 1.0
18:49:30.498 [FXGL Launcher Thread     ] DEBUG FXGLDisplay          - New size:    600.0 x 600.0 @ DoubleProperty [value: 1.0]
18:49:30.499 [FXGL Launcher Thread     ] DEBUG FXGLDisplay          - Service [Display] initialized
18:49:30.499 [FXGL Launcher Thread     ] DEBUG FXGLDisplay          - Using CSS: CSS(externalForm=jar:file:/Users/gabriel/.m2/repository/com/github/AlmasB/FXGL/0.2.8/FXGL-0.2.8.jar!/assets/ui/css/fxgl_dark.css)
18:49:30.499 [FXGL Launcher Thread     ] DEBUG InitScenesTask       - Injecting mainMenuScene & gameMenuScene
18:49:30.500 [FXGL Launcher Thread     ] DEBUG InitScenesTask       - Injecting loadingScene & gameScene
18:49:30.652 [FXGL Launcher Thread     ] DEBUG FXGLMasterTimer      - Service [MasterTimer] initialized
18:49:30.655 [FXGL Launcher Thread     ] DEBUG FXGLAudioPlayer      - Service [AudioPlayer] initialized
18:49:30.663 [FXGL Launcher Thread     ] DEBUG GameApplication      - State: STARTUP -> MAIN_MENU
18:49:30.728 [FXGL Launcher Thread     ] DEBUG SaveLoadManager      - Checking profiles dir: profiles/
18:49:30.729 [FXGL Launcher Thread     ] DEBUG SaveLoadManager      - Loading profile names
18:49:30.731 [FXGL Launcher Thread     ] DEBUG IOTask               - Showing dialog
18:49:30.748 [FXGL Launcher Thread     ] DEBUG FXGLEventBus         - Firing event: DisplayEvent[type=DIALOG_OPENED]
18:49:30.749 [FXGL Launcher Thread     ] DEBUG FXGLInput            - Clearing active input actions
18:49:30.754 [FXGL Background Thread 1 ] DEBUG IOTask               - Executing task: loadDirectoryNamesTask(./profiles/, false)
18:49:30.936 [JavaFX Application Thread] DEBUG FXGLDisplay          - Showing stage
18:49:30.936 [JavaFX Application Thread] DEBUG FXGLDisplay          - Root size: 600.0x600.0
18:49:30.936 [JavaFX Application Thread] DEBUG FXGLDisplay          - Scene size: 600.0x600.0
18:49:30.936 [JavaFX Application Thread] DEBUG FXGLDisplay          - Stage size: 600.0x622.0
18:49:31.015 [JavaFX Application Thread] DEBUG IOTask               - succeed(): Dismissing dialog
18:49:31.017 [JavaFX Application Thread] DEBUG FXGLEventBus         - Firing event: DisplayEvent[type=DIALOG_CLOSED]
18:49:31.017 [JavaFX Application Thread] DEBUG IOTask               - Task succeeded: loadDirectoryNamesTask(./profiles/, false)
18:49:31.030 [JavaFX Application Thread] DEBUG FXGLEventBus         - Firing event: DisplayEvent[type=DIALOG_OPENED]
18:49:31.030 [JavaFX Application Thread] DEBUG FXGLInput            - Clearing active input actions
18:49:33.237 [JavaFX Application Thread] DEBUG FXGLEventBus         - Firing event: DisplayEvent[type=DIALOG_CLOSED]
18:49:33.238 [JavaFX Application Thread] DEBUG SaveLoadManager      - Loading profile: Gabriel
18:49:33.240 [JavaFX Application Thread] DEBUG IOTask               - Showing dialog
18:49:33.248 [JavaFX Application Thread] DEBUG FXGLEventBus         - Firing event: DisplayEvent[type=DIALOG_OPENED]
18:49:33.248 [JavaFX Application Thread] DEBUG FXGLInput            - Clearing active input actions
18:49:33.248 [FXGL Background Thread 1 ] DEBUG IOTask               - Executing task: readDataTask(./profiles/Gabriel/user.profile)
18:49:33.249 [FXGL Background Thread 1 ] DEBUG FS                   - Reading from: ./profiles/Gabriel/user.profile
18:49:33.270 [JavaFX Application Thread] DEBUG IOTask               - succeed(): Dismissing dialog
18:49:33.271 [JavaFX Application Thread] DEBUG FXGLEventBus         - Firing event: DisplayEvent[type=DIALOG_CLOSED]
18:49:33.271 [JavaFX Application Thread] DEBUG IOTask               - Task succeeded: readDataTask(./profiles/Gabriel/user.profile)
18:49:33.271 [JavaFX Application Thread] DEBUG FXGLEventBus         - Firing event: LoadEvent[type=LOAD_PROFILE]
18:49:33.271 [JavaFX Application Thread] DEBUG FXGLInput            - Loading data from profile
18:49:33.271 [JavaFX Application Thread] DEBUG Bundle               - Logging bundle: input
18:49:33.272 [JavaFX Application Thread] DEBUG Bundle               - input.Right=D
18:49:33.272 [JavaFX Application Thread] DEBUG Bundle               - input.Screenshot=P
18:49:33.272 [JavaFX Application Thread] DEBUG Bundle               - input.Dev Options=CTRL+0
18:49:33.272 [JavaFX Application Thread] DEBUG Bundle               - input.Left=A
18:49:33.272 [JavaFX Application Thread] DEBUG FXGLDisplay          - Loading data from profile
18:49:33.272 [JavaFX Application Thread] DEBUG Bundle               - Logging bundle: scene
18:49:33.272 [JavaFX Application Thread] DEBUG Bundle               - scene.sizeW=600.0
18:49:33.272 [JavaFX Application Thread] DEBUG Bundle               - scene.sizeH=600.0
18:49:33.273 [JavaFX Application Thread] DEBUG FXGLDisplay          - Target size: DoubleProperty [value: 600.0] x DoubleProperty [value: 600.0] @ 1.0
18:49:33.273 [JavaFX Application Thread] DEBUG FXGLDisplay          - New size:    600.0 x 600.0 @ DoubleProperty [value: 1.0]
18:49:33.307 [JavaFX Application Thread] DEBUG FXGLAudioPlayer      - Loading data from profile
18:49:33.307 [JavaFX Application Thread] DEBUG Bundle               - Logging bundle: audio
18:49:33.307 [JavaFX Application Thread] DEBUG Bundle               - audio.musicVolume=0.5
18:49:33.307 [JavaFX Application Thread] DEBUG Bundle               - audio.soundVolume=0.5
18:49:33.307 [JavaFX Application Thread] DEBUG AchievementManager   - Loading data from profile
18:49:33.307 [JavaFX Application Thread] DEBUG Bundle               - Logging bundle: achievement
18:49:33.307 [JavaFX Application Thread] DEBUG Bundle               - achievement.Game Finished=false
18:49:33.307 [JavaFX Application Thread] DEBUG FXGLMasterTimer      - Loading data from profile
18:49:33.307 [JavaFX Application Thread] DEBUG Bundle               - Logging bundle: timer
18:49:33.308 [JavaFX Application Thread] DEBUG Bundle               - timer.playtime=38971035413
18:49:33.309 [JavaFX Application Thread] DEBUG SaveLoadManager      - Loading last modified save file
18:49:33.310 [JavaFX Application Thread] DEBUG SaveLoadManager      - Loading save files
18:49:33.314 [JavaFX Application Thread] DEBUG IOTask               - Showing dialog
18:49:33.323 [JavaFX Application Thread] DEBUG FXGLEventBus         - Firing event: DisplayEvent[type=DIALOG_OPENED]
18:49:33.323 [JavaFX Application Thread] DEBUG FXGLInput            - Clearing active input actions
18:49:33.324 [FXGL Background Thread 1 ] DEBUG IOTask               - Executing task: loadFileNamesTask(./profiles/Gabriel/saves/, true, [FileExtension(extension=.sav)])
18:49:33.324 [FXGL Background Thread 1 ] DEBUG IOTask               - Executing task: loadFileNamesTask(./profiles/Gabriel/saves/, true, [FileExtension(extension=.sav)])
18:49:33.324 [FXGL Background Thread 1 ] DEBUG IOTask               - Executing task: loadFileNamesTask(./profiles/Gabriel/saves/, true, [FileExtension(extension=.sav)])
18:49:33.328 [FXGL Background Thread 1 ] DEBUG IOTask               - Executing task: readSaveFiles
18:49:33.331 [FXGL Background Thread 1 ] DEBUG IOTask               - Executing task: findLastSave
18:49:33.394 [JavaFX Application Thread] DEBUG IOTask               - fail(): Dismissing dialog
18:49:33.395 [JavaFX Application Thread] DEBUG FXGLEventBus         - Firing event: DisplayEvent[type=DIALOG_CLOSED]
18:49:33.395 [JavaFX Application Thread] WARN  IOTask               - Task failed: loadFileNamesTask(./profiles/Gabriel/saves/, true, [FileExtension(extension=.sav)]) Error: java.io.FileNotFoundException: No save files found
18:49:33.396 [JavaFX Application Thread] DEBUG FXGLEventBus         - Firing event: ProfileSelectedEvent[name=Gabriel,hasSaves=false]
18:49:34.399 [JavaFX Application Thread] DEBUG Menu                 - fireNewGame()
18:49:34.400 [JavaFX Application Thread] DEBUG GameApplication      - Starting new game
18:49:34.401 [JavaFX Application Thread] DEBUG GameApplication      - Initializing App
18:49:34.403 [JavaFX Application Thread] DEBUG FXGLInput            - Clearing active input actions
18:49:34.403 [JavaFX Application Thread] DEBUG FXGLMasterTimer      - Stopping master timer
18:49:34.403 [JavaFX Application Thread] DEBUG GameApplication      - State: MAIN_MENU -> PAUSED
18:49:34.403 [JavaFX Application Thread] DEBUG FXGLEventBus         - Firing event: FXGLEvent[type=PAUSE]
18:49:34.404 [JavaFX Application Thread] DEBUG FXGLInput            - Clearing active input actions
18:49:34.404 [JavaFX Application Thread] DEBUG FXGLMasterTimer      - Resetting ticks and clearing all actions
18:49:34.404 [JavaFX Application Thread] DEBUG GameWorld            - Resetting game world
18:49:34.405 [JavaFX Application Thread] TRACE EntityWorld          - Resetting entity world
18:49:34.407 [JavaFX Application Thread] DEBUG PhysicsWorld         - Resetting physics world
18:49:34.407 [JavaFX Application Thread] DEBUG GameScene            - Resetting game scene
18:49:34.407 [JavaFX Application Thread] DEBUG FXGLEventBus         - Firing event: FXGLEvent[type=RESET]
18:49:34.480 [JavaFX Application Thread] DEBUG GameApplication      - State: PAUSED -> LOADING
18:49:34.486 [JavaFX Application Thread] DEBUG FXGLEventBus         - Firing event: MenuEvent[type=NEW_GAME]
18:49:34.487 [FXGL Background Thread 1 ] DEBUG InitAppTask          - Initializing Assets
18:49:34.488 [FXGL Background Thread 1 ] DEBUG FXGLAssetLoader      - Loading from disk: /assets/sounds/ballbrickhit.wav
18:49:34.539 [FXGL Background Thread 1 ] DEBUG FXGLAssetLoader      - Loading from disk: /assets/sounds/ballwall.wav
18:49:34.542 [FXGL Background Thread 1 ] DEBUG FXGLAssetLoader      - Loading from disk: /assets/sounds/batball.wav
18:49:34.544 [FXGL Background Thread 1 ] DEBUG FXGLAssetLoader      - Loading from disk: /assets/sounds/leveldone.wav
18:49:34.551 [FXGL Background Thread 1 ] DEBUG FXGLAssetLoader      - Loading from disk: /assets/sounds/gamefinished.wav
18:49:34.567 [FXGL Background Thread 1 ] DEBUG InitAppTask          - Initializing Game
18:49:34.651 [FXGL Background Thread 1 ] DEBUG FXGLAssetLoader      - Loading from disk: /assets/ui/main.fxml
18:49:34.696 [FXGL Background Thread 1 ] DEBUG GameScene            - Adding UI node: Pane@150b8906
18:49:34.697 [FXGL Background Thread 1 ] DEBUG GameScene            - Adding UI node: UIOverlay@3b036472
18:49:34.697 [FXGL Background Thread 1 ] DEBUG InitAppTask          - Initializing Physics
18:49:34.698 [FXGL Background Thread 1 ] DEBUG InitAppTask          - Initializing UI
18:49:34.699 [FXGL Background Thread 1 ] DEBUG FXGLAssetLoader      - Loading from disk: /assets/ui/main.fxml
18:49:34.707 [FXGL Background Thread 1 ] DEBUG GameScene            - Adding UI node: Pane@1201b0f3
18:49:34.707 [FXGL Background Thread 1 ] DEBUG GameScene            - Adding UI node: UIOverlay@2b76274d
18:49:34.708 [FXGL Background Thread 1 ] DEBUG InitAppTask          - Initialization Complete
18:49:34.710 [JavaFX Application Thread] DEBUG FXGLInput            - Clearing active input actions
18:49:34.711 [JavaFX Application Thread] DEBUG FXGLMasterTimer      - Starting master timer
18:49:34.711 [JavaFX Application Thread] DEBUG GameApplication      - State: LOADING -> PLAYING
18:49:34.717 [JavaFX Application Thread] DEBUG FXGLEventBus         - Firing event: FXGLEvent[type=RESUME]
18:49:34.723 [JavaFX Application Thread] DEBUG GameScene            - Entity added to scene
18:49:34.723 [JavaFX Application Thread] DEBUG GameScene            - Added MainViewComponent
18:49:34.726 [JavaFX Application Thread] DEBUG GameScene            - Creating render group for layer: TOP(2147483647)
18:49:34.807 [JavaFX Application Thread] DEBUG GameScene            - Entity added to scene
18:49:34.808 [JavaFX Application Thread] DEBUG GameScene            - Added MainViewComponent
18:49:34.808 [JavaFX Application Thread] DEBUG GameScene            - Entity added to scene
18:49:34.809 [JavaFX Application Thread] DEBUG GameScene            - Added MainViewComponent
18:49:34.809 [JavaFX Application Thread] DEBUG GameScene            - Entity added to scene
18:49:34.809 [JavaFX Application Thread] DEBUG GameScene            - Entity added to scene
18:49:34.809 [JavaFX Application Thread] DEBUG GameScene            - Added MainViewComponent
18:49:34.809 [JavaFX Application Thread] DEBUG GameScene            - Entity added to scene
18:49:34.809 [JavaFX Application Thread] DEBUG GameScene            - Added MainViewComponent
18:49:34.810 [JavaFX Application Thread] DEBUG GameScene            - Entity added to scene
18:49:34.810 [JavaFX Application Thread] DEBUG GameScene            - Added MainViewComponent
18:49:34.810 [JavaFX Application Thread] DEBUG GameScene            - Entity added to scene
18:49:34.810 [JavaFX Application Thread] DEBUG GameScene            - Added MainViewComponent
18:49:34.811 [JavaFX Application Thread] DEBUG GameScene            - Entity added to scene
18:49:34.811 [JavaFX Application Thread] DEBUG GameScene            - Added MainViewComponent
18:49:34.812 [JavaFX Application Thread] DEBUG GameScene            - Entity added to scene
18:49:34.812 [JavaFX Application Thread] DEBUG GameScene            - Added MainViewComponent
18:49:34.812 [JavaFX Application Thread] DEBUG GameScene            - Entity added to scene
18:49:34.812 [JavaFX Application Thread] DEBUG GameScene            - Added MainViewComponent
18:49:34.813 [JavaFX Application Thread] DEBUG GameScene            - Entity added to scene
18:49:34.813 [JavaFX Application Thread] DEBUG GameScene            - Added MainViewComponent
18:49:34.813 [JavaFX Application Thread] DEBUG GameScene            - Entity added to scene
18:49:34.813 [JavaFX Application Thread] DEBUG GameScene            - Added MainViewComponent
18:49:34.813 [JavaFX Application Thread] DEBUG GameScene            - Entity added to scene
18:49:34.813 [JavaFX Application Thread] DEBUG GameScene            - Added MainViewComponent
18:49:34.814 [JavaFX Application Thread] DEBUG GameScene            - Entity added to scene
18:49:34.814 [JavaFX Application Thread] DEBUG GameScene            - Added MainViewComponent
18:49:34.814 [JavaFX Application Thread] DEBUG GameScene            - Entity added to scene
18:49:34.814 [JavaFX Application Thread] DEBUG GameScene            - Added MainViewComponent
18:49:34.815 [JavaFX Application Thread] DEBUG GameScene            - Entity added to scene
18:49:34.815 [JavaFX Application Thread] DEBUG GameScene            - Added MainViewComponent
18:49:34.815 [JavaFX Application Thread] DEBUG GameScene            - Entity added to scene
18:49:34.815 [JavaFX Application Thread] DEBUG GameScene            - Added MainViewComponent
18:49:34.815 [JavaFX Application Thread] DEBUG GameScene            - Entity added to scene
18:49:34.815 [JavaFX Application Thread] DEBUG GameScene            - Added MainViewComponent
18:49:35.920 [JavaFX Application Thread] DEBUG GameScene            - Entity removed from scene
18:49:35.921 [JavaFX Application Thread] DEBUG GameScene            - Removed MainViewComponent
18:49:38.435 [JavaFX Application Thread] DEBUG GameScene            - Entity removed from scene
18:49:38.435 [JavaFX Application Thread] DEBUG GameScene            - Removed MainViewComponent
18:49:40.935 [JavaFX Application Thread] DEBUG GameScene            - Entity removed from scene
18:49:40.936 [JavaFX Application Thread] DEBUG GameScene            - Removed MainViewComponent
18:49:44.108 [JavaFX Application Thread] DEBUG GameScene            - Entity removed from scene
18:49:44.108 [JavaFX Application Thread] DEBUG GameScene            - Removed MainViewComponent
18:49:44.700 [JavaFX Application Thread] DEBUG GameScene            - Entity removed from scene
18:49:44.701 [JavaFX Application Thread] DEBUG GameScene            - Removed MainViewComponent
18:49:47.856 [JavaFX Application Thread] DEBUG GameScene            - Entity removed from scene
18:49:47.857 [JavaFX Application Thread] DEBUG GameScene            - Removed MainViewComponent
18:49:52.838 [JavaFX Application Thread] DEBUG GameScene            - Entity removed from scene
18:49:52.839 [JavaFX Application Thread] DEBUG GameScene            - Removed MainViewComponent
18:49:57.822 [JavaFX Application Thread] DEBUG GameScene            - Entity removed from scene
18:49:57.822 [JavaFX Application Thread] DEBUG GameScene            - Removed MainViewComponent
18:50:00.320 [JavaFX Application Thread] DEBUG GameScene            - Entity removed from scene
18:50:00.320 [JavaFX Application Thread] DEBUG GameScene            - Removed MainViewComponent
18:50:09.264 [JavaFX Application Thread] DEBUG GameScene            - Entity removed from scene
18:50:09.264 [JavaFX Application Thread] DEBUG GameScene            - Removed MainViewComponent
18:50:28.009 [JavaFX Application Thread] DEBUG GameScene            - Entity removed from scene
18:50:28.025 [JavaFX Application Thread] DEBUG GameScene            - Removed MainViewComponent
18:50:30.509 [JavaFX Application Thread] DEBUG GameScene            - Entity removed from scene
18:50:30.509 [JavaFX Application Thread] DEBUG GameScene            - Removed MainViewComponent
18:50:35.557 [JavaFX Application Thread] DEBUG GameScene            - Entity added to scene
18:50:35.558 [JavaFX Application Thread] DEBUG GameScene            - Added MainViewComponent
18:50:35.558 [JavaFX Application Thread] DEBUG GameScene            - Entity added to scene
18:50:35.558 [JavaFX Application Thread] DEBUG GameScene            - Added MainViewComponent
18:50:35.559 [JavaFX Application Thread] DEBUG GameScene            - Entity added to scene
18:50:35.559 [JavaFX Application Thread] DEBUG GameScene            - Added MainViewComponent
18:50:35.559 [JavaFX Application Thread] DEBUG GameScene            - Entity added to scene
18:50:35.560 [JavaFX Application Thread] DEBUG GameScene            - Added MainViewComponent
18:50:35.560 [JavaFX Application Thread] DEBUG GameScene            - Entity added to scene
18:50:35.560 [JavaFX Application Thread] DEBUG GameScene            - Added MainViewComponent
18:50:35.560 [JavaFX Application Thread] DEBUG GameScene            - Entity added to scene
18:50:35.560 [JavaFX Application Thread] DEBUG GameScene            - Added MainViewComponent
18:50:35.561 [JavaFX Application Thread] DEBUG GameScene            - Entity added to scene
18:50:35.561 [JavaFX Application Thread] DEBUG GameScene            - Added MainViewComponent
18:50:35.561 [JavaFX Application Thread] DEBUG GameScene            - Entity added to scene
18:50:35.561 [JavaFX Application Thread] DEBUG GameScene            - Added MainViewComponent
18:50:35.562 [JavaFX Application Thread] DEBUG GameScene            - Entity added to scene
18:50:35.562 [JavaFX Application Thread] DEBUG GameScene            - Added MainViewComponent
18:50:35.562 [JavaFX Application Thread] DEBUG GameScene            - Entity added to scene
18:50:35.562 [JavaFX Application Thread] DEBUG GameScene            - Added MainViewComponent
18:50:35.562 [JavaFX Application Thread] DEBUG GameScene            - Entity added to scene
18:50:35.562 [JavaFX Application Thread] DEBUG GameScene            - Added MainViewComponent
18:50:35.563 [JavaFX Application Thread] DEBUG GameScene            - Entity added to scene
18:50:35.563 [JavaFX Application Thread] DEBUG GameScene            - Added MainViewComponent
18:50:35.563 [JavaFX Application Thread] DEBUG GameScene            - Entity added to scene
18:50:35.563 [JavaFX Application Thread] DEBUG GameScene            - Added MainViewComponent
18:50:35.564 [JavaFX Application Thread] DEBUG GameScene            - Entity added to scene
18:50:35.564 [JavaFX Application Thread] DEBUG GameScene            - Added MainViewComponent
18:50:35.564 [JavaFX Application Thread] DEBUG GameScene            - Entity added to scene
18:50:35.564 [JavaFX Application Thread] DEBUG GameScene            - Added MainViewComponent
18:50:35.565 [JavaFX Application Thread] DEBUG GameScene            - Entity added to scene
18:50:35.565 [JavaFX Application Thread] DEBUG GameScene            - Added MainViewComponent
18:50:35.565 [JavaFX Application Thread] DEBUG GameScene            - Entity added to scene
18:50:35.565 [JavaFX Application Thread] DEBUG GameScene            - Added MainViewComponent
18:50:35.566 [JavaFX Application Thread] DEBUG GameScene            - Entity removed from scene
18:50:35.566 [JavaFX Application Thread] DEBUG GameScene            - Removed MainViewComponent
18:50:35.566 [JavaFX Application Thread] DEBUG GameScene            - Entity removed from scene
18:50:35.566 [JavaFX Application Thread] DEBUG GameScene            - Removed MainViewComponent
18:50:35.566 [JavaFX Application Thread] DEBUG GameScene            - Entity removed from scene
18:50:35.566 [JavaFX Application Thread] DEBUG GameScene            - Entity removed from scene
18:50:35.567 [JavaFX Application Thread] DEBUG GameScene            - Removed MainViewComponent
18:50:35.567 [JavaFX Application Thread] DEBUG GameScene            - Entity removed from scene
18:50:35.567 [JavaFX Application Thread] DEBUG GameScene            - Removed MainViewComponent
18:50:35.567 [JavaFX Application Thread] DEBUG GameScene            - Entity removed from scene
18:50:35.567 [JavaFX Application Thread] DEBUG GameScene            - Removed MainViewComponent
18:50:36.624 [JavaFX Application Thread] DEBUG GameScene            - Entity removed from scene
18:50:36.624 [JavaFX Application Thread] DEBUG GameScene            - Removed MainViewComponent
18:50:46.605 [JavaFX Application Thread] DEBUG GameScene            - Entity removed from scene
18:50:46.605 [JavaFX Application Thread] DEBUG GameScene            - Removed MainViewComponent
18:50:49.088 [JavaFX Application Thread] DEBUG GameScene            - Entity removed from scene
18:50:49.088 [JavaFX Application Thread] DEBUG GameScene            - Removed MainViewComponent
18:50:52.854 [JavaFX Application Thread] DEBUG GameScene            - Entity removed from scene
18:50:52.855 [JavaFX Application Thread] DEBUG GameScene            - Removed MainViewComponent
18:50:53.462 [JavaFX Application Thread] DEBUG GameScene            - Entity removed from scene
18:50:53.463 [JavaFX Application Thread] DEBUG GameScene            - Removed MainViewComponent
18:50:56.635 [JavaFX Application Thread] DEBUG GameScene            - Entity removed from scene
18:50:56.635 [JavaFX Application Thread] DEBUG GameScene            - Removed MainViewComponent
18:51:00.597 [JavaFX Application Thread] DEBUG FXGLEventBus         - Firing event: DisplayEvent[type=DIALOG_OPENED]
18:51:00.598 [JavaFX Application Thread] DEBUG FXGLInput            - Clearing active input actions
18:51:00.598 [JavaFX Application Thread] DEBUG FXGLMasterTimer      - Stopping master timer
18:51:00.598 [JavaFX Application Thread] DEBUG GameApplication      - State: PLAYING -> PAUSED
18:51:00.598 [JavaFX Application Thread] DEBUG FXGLEventBus         - Firing event: FXGLEvent[type=PAUSE]
18:51:00.598 [JavaFX Application Thread] DEBUG FXGLInput            - Clearing active input actions
18:51:01.524 [JavaFX Application Thread] DEBUG FXGLEventBus         - Firing event: DisplayEvent[type=DIALOG_CLOSED]
18:51:01.525 [JavaFX Application Thread] DEBUG FXGLInput            - Clearing active input actions
18:51:01.525 [JavaFX Application Thread] DEBUG FXGLMasterTimer      - Starting master timer
18:51:01.525 [JavaFX Application Thread] DEBUG GameApplication      - State: PAUSED -> PLAYING
18:51:01.525 [JavaFX Application Thread] DEBUG FXGLEventBus         - Firing event: FXGLEvent[type=RESUME]
18:51:01.525 [JavaFX Application Thread] DEBUG FXGLEventBus         - Firing event: DisplayEvent[type=CLOSE_REQUEST]
18:51:01.526 [JavaFX Application Thread] DEBUG FXGLEventBus         - Firing event: FXGLEvent[type=EXIT]
18:51:01.527 [JavaFX Application Thread] DEBUG FXGLEventBus         - Firing event: SaveEvent
18:51:01.527 [JavaFX Application Thread] DEBUG FXGLInput            - Saving data to profile
18:51:01.527 [JavaFX Application Thread] DEBUG Bundle               - Logging bundle: input
18:51:01.527 [JavaFX Application Thread] DEBUG Bundle               - input.Right=D
18:51:01.527 [JavaFX Application Thread] DEBUG Bundle               - input.Screenshot=P
18:51:01.528 [JavaFX Application Thread] DEBUG Bundle               - input.Dev Options=CTRL+0
18:51:01.528 [JavaFX Application Thread] DEBUG Bundle               - input.Left=A
18:51:01.528 [JavaFX Application Thread] DEBUG FXGLDisplay          - Saving data to profile
18:51:01.528 [JavaFX Application Thread] DEBUG Bundle               - Logging bundle: scene
18:51:01.528 [JavaFX Application Thread] DEBUG Bundle               - scene.sizeW=600.0
18:51:01.528 [JavaFX Application Thread] DEBUG Bundle               - scene.sizeH=600.0
18:51:01.528 [JavaFX Application Thread] DEBUG FXGLAudioPlayer      - Saving data to profile
18:51:01.528 [JavaFX Application Thread] DEBUG Bundle               - Logging bundle: audio
18:51:01.528 [JavaFX Application Thread] DEBUG Bundle               - audio.musicVolume=0.5
18:51:01.528 [JavaFX Application Thread] DEBUG Bundle               - audio.soundVolume=0.5
18:51:01.528 [JavaFX Application Thread] DEBUG AchievementManager   - Saving data to profile
18:51:01.528 [JavaFX Application Thread] DEBUG Bundle               - Logging bundle: achievement
18:51:01.528 [JavaFX Application Thread] DEBUG Bundle               - achievement.Game Finished=false
18:51:01.529 [JavaFX Application Thread] DEBUG FXGLMasterTimer      - Saving data to profile
18:51:01.529 [JavaFX Application Thread] DEBUG Bundle               - Logging bundle: timer
18:51:01.529 [JavaFX Application Thread] DEBUG Bundle               - timer.playtime=124043067742
18:51:01.529 [JavaFX Application Thread] DEBUG SaveLoadManager      - Saving profile: Gabriel
18:51:01.532 [JavaFX Application Thread] DEBUG IOTask               - Executing task: writeDataTask(./profiles/Gabriel/user.profile)
18:51:01.532 [JavaFX Application Thread] DEBUG IOTask               - Executing task: writeDataTask(./profiles/Gabriel/user.profile)
18:51:01.534 [JavaFX Application Thread] DEBUG FS                   - Writing to: ./profiles/Gabriel/user.profile
18:51:01.539 [JavaFX Application Thread] DEBUG IOTask               - Executing task: checkSavesDir(./profiles/Gabriel/saves/)
18:51:01.539 [JavaFX Application Thread] DEBUG IOTask               - Task succeeded: writeDataTask(./profiles/Gabriel/user.profile)
18:51:01.540 [JavaFX Application Thread] DEBUG FXGL                 - Saving FXGL system data
18:51:01.540 [JavaFX Application Thread] DEBUG IOTask               - Executing task: writeDataTask(system/fxgl.bundle)
18:51:01.556 [JavaFX Application Thread] DEBUG FS                   - Writing to: system/fxgl.bundle
18:51:01.558 [JavaFX Application Thread] DEBUG IOTask               - Task succeeded: writeDataTask(system/fxgl.bundle)
