18:47:44.877 [FXGL Launcher Thread     ] DEBUG FXGLLoggerFactory    - Service [LoggerFactory] initialized
18:47:44.883 [FXGL Launcher Thread     ] DEBUG FXGL                 - FXGL configuration complete
18:47:44.883 [FXGL Launcher Thread     ] DEBUG FXGL                 - Loading FXGL system data
18:47:44.888 [FXGL Launcher Thread     ] DEBUG IOTask               - Executing task: readDataTask(system/fxgl.bundle)
18:47:44.891 [FXGL Launcher Thread     ] DEBUG FS                   - Reading from: system/fxgl.bundle
18:47:44.899 [FXGL Launcher Thread     ] DEBUG IOTask               - Task succeeded: readDataTask(system/fxgl.bundle)
18:47:44.899 [FXGL Launcher Thread     ] DEBUG Bundle               - Logging bundle: FXGL
18:47:44.900 [FXGL Launcher Thread     ] DEBUG Bundle               - FXGL.offline.timer.version.check=2016-12-11T13:15:22.017
18:47:44.909 [FXGL Launcher Thread     ] DEBUG GameApplication      - Configuring GameApplication
18:47:44.915 [FXGL Launcher Thread     ] DEBUG FXGLExceptionHandler - Service [ExceptionHandler] initialized
18:47:44.916 [FXGL Launcher Thread     ] DEBUG FXGLEventBus         - Service [EventBus] initialized
18:47:44.922 [FXGL Launcher Thread     ] DEBUG FXGLExecutor         - Service [Executor] initialized
18:47:44.922 [FXGL Launcher Thread     ] DEBUG PreInitTask          - Injecting gameWorld & physicsWorld
18:47:44.930 [FXGL Launcher Thread     ] DEBUG GameWorld            - Game world initialized
18:47:44.989 [FXGL Launcher Thread     ] DEBUG FXGLPooler           - Service [Pooler] initialized with default size = 128
18:47:44.990 [FXGL Launcher Thread     ] DEBUG PhysicsWorld         - Physics world initialized: appHeight=600,0, physics.ppm=50,0
18:47:44.993 [FXGL Launcher Thread     ] DEBUG AchievementManager   - Service [AchievementManager] initialized
18:47:44.994 [FXGL Launcher Thread     ] DEBUG AchievementManager   - Registered new achievement "Game Finished"
18:47:44.995 [FXGL Launcher Thread     ] DEBUG FXGLInput            - Service [Input] initialized
18:47:45.021 [FXGL Launcher Thread     ] DEBUG FXGLInput            - Registered new binding: Screenshot - P
18:47:45.021 [FXGL Launcher Thread     ] DEBUG FXGLInput            - Registered new binding: Dev Options - CTRL+0
18:47:45.022 [FXGL Launcher Thread     ] DEBUG FXGLInput            - Registered new binding: Left - A
18:47:45.022 [FXGL Launcher Thread     ] DEBUG FXGLInput            - Registered new binding: Right - D
18:47:45.062 [FXGL Launcher Thread     ] DEBUG GameScene            - Game scene initialized: 600.0x600.0
18:47:45.073 [FXGL Launcher Thread     ] DEBUG FXGLAssetLoader      - Service [AssetLoader] initialized: cacheSize=35
18:47:45.078 [FXGL Launcher Thread     ] DEBUG FXGLAssetLoader      - Loading from disk: /assets/sounds/system/notification.wav
18:47:45.213 [FXGL Launcher Thread     ] DEBUG FXGLAssetLoader      - Loading from disk: /assets/sounds/menu/select.wav
18:47:45.215 [FXGL Launcher Thread     ] DEBUG FXGLAssetLoader      - Loading from disk: /assets/sounds/menu/back.wav
18:47:45.217 [FXGL Launcher Thread     ] DEBUG FXGLAssetLoader      - Loading from disk: /assets/sounds/menu/press.wav
18:47:45.219 [FXGL Launcher Thread     ] DEBUG FXGLAssetLoader      - Loading from disk: /assets/ui/fonts/swerve.ttf
18:47:45.257 [FXGL Launcher Thread     ] DEBUG FXGLAssetLoader      - Loading from disk: /assets/ui/css/fxgl.css
18:47:45.257 [FXGL Launcher Thread     ] DEBUG FXGLAssetLoader      - Loading from disk: /assets/ui/icons/fxgl_icon.png
18:47:45.306 [FXGL Launcher Thread     ] DEBUG FXGLEventBus         - Firing event: SaveEvent
18:47:45.356 [FXGL Launcher Thread     ] DEBUG FXGLAssetLoader      - Loading from disk: /assets/ui/css/fxgl_dark.css
18:47:45.368 [FXGL Launcher Thread     ] DEBUG FXGLDisplay          - Target size: DoubleProperty [value: 600.0] x DoubleProperty [value: 600.0] @ 1.0
18:47:45.368 [FXGL Launcher Thread     ] DEBUG FXGLDisplay          - New size:    600.0 x 600.0 @ DoubleProperty [value: 1.0]
18:47:45.368 [FXGL Launcher Thread     ] DEBUG FXGLDisplay          - Service [Display] initialized
18:47:45.369 [FXGL Launcher Thread     ] DEBUG FXGLDisplay          - Using CSS: CSS(externalForm=jar:file:/Users/gabriel/.m2/repository/com/github/AlmasB/FXGL/0.2.8/FXGL-0.2.8.jar!/assets/ui/css/fxgl_dark.css)
18:47:45.369 [FXGL Launcher Thread     ] DEBUG InitScenesTask       - Injecting mainMenuScene & gameMenuScene
18:47:45.369 [FXGL Launcher Thread     ] DEBUG InitScenesTask       - Injecting loadingScene & gameScene
18:47:45.498 [FXGL Launcher Thread     ] DEBUG FXGLMasterTimer      - Service [MasterTimer] initialized
18:47:45.501 [FXGL Launcher Thread     ] DEBUG FXGLAudioPlayer      - Service [AudioPlayer] initialized
18:47:45.509 [FXGL Launcher Thread     ] DEBUG GameApplication      - State: STARTUP -> MAIN_MENU
18:47:45.568 [FXGL Launcher Thread     ] DEBUG SaveLoadManager      - Checking profiles dir: profiles/
18:47:45.569 [FXGL Launcher Thread     ] DEBUG SaveLoadManager      - Loading profile names
18:47:45.570 [FXGL Launcher Thread     ] DEBUG IOTask               - Showing dialog
18:47:45.585 [FXGL Launcher Thread     ] DEBUG FXGLEventBus         - Firing event: DisplayEvent[type=DIALOG_OPENED]
18:47:45.586 [FXGL Launcher Thread     ] DEBUG FXGLInput            - Clearing active input actions
18:47:45.588 [FXGL Background Thread 1 ] DEBUG IOTask               - Executing task: loadDirectoryNamesTask(./profiles/, false)
18:47:45.771 [JavaFX Application Thread] DEBUG FXGLDisplay          - Showing stage
18:47:45.771 [JavaFX Application Thread] DEBUG FXGLDisplay          - Root size: 600.0x600.0
18:47:45.772 [JavaFX Application Thread] DEBUG FXGLDisplay          - Scene size: 600.0x600.0
18:47:45.772 [JavaFX Application Thread] DEBUG FXGLDisplay          - Stage size: 600.0x622.0
18:47:45.866 [JavaFX Application Thread] DEBUG IOTask               - succeed(): Dismissing dialog
18:47:45.867 [JavaFX Application Thread] DEBUG FXGLEventBus         - Firing event: DisplayEvent[type=DIALOG_CLOSED]
18:47:45.868 [JavaFX Application Thread] DEBUG IOTask               - Task succeeded: loadDirectoryNamesTask(./profiles/, false)
18:47:45.879 [JavaFX Application Thread] DEBUG FXGLEventBus         - Firing event: DisplayEvent[type=DIALOG_OPENED]
18:47:45.880 [JavaFX Application Thread] DEBUG FXGLInput            - Clearing active input actions
18:47:49.627 [JavaFX Application Thread] DEBUG FXGLEventBus         - Firing event: DisplayEvent[type=DIALOG_CLOSED]
18:47:49.628 [JavaFX Application Thread] DEBUG SaveLoadManager      - Loading profile: Gabriel
18:47:49.646 [JavaFX Application Thread] DEBUG IOTask               - Showing dialog
18:47:49.652 [JavaFX Application Thread] DEBUG FXGLEventBus         - Firing event: DisplayEvent[type=DIALOG_OPENED]
18:47:49.652 [JavaFX Application Thread] DEBUG FXGLInput            - Clearing active input actions
18:47:49.653 [FXGL Background Thread 1 ] DEBUG IOTask               - Executing task: readDataTask(./profiles/Gabriel/user.profile)
18:47:49.655 [FXGL Background Thread 1 ] DEBUG FS                   - Reading from: ./profiles/Gabriel/user.profile
18:47:49.677 [JavaFX Application Thread] DEBUG IOTask               - succeed(): Dismissing dialog
18:47:49.678 [JavaFX Application Thread] DEBUG FXGLEventBus         - Firing event: DisplayEvent[type=DIALOG_CLOSED]
18:47:49.679 [JavaFX Application Thread] DEBUG IOTask               - Task succeeded: readDataTask(./profiles/Gabriel/user.profile)
18:47:49.679 [JavaFX Application Thread] DEBUG FXGLEventBus         - Firing event: LoadEvent[type=LOAD_PROFILE]
18:47:49.679 [JavaFX Application Thread] DEBUG FXGLInput            - Loading data from profile
18:47:49.679 [JavaFX Application Thread] DEBUG Bundle               - Logging bundle: input
18:47:49.679 [JavaFX Application Thread] DEBUG Bundle               - input.Right=D
18:47:49.679 [JavaFX Application Thread] DEBUG Bundle               - input.Screenshot=P
18:47:49.679 [JavaFX Application Thread] DEBUG Bundle               - input.Dev Options=CTRL+0
18:47:49.679 [JavaFX Application Thread] DEBUG Bundle               - input.Left=A
18:47:49.680 [JavaFX Application Thread] DEBUG FXGLDisplay          - Loading data from profile
18:47:49.680 [JavaFX Application Thread] DEBUG Bundle               - Logging bundle: scene
18:47:49.680 [JavaFX Application Thread] DEBUG Bundle               - scene.sizeW=600.0
18:47:49.680 [JavaFX Application Thread] DEBUG Bundle               - scene.sizeH=600.0
18:47:49.680 [JavaFX Application Thread] DEBUG FXGLDisplay          - Target size: DoubleProperty [value: 600.0] x DoubleProperty [value: 600.0] @ 1.0
18:47:49.680 [JavaFX Application Thread] DEBUG FXGLDisplay          - New size:    600.0 x 600.0 @ DoubleProperty [value: 1.0]
18:47:49.712 [JavaFX Application Thread] DEBUG FXGLAudioPlayer      - Loading data from profile
18:47:49.712 [JavaFX Application Thread] DEBUG Bundle               - Logging bundle: audio
18:47:49.712 [JavaFX Application Thread] DEBUG Bundle               - audio.musicVolume=0.5
18:47:49.712 [JavaFX Application Thread] DEBUG Bundle               - audio.soundVolume=0.5
18:47:49.712 [JavaFX Application Thread] DEBUG AchievementManager   - Loading data from profile
18:47:49.713 [JavaFX Application Thread] DEBUG Bundle               - Logging bundle: achievement
18:47:49.713 [JavaFX Application Thread] DEBUG Bundle               - achievement.Game Finished=false
18:47:49.713 [JavaFX Application Thread] DEBUG FXGLMasterTimer      - Loading data from profile
18:47:49.713 [JavaFX Application Thread] DEBUG Bundle               - Logging bundle: timer
18:47:49.713 [JavaFX Application Thread] DEBUG Bundle               - timer.playtime=20877597918
18:47:49.715 [JavaFX Application Thread] DEBUG SaveLoadManager      - Loading last modified save file
18:47:49.715 [JavaFX Application Thread] DEBUG SaveLoadManager      - Loading save files
18:47:49.719 [JavaFX Application Thread] DEBUG IOTask               - Showing dialog
18:47:49.729 [JavaFX Application Thread] DEBUG FXGLEventBus         - Firing event: DisplayEvent[type=DIALOG_OPENED]
18:47:49.729 [JavaFX Application Thread] DEBUG FXGLInput            - Clearing active input actions
18:47:49.730 [FXGL Background Thread 1 ] DEBUG IOTask               - Executing task: loadFileNamesTask(./profiles/Gabriel/saves/, true, [FileExtension(extension=.sav)])
18:47:49.730 [FXGL Background Thread 1 ] DEBUG IOTask               - Executing task: loadFileNamesTask(./profiles/Gabriel/saves/, true, [FileExtension(extension=.sav)])
18:47:49.730 [FXGL Background Thread 1 ] DEBUG IOTask               - Executing task: loadFileNamesTask(./profiles/Gabriel/saves/, true, [FileExtension(extension=.sav)])
18:47:49.734 [FXGL Background Thread 1 ] DEBUG IOTask               - Executing task: readSaveFiles
18:47:49.737 [FXGL Background Thread 1 ] DEBUG IOTask               - Executing task: findLastSave
18:47:49.785 [JavaFX Application Thread] DEBUG IOTask               - fail(): Dismissing dialog
18:47:49.786 [JavaFX Application Thread] DEBUG FXGLEventBus         - Firing event: DisplayEvent[type=DIALOG_CLOSED]
18:47:49.787 [JavaFX Application Thread] WARN  IOTask               - Task failed: loadFileNamesTask(./profiles/Gabriel/saves/, true, [FileExtension(extension=.sav)]) Error: java.io.FileNotFoundException: No save files found
18:47:49.787 [JavaFX Application Thread] DEBUG FXGLEventBus         - Firing event: ProfileSelectedEvent[name=Gabriel,hasSaves=false]
18:47:50.592 [JavaFX Application Thread] DEBUG Menu                 - fireNewGame()
18:47:50.593 [JavaFX Application Thread] DEBUG GameApplication      - Starting new game
18:47:50.594 [JavaFX Application Thread] DEBUG GameApplication      - Initializing App
18:47:50.612 [JavaFX Application Thread] DEBUG FXGLInput            - Clearing active input actions
18:47:50.613 [JavaFX Application Thread] DEBUG FXGLMasterTimer      - Stopping master timer
18:47:50.613 [JavaFX Application Thread] DEBUG GameApplication      - State: MAIN_MENU -> PAUSED
18:47:50.613 [JavaFX Application Thread] DEBUG FXGLEventBus         - Firing event: FXGLEvent[type=PAUSE]
18:47:50.614 [JavaFX Application Thread] DEBUG FXGLInput            - Clearing active input actions
18:47:50.615 [JavaFX Application Thread] DEBUG FXGLMasterTimer      - Resetting ticks and clearing all actions
18:47:50.615 [JavaFX Application Thread] DEBUG GameWorld            - Resetting game world
18:47:50.615 [JavaFX Application Thread] TRACE EntityWorld          - Resetting entity world
18:47:50.617 [JavaFX Application Thread] DEBUG PhysicsWorld         - Resetting physics world
18:47:50.618 [JavaFX Application Thread] DEBUG GameScene            - Resetting game scene
18:47:50.618 [JavaFX Application Thread] DEBUG FXGLEventBus         - Firing event: FXGLEvent[type=RESET]
18:47:50.693 [JavaFX Application Thread] DEBUG GameApplication      - State: PAUSED -> LOADING
18:47:50.700 [JavaFX Application Thread] DEBUG FXGLEventBus         - Firing event: MenuEvent[type=NEW_GAME]
18:47:50.706 [FXGL Background Thread 1 ] DEBUG InitAppTask          - Initializing Assets
18:47:50.708 [FXGL Background Thread 1 ] DEBUG FXGLAssetLoader      - Loading from disk: /assets/sounds/ballbrickhit.wav
18:47:50.749 [FXGL Background Thread 1 ] DEBUG FXGLAssetLoader      - Loading from disk: /assets/sounds/ballwall.wav
18:47:50.755 [FXGL Background Thread 1 ] DEBUG FXGLAssetLoader      - Loading from disk: /assets/sounds/batball.wav
18:47:50.761 [FXGL Background Thread 1 ] DEBUG FXGLAssetLoader      - Loading from disk: /assets/sounds/leveldone.wav
18:47:50.773 [FXGL Background Thread 1 ] DEBUG FXGLAssetLoader      - Loading from disk: /assets/sounds/gamefinished.wav
18:47:50.791 [FXGL Background Thread 1 ] DEBUG InitAppTask          - Initializing Game
18:47:50.862 [FXGL Background Thread 1 ] DEBUG FXGLAssetLoader      - Loading from disk: /assets/ui/main.fxml
18:47:50.914 [FXGL Background Thread 1 ] DEBUG GameScene            - Adding UI node: Pane@36cf26e5
18:47:50.915 [FXGL Background Thread 1 ] DEBUG GameScene            - Adding UI node: UIOverlay@99cf3ea
18:47:50.915 [FXGL Background Thread 1 ] DEBUG InitAppTask          - Initializing Physics
18:47:50.916 [FXGL Background Thread 1 ] DEBUG InitAppTask          - Initializing UI
18:47:50.916 [FXGL Background Thread 1 ] DEBUG FXGLAssetLoader      - Loading from disk: /assets/ui/main.fxml
18:47:50.923 [FXGL Background Thread 1 ] DEBUG GameScene            - Adding UI node: Pane@8618c45
18:47:50.923 [FXGL Background Thread 1 ] DEBUG GameScene            - Adding UI node: UIOverlay@681dc9ab
18:47:50.923 [FXGL Background Thread 1 ] DEBUG InitAppTask          - Initialization Complete
18:47:50.926 [JavaFX Application Thread] DEBUG FXGLInput            - Clearing active input actions
18:47:50.926 [JavaFX Application Thread] DEBUG FXGLMasterTimer      - Starting master timer
18:47:50.927 [JavaFX Application Thread] DEBUG GameApplication      - State: LOADING -> PLAYING
18:47:50.934 [JavaFX Application Thread] DEBUG FXGLEventBus         - Firing event: FXGLEvent[type=RESUME]
18:47:50.940 [JavaFX Application Thread] DEBUG GameScene            - Entity added to scene
18:47:50.941 [JavaFX Application Thread] DEBUG GameScene            - Added MainViewComponent
18:47:50.945 [JavaFX Application Thread] DEBUG GameScene            - Creating render group for layer: TOP(2147483647)
18:47:51.052 [JavaFX Application Thread] DEBUG GameScene            - Entity added to scene
18:47:51.052 [JavaFX Application Thread] DEBUG GameScene            - Added MainViewComponent
18:47:51.053 [JavaFX Application Thread] DEBUG GameScene            - Entity added to scene
18:47:51.053 [JavaFX Application Thread] DEBUG GameScene            - Added MainViewComponent
18:47:51.054 [JavaFX Application Thread] DEBUG GameScene            - Entity added to scene
18:47:51.055 [JavaFX Application Thread] DEBUG GameScene            - Entity added to scene
18:47:51.055 [JavaFX Application Thread] DEBUG GameScene            - Added MainViewComponent
18:47:51.055 [JavaFX Application Thread] DEBUG GameScene            - Entity added to scene
18:47:51.055 [JavaFX Application Thread] DEBUG GameScene            - Added MainViewComponent
18:47:51.056 [JavaFX Application Thread] DEBUG GameScene            - Entity added to scene
18:47:51.056 [JavaFX Application Thread] DEBUG GameScene            - Added MainViewComponent
18:47:51.056 [JavaFX Application Thread] DEBUG GameScene            - Entity added to scene
18:47:51.057 [JavaFX Application Thread] DEBUG GameScene            - Added MainViewComponent
18:47:51.057 [JavaFX Application Thread] DEBUG GameScene            - Entity added to scene
18:47:51.057 [JavaFX Application Thread] DEBUG GameScene            - Added MainViewComponent
18:47:51.057 [JavaFX Application Thread] DEBUG GameScene            - Entity added to scene
18:47:51.058 [JavaFX Application Thread] DEBUG GameScene            - Added MainViewComponent
18:47:51.058 [JavaFX Application Thread] DEBUG GameScene            - Entity added to scene
18:47:51.058 [JavaFX Application Thread] DEBUG GameScene            - Added MainViewComponent
18:47:51.058 [JavaFX Application Thread] DEBUG GameScene            - Entity added to scene
18:47:51.058 [JavaFX Application Thread] DEBUG GameScene            - Added MainViewComponent
18:47:51.058 [JavaFX Application Thread] DEBUG GameScene            - Entity added to scene
18:47:51.059 [JavaFX Application Thread] DEBUG GameScene            - Added MainViewComponent
18:47:51.059 [JavaFX Application Thread] DEBUG GameScene            - Entity added to scene
18:47:51.059 [JavaFX Application Thread] DEBUG GameScene            - Added MainViewComponent
18:47:51.059 [JavaFX Application Thread] DEBUG GameScene            - Entity added to scene
18:47:51.059 [JavaFX Application Thread] DEBUG GameScene            - Added MainViewComponent
18:47:51.060 [JavaFX Application Thread] DEBUG GameScene            - Entity added to scene
18:47:51.060 [JavaFX Application Thread] DEBUG GameScene            - Added MainViewComponent
18:47:51.060 [JavaFX Application Thread] DEBUG GameScene            - Entity added to scene
18:47:51.060 [JavaFX Application Thread] DEBUG GameScene            - Added MainViewComponent
18:47:51.060 [JavaFX Application Thread] DEBUG GameScene            - Entity added to scene
18:47:51.060 [JavaFX Application Thread] DEBUG GameScene            - Added MainViewComponent
18:47:51.061 [JavaFX Application Thread] DEBUG GameScene            - Entity added to scene
18:47:51.061 [JavaFX Application Thread] DEBUG GameScene            - Added MainViewComponent
18:47:52.169 [JavaFX Application Thread] DEBUG GameScene            - Entity removed from scene
18:47:52.169 [JavaFX Application Thread] DEBUG GameScene            - Removed MainViewComponent
18:47:54.684 [JavaFX Application Thread] DEBUG GameScene            - Entity removed from scene
18:47:54.685 [JavaFX Application Thread] DEBUG GameScene            - Removed MainViewComponent
18:47:57.184 [JavaFX Application Thread] DEBUG GameScene            - Entity removed from scene
18:47:57.200 [JavaFX Application Thread] DEBUG GameScene            - Removed MainViewComponent
18:47:59.684 [JavaFX Application Thread] DEBUG GameScene            - Entity removed from scene
18:47:59.684 [JavaFX Application Thread] DEBUG GameScene            - Removed MainViewComponent
18:48:02.183 [JavaFX Application Thread] DEBUG GameScene            - Entity removed from scene
18:48:02.183 [JavaFX Application Thread] DEBUG GameScene            - Removed MainViewComponent
18:48:03.794 [JavaFX Application Thread] DEBUG GameScene            - Entity added to scene
18:48:03.795 [JavaFX Application Thread] DEBUG GameScene            - Added MainViewComponent
18:48:03.800 [JavaFX Application Thread] DEBUG GameScene            - Entity added to scene
18:48:03.801 [JavaFX Application Thread] DEBUG GameScene            - Added MainViewComponent
18:48:03.801 [JavaFX Application Thread] DEBUG GameScene            - Entity removed from scene
18:48:03.801 [JavaFX Application Thread] DEBUG GameScene            - Removed MainViewComponent
18:48:04.830 [JavaFX Application Thread] DEBUG GameScene            - Entity removed from scene
18:48:04.830 [JavaFX Application Thread] DEBUG GameScene            - Removed MainViewComponent
18:48:07.099 [JavaFX Application Thread] DEBUG GameScene            - Entity removed from scene
18:48:07.099 [JavaFX Application Thread] DEBUG GameScene            - Removed MainViewComponent
18:48:09.428 [JavaFX Application Thread] DEBUG FXGLEventBus         - Firing event: DisplayEvent[type=DIALOG_OPENED]
18:48:09.428 [JavaFX Application Thread] DEBUG FXGLInput            - Clearing active input actions
18:48:09.429 [JavaFX Application Thread] DEBUG FXGLMasterTimer      - Stopping master timer
18:48:09.429 [JavaFX Application Thread] DEBUG GameApplication      - State: PLAYING -> PAUSED
18:48:09.429 [JavaFX Application Thread] DEBUG FXGLEventBus         - Firing event: FXGLEvent[type=PAUSE]
18:48:09.429 [JavaFX Application Thread] DEBUG FXGLInput            - Clearing active input actions
18:48:10.210 [JavaFX Application Thread] DEBUG FXGLEventBus         - Firing event: DisplayEvent[type=DIALOG_CLOSED]
18:48:10.211 [JavaFX Application Thread] DEBUG FXGLInput            - Clearing active input actions
18:48:10.211 [JavaFX Application Thread] DEBUG FXGLMasterTimer      - Starting master timer
18:48:10.211 [JavaFX Application Thread] DEBUG GameApplication      - State: PAUSED -> PLAYING
18:48:10.211 [JavaFX Application Thread] DEBUG FXGLEventBus         - Firing event: FXGLEvent[type=RESUME]
18:48:10.212 [JavaFX Application Thread] DEBUG FXGLEventBus         - Firing event: DisplayEvent[type=CLOSE_REQUEST]
18:48:10.213 [JavaFX Application Thread] DEBUG FXGLEventBus         - Firing event: FXGLEvent[type=EXIT]
18:48:10.213 [JavaFX Application Thread] DEBUG FXGLEventBus         - Firing event: SaveEvent
18:48:10.213 [JavaFX Application Thread] DEBUG FXGLInput            - Saving data to profile
18:48:10.214 [JavaFX Application Thread] DEBUG Bundle               - Logging bundle: input
18:48:10.214 [JavaFX Application Thread] DEBUG Bundle               - input.Right=D
18:48:10.214 [JavaFX Application Thread] DEBUG Bundle               - input.Screenshot=P
18:48:10.214 [JavaFX Application Thread] DEBUG Bundle               - input.Dev Options=CTRL+0
18:48:10.214 [JavaFX Application Thread] DEBUG Bundle               - input.Left=A
18:48:10.214 [JavaFX Application Thread] DEBUG FXGLDisplay          - Saving data to profile
18:48:10.214 [JavaFX Application Thread] DEBUG Bundle               - Logging bundle: scene
18:48:10.214 [JavaFX Application Thread] DEBUG Bundle               - scene.sizeW=600.0
18:48:10.214 [JavaFX Application Thread] DEBUG Bundle               - scene.sizeH=600.0
18:48:10.214 [JavaFX Application Thread] DEBUG FXGLAudioPlayer      - Saving data to profile
18:48:10.214 [JavaFX Application Thread] DEBUG Bundle               - Logging bundle: audio
18:48:10.214 [JavaFX Application Thread] DEBUG Bundle               - audio.musicVolume=0.5
18:48:10.214 [JavaFX Application Thread] DEBUG Bundle               - audio.soundVolume=0.5
18:48:10.214 [JavaFX Application Thread] DEBUG AchievementManager   - Saving data to profile
18:48:10.215 [JavaFX Application Thread] DEBUG Bundle               - Logging bundle: achievement
18:48:10.215 [JavaFX Application Thread] DEBUG Bundle               - achievement.Game Finished=false
18:48:10.215 [JavaFX Application Thread] DEBUG FXGLMasterTimer      - Saving data to profile
18:48:10.215 [JavaFX Application Thread] DEBUG Bundle               - Logging bundle: timer
18:48:10.215 [JavaFX Application Thread] DEBUG Bundle               - timer.playtime=38971035413
18:48:10.216 [JavaFX Application Thread] DEBUG SaveLoadManager      - Saving profile: Gabriel
18:48:10.218 [JavaFX Application Thread] DEBUG IOTask               - Executing task: writeDataTask(./profiles/Gabriel/user.profile)
18:48:10.218 [JavaFX Application Thread] DEBUG IOTask               - Executing task: writeDataTask(./profiles/Gabriel/user.profile)
18:48:10.220 [JavaFX Application Thread] DEBUG FS                   - Writing to: ./profiles/Gabriel/user.profile
18:48:10.227 [JavaFX Application Thread] DEBUG IOTask               - Executing task: checkSavesDir(./profiles/Gabriel/saves/)
18:48:10.227 [JavaFX Application Thread] DEBUG IOTask               - Task succeeded: writeDataTask(./profiles/Gabriel/user.profile)
18:48:10.228 [JavaFX Application Thread] DEBUG FXGL                 - Saving FXGL system data
18:48:10.228 [JavaFX Application Thread] DEBUG IOTask               - Executing task: writeDataTask(system/fxgl.bundle)
18:48:10.229 [JavaFX Application Thread] DEBUG FS                   - Writing to: system/fxgl.bundle
18:48:10.232 [JavaFX Application Thread] DEBUG IOTask               - Task succeeded: writeDataTask(system/fxgl.bundle)
