18:46:12.877 [FXGL Launcher Thread     ] DEBUG FXGLLoggerFactory    - Service [LoggerFactory] initialized
18:46:12.883 [FXGL Launcher Thread     ] DEBUG FXGL                 - FXGL configuration complete
18:46:12.883 [FXGL Launcher Thread     ] DEBUG FXGL                 - Loading FXGL system data
18:46:12.886 [FXGL Launcher Thread     ] DEBUG IOTask               - Executing task: readDataTask(system/fxgl.bundle)
18:46:12.889 [FXGL Launcher Thread     ] DEBUG FS                   - Reading from: system/fxgl.bundle
18:46:12.898 [FXGL Launcher Thread     ] DEBUG IOTask               - Task succeeded: readDataTask(system/fxgl.bundle)
18:46:12.898 [FXGL Launcher Thread     ] DEBUG Bundle               - Logging bundle: FXGL
18:46:12.899 [FXGL Launcher Thread     ] DEBUG Bundle               - FXGL.offline.timer.version.check=2016-12-11T13:15:22.017
18:46:12.906 [FXGL Launcher Thread     ] DEBUG GameApplication      - Configuring GameApplication
18:46:12.913 [FXGL Launcher Thread     ] DEBUG FXGLExceptionHandler - Service [ExceptionHandler] initialized
18:46:12.914 [FXGL Launcher Thread     ] DEBUG FXGLEventBus         - Service [EventBus] initialized
18:46:12.918 [FXGL Launcher Thread     ] DEBUG FXGLExecutor         - Service [Executor] initialized
18:46:12.918 [FXGL Launcher Thread     ] DEBUG PreInitTask          - Injecting gameWorld & physicsWorld
18:46:12.924 [FXGL Launcher Thread     ] DEBUG GameWorld            - Game world initialized
18:46:12.988 [FXGL Launcher Thread     ] DEBUG FXGLPooler           - Service [Pooler] initialized with default size = 128
18:46:12.988 [FXGL Launcher Thread     ] DEBUG PhysicsWorld         - Physics world initialized: appHeight=600,0, physics.ppm=50,0
18:46:12.992 [FXGL Launcher Thread     ] DEBUG AchievementManager   - Service [AchievementManager] initialized
18:46:12.993 [FXGL Launcher Thread     ] DEBUG AchievementManager   - Registered new achievement "Game Finished"
18:46:12.995 [FXGL Launcher Thread     ] DEBUG FXGLInput            - Service [Input] initialized
18:46:13.023 [FXGL Launcher Thread     ] DEBUG FXGLInput            - Registered new binding: Screenshot - P
18:46:13.024 [FXGL Launcher Thread     ] DEBUG FXGLInput            - Registered new binding: Dev Options - CTRL+0
18:46:13.026 [FXGL Launcher Thread     ] DEBUG FXGLInput            - Registered new binding: Left - A
18:46:13.026 [FXGL Launcher Thread     ] DEBUG FXGLInput            - Registered new binding: Right - D
18:46:13.064 [FXGL Launcher Thread     ] DEBUG GameScene            - Game scene initialized: 600.0x600.0
18:46:13.075 [FXGL Launcher Thread     ] DEBUG FXGLAssetLoader      - Service [AssetLoader] initialized: cacheSize=35
18:46:13.078 [FXGL Launcher Thread     ] DEBUG FXGLAssetLoader      - Loading from disk: /assets/sounds/system/notification.wav
18:46:13.169 [FXGL Launcher Thread     ] DEBUG FXGLAssetLoader      - Loading from disk: /assets/sounds/menu/select.wav
18:46:13.171 [FXGL Launcher Thread     ] DEBUG FXGLAssetLoader      - Loading from disk: /assets/sounds/menu/back.wav
18:46:13.173 [FXGL Launcher Thread     ] DEBUG FXGLAssetLoader      - Loading from disk: /assets/sounds/menu/press.wav
18:46:13.175 [FXGL Launcher Thread     ] DEBUG FXGLAssetLoader      - Loading from disk: /assets/ui/fonts/swerve.ttf
18:46:13.199 [FXGL Launcher Thread     ] DEBUG FXGLAssetLoader      - Loading from disk: /assets/ui/css/fxgl.css
18:46:13.200 [FXGL Launcher Thread     ] DEBUG FXGLAssetLoader      - Loading from disk: /assets/ui/icons/fxgl_icon.png
18:46:13.244 [FXGL Launcher Thread     ] DEBUG FXGLEventBus         - Firing event: SaveEvent
18:46:13.291 [FXGL Launcher Thread     ] DEBUG FXGLAssetLoader      - Loading from disk: /assets/ui/css/fxgl_dark.css
18:46:13.301 [FXGL Launcher Thread     ] DEBUG FXGLDisplay          - Target size: DoubleProperty [value: 600.0] x DoubleProperty [value: 600.0] @ 1.0
18:46:13.301 [FXGL Launcher Thread     ] DEBUG FXGLDisplay          - New size:    600.0 x 600.0 @ DoubleProperty [value: 1.0]
18:46:13.301 [FXGL Launcher Thread     ] DEBUG FXGLDisplay          - Service [Display] initialized
18:46:13.301 [FXGL Launcher Thread     ] DEBUG FXGLDisplay          - Using CSS: CSS(externalForm=jar:file:/Users/gabriel/.m2/repository/com/github/AlmasB/FXGL/0.2.8/FXGL-0.2.8.jar!/assets/ui/css/fxgl_dark.css)
18:46:13.303 [FXGL Launcher Thread     ] DEBUG InitScenesTask       - Injecting mainMenuScene & gameMenuScene
18:46:13.303 [FXGL Launcher Thread     ] DEBUG InitScenesTask       - Injecting loadingScene & gameScene
18:46:13.430 [FXGL Launcher Thread     ] DEBUG FXGLMasterTimer      - Service [MasterTimer] initialized
18:46:13.432 [FXGL Launcher Thread     ] DEBUG FXGLAudioPlayer      - Service [AudioPlayer] initialized
18:46:13.442 [FXGL Launcher Thread     ] DEBUG GameApplication      - State: STARTUP -> MAIN_MENU
18:46:13.507 [FXGL Launcher Thread     ] DEBUG SaveLoadManager      - Checking profiles dir: profiles/
18:46:13.508 [FXGL Launcher Thread     ] DEBUG SaveLoadManager      - Creating non-existent profiles dir
18:46:13.511 [FXGL Launcher Thread     ] DEBUG SaveLoadManager      - Loading profile names
18:46:13.513 [FXGL Launcher Thread     ] DEBUG IOTask               - Showing dialog
18:46:13.523 [FXGL Launcher Thread     ] DEBUG FXGLEventBus         - Firing event: DisplayEvent[type=DIALOG_OPENED]
18:46:13.523 [FXGL Launcher Thread     ] DEBUG FXGLInput            - Clearing active input actions
18:46:13.528 [FXGL Background Thread 1 ] DEBUG IOTask               - Executing task: loadDirectoryNamesTask(./profiles/, false)
18:46:13.708 [JavaFX Application Thread] DEBUG FXGLDisplay          - Showing stage
18:46:13.708 [JavaFX Application Thread] DEBUG FXGLDisplay          - Root size: 600.0x600.0
18:46:13.708 [JavaFX Application Thread] DEBUG FXGLDisplay          - Scene size: 600.0x600.0
18:46:13.709 [JavaFX Application Thread] DEBUG FXGLDisplay          - Stage size: 600.0x622.0
18:46:13.785 [JavaFX Application Thread] DEBUG IOTask               - succeed(): Dismissing dialog
18:46:13.787 [JavaFX Application Thread] DEBUG FXGLEventBus         - Firing event: DisplayEvent[type=DIALOG_CLOSED]
18:46:13.787 [JavaFX Application Thread] DEBUG IOTask               - Task succeeded: loadDirectoryNamesTask(./profiles/, false)
18:46:13.799 [JavaFX Application Thread] DEBUG FXGLEventBus         - Firing event: DisplayEvent[type=DIALOG_OPENED]
18:46:13.799 [JavaFX Application Thread] DEBUG FXGLInput            - Clearing active input actions
18:46:20.703 [JavaFX Application Thread] DEBUG FXGLEventBus         - Firing event: DisplayEvent[type=DIALOG_CLOSED]
18:46:20.744 [JavaFX Application Thread] DEBUG FXGLEventBus         - Firing event: DisplayEvent[type=DIALOG_OPENED]
18:46:20.744 [JavaFX Application Thread] DEBUG FXGLInput            - Clearing active input actions
18:46:23.961 [JavaFX Application Thread] DEBUG FXGLEventBus         - Firing event: DisplayEvent[type=DIALOG_CLOSED]
18:46:23.963 [JavaFX Application Thread] DEBUG FXGLEventBus         - Firing event: ProfileSelectedEvent[name=Gabriel,hasSaves=false]
18:46:23.963 [JavaFX Application Thread] DEBUG FXGLEventBus         - Firing event: SaveEvent
18:46:23.963 [JavaFX Application Thread] DEBUG FXGLInput            - Saving data to profile
18:46:23.963 [JavaFX Application Thread] DEBUG Bundle               - Logging bundle: input
18:46:23.963 [JavaFX Application Thread] DEBUG Bundle               - input.Right=D
18:46:23.963 [JavaFX Application Thread] DEBUG Bundle               - input.Screenshot=P
18:46:23.964 [JavaFX Application Thread] DEBUG Bundle               - input.Dev Options=CTRL+0
18:46:23.964 [JavaFX Application Thread] DEBUG Bundle               - input.Left=A
18:46:23.964 [JavaFX Application Thread] DEBUG FXGLDisplay          - Saving data to profile
18:46:23.964 [JavaFX Application Thread] DEBUG Bundle               - Logging bundle: scene
18:46:23.964 [JavaFX Application Thread] DEBUG Bundle               - scene.sizeW=600.0
18:46:23.964 [JavaFX Application Thread] DEBUG Bundle               - scene.sizeH=600.0
18:46:23.964 [JavaFX Application Thread] DEBUG FXGLAudioPlayer      - Saving data to profile
18:46:23.964 [JavaFX Application Thread] DEBUG Bundle               - Logging bundle: audio
18:46:23.964 [JavaFX Application Thread] DEBUG Bundle               - audio.musicVolume=0.5
18:46:23.965 [JavaFX Application Thread] DEBUG Bundle               - audio.soundVolume=0.5
18:46:23.965 [JavaFX Application Thread] DEBUG AchievementManager   - Saving data to profile
18:46:23.965 [JavaFX Application Thread] DEBUG Bundle               - Logging bundle: achievement
18:46:23.965 [JavaFX Application Thread] DEBUG Bundle               - achievement.Game Finished=false
18:46:23.965 [JavaFX Application Thread] DEBUG FXGLMasterTimer      - Saving data to profile
18:46:23.965 [JavaFX Application Thread] DEBUG Bundle               - Logging bundle: timer
18:46:23.965 [JavaFX Application Thread] DEBUG Bundle               - timer.playtime=0
18:46:23.966 [JavaFX Application Thread] DEBUG SaveLoadManager      - Saving profile: Gabriel
18:46:23.968 [JavaFX Application Thread] DEBUG IOTask               - Executing task: writeDataTask(./profiles/Gabriel/user.profile)
18:46:23.968 [JavaFX Application Thread] DEBUG IOTask               - Executing task: writeDataTask(./profiles/Gabriel/user.profile)
18:46:23.969 [JavaFX Application Thread] DEBUG FS                   - Creating directories to: ./profiles/Gabriel
18:46:23.970 [JavaFX Application Thread] DEBUG FS                   - Writing to: ./profiles/Gabriel/user.profile
18:46:23.977 [JavaFX Application Thread] DEBUG IOTask               - Executing task: checkSavesDir(./profiles/Gabriel/saves/)
18:46:23.977 [JavaFX Application Thread] DEBUG SaveLoadManager      - Creating non-existent saves dir
18:46:23.978 [JavaFX Application Thread] DEBUG IOTask               - Task succeeded: writeDataTask(./profiles/Gabriel/user.profile)
18:46:25.300 [JavaFX Application Thread] DEBUG Menu                 - fireNewGame()
18:46:25.300 [JavaFX Application Thread] DEBUG GameApplication      - Starting new game
18:46:25.302 [JavaFX Application Thread] DEBUG GameApplication      - Initializing App
18:46:25.305 [JavaFX Application Thread] DEBUG FXGLInput            - Clearing active input actions
18:46:25.305 [JavaFX Application Thread] DEBUG FXGLMasterTimer      - Stopping master timer
18:46:25.306 [JavaFX Application Thread] DEBUG GameApplication      - State: MAIN_MENU -> PAUSED
18:46:25.306 [JavaFX Application Thread] DEBUG FXGLEventBus         - Firing event: FXGLEvent[type=PAUSE]
18:46:25.307 [JavaFX Application Thread] DEBUG FXGLInput            - Clearing active input actions
18:46:25.307 [JavaFX Application Thread] DEBUG FXGLMasterTimer      - Resetting ticks and clearing all actions
18:46:25.307 [JavaFX Application Thread] DEBUG GameWorld            - Resetting game world
18:46:25.307 [JavaFX Application Thread] TRACE EntityWorld          - Resetting entity world
18:46:25.310 [JavaFX Application Thread] DEBUG PhysicsWorld         - Resetting physics world
18:46:25.310 [JavaFX Application Thread] DEBUG GameScene            - Resetting game scene
18:46:25.310 [JavaFX Application Thread] DEBUG FXGLEventBus         - Firing event: FXGLEvent[type=RESET]
18:46:25.392 [JavaFX Application Thread] DEBUG GameApplication      - State: PAUSED -> LOADING
18:46:25.400 [JavaFX Application Thread] DEBUG FXGLEventBus         - Firing event: MenuEvent[type=NEW_GAME]
18:46:25.402 [FXGL Background Thread 1 ] DEBUG InitAppTask          - Initializing Assets
18:46:25.404 [FXGL Background Thread 1 ] DEBUG FXGLAssetLoader      - Loading from disk: /assets/sounds/ballbrickhit.wav
18:46:25.451 [FXGL Background Thread 1 ] DEBUG FXGLAssetLoader      - Loading from disk: /assets/sounds/ballwall.wav
18:46:25.460 [FXGL Background Thread 1 ] DEBUG FXGLAssetLoader      - Loading from disk: /assets/sounds/batball.wav
18:46:25.469 [FXGL Background Thread 1 ] DEBUG FXGLAssetLoader      - Loading from disk: /assets/sounds/leveldone.wav
18:46:25.496 [FXGL Background Thread 1 ] DEBUG FXGLAssetLoader      - Loading from disk: /assets/sounds/gamefinished.wav
18:46:25.518 [FXGL Background Thread 1 ] DEBUG InitAppTask          - Initializing Game
18:46:25.593 [FXGL Background Thread 1 ] DEBUG FXGLAssetLoader      - Loading from disk: /assets/ui/main.fxml
18:46:25.634 [FXGL Background Thread 1 ] DEBUG GameScene            - Adding UI node: Pane@52c28287
18:46:25.634 [FXGL Background Thread 1 ] DEBUG GameScene            - Adding UI node: UIOverlay@41b42cb0
18:46:25.634 [FXGL Background Thread 1 ] DEBUG InitAppTask          - Initializing Physics
18:46:25.638 [FXGL Background Thread 1 ] DEBUG InitAppTask          - Initializing UI
18:46:25.638 [FXGL Background Thread 1 ] DEBUG FXGLAssetLoader      - Loading from disk: /assets/ui/main.fxml
18:46:25.645 [FXGL Background Thread 1 ] DEBUG GameScene            - Adding UI node: Pane@5008413e
18:46:25.645 [FXGL Background Thread 1 ] DEBUG GameScene            - Adding UI node: UIOverlay@24e6722b
18:46:25.646 [FXGL Background Thread 1 ] DEBUG InitAppTask          - Initialization Complete
18:46:25.648 [JavaFX Application Thread] DEBUG FXGLInput            - Clearing active input actions
18:46:25.649 [JavaFX Application Thread] DEBUG FXGLMasterTimer      - Starting master timer
18:46:25.649 [JavaFX Application Thread] DEBUG GameApplication      - State: LOADING -> PLAYING
18:46:25.657 [JavaFX Application Thread] DEBUG FXGLEventBus         - Firing event: FXGLEvent[type=RESUME]
18:46:25.662 [JavaFX Application Thread] DEBUG GameScene            - Entity added to scene
18:46:25.664 [JavaFX Application Thread] DEBUG GameScene            - Added MainViewComponent
18:46:25.667 [JavaFX Application Thread] DEBUG GameScene            - Creating render group for layer: TOP(2147483647)
18:46:25.771 [JavaFX Application Thread] DEBUG GameScene            - Entity added to scene
18:46:25.771 [JavaFX Application Thread] DEBUG GameScene            - Added MainViewComponent
18:46:25.772 [JavaFX Application Thread] DEBUG GameScene            - Entity added to scene
18:46:25.772 [JavaFX Application Thread] DEBUG GameScene            - Added MainViewComponent
18:46:25.773 [JavaFX Application Thread] DEBUG GameScene            - Entity added to scene
18:46:25.773 [JavaFX Application Thread] DEBUG GameScene            - Entity added to scene
18:46:25.773 [JavaFX Application Thread] DEBUG GameScene            - Added MainViewComponent
18:46:25.774 [JavaFX Application Thread] DEBUG GameScene            - Entity added to scene
18:46:25.774 [JavaFX Application Thread] DEBUG GameScene            - Added MainViewComponent
18:46:25.774 [JavaFX Application Thread] DEBUG GameScene            - Entity added to scene
18:46:25.774 [JavaFX Application Thread] DEBUG GameScene            - Added MainViewComponent
18:46:25.775 [JavaFX Application Thread] DEBUG GameScene            - Entity added to scene
18:46:25.775 [JavaFX Application Thread] DEBUG GameScene            - Added MainViewComponent
18:46:25.775 [JavaFX Application Thread] DEBUG GameScene            - Entity added to scene
18:46:25.775 [JavaFX Application Thread] DEBUG GameScene            - Added MainViewComponent
18:46:25.775 [JavaFX Application Thread] DEBUG GameScene            - Entity added to scene
18:46:25.776 [JavaFX Application Thread] DEBUG GameScene            - Added MainViewComponent
18:46:25.776 [JavaFX Application Thread] DEBUG GameScene            - Entity added to scene
18:46:25.776 [JavaFX Application Thread] DEBUG GameScene            - Added MainViewComponent
18:46:25.776 [JavaFX Application Thread] DEBUG GameScene            - Entity added to scene
18:46:25.776 [JavaFX Application Thread] DEBUG GameScene            - Added MainViewComponent
18:46:25.777 [JavaFX Application Thread] DEBUG GameScene            - Entity added to scene
18:46:25.777 [JavaFX Application Thread] DEBUG GameScene            - Added MainViewComponent
18:46:25.777 [JavaFX Application Thread] DEBUG GameScene            - Entity added to scene
18:46:25.777 [JavaFX Application Thread] DEBUG GameScene            - Added MainViewComponent
18:46:25.778 [JavaFX Application Thread] DEBUG GameScene            - Entity added to scene
18:46:25.778 [JavaFX Application Thread] DEBUG GameScene            - Added MainViewComponent
18:46:25.778 [JavaFX Application Thread] DEBUG GameScene            - Entity added to scene
18:46:25.778 [JavaFX Application Thread] DEBUG GameScene            - Added MainViewComponent
18:46:25.778 [JavaFX Application Thread] DEBUG GameScene            - Entity added to scene
18:46:25.778 [JavaFX Application Thread] DEBUG GameScene            - Added MainViewComponent
18:46:25.779 [JavaFX Application Thread] DEBUG GameScene            - Entity added to scene
18:46:25.779 [JavaFX Application Thread] DEBUG GameScene            - Added MainViewComponent
18:46:25.779 [JavaFX Application Thread] DEBUG GameScene            - Entity added to scene
18:46:25.779 [JavaFX Application Thread] DEBUG GameScene            - Added MainViewComponent
18:46:31.866 [JavaFX Application Thread] DEBUG GameScene            - Entity removed from scene
18:46:31.867 [JavaFX Application Thread] DEBUG GameScene            - Removed MainViewComponent
18:46:38.459 [JavaFX Application Thread] DEBUG GameScene            - Entity added to scene
18:46:38.459 [JavaFX Application Thread] DEBUG GameScene            - Added MainViewComponent
18:46:38.461 [JavaFX Application Thread] DEBUG GameScene            - Entity added to scene
18:46:38.461 [JavaFX Application Thread] DEBUG GameScene            - Added MainViewComponent
18:46:38.462 [JavaFX Application Thread] DEBUG GameScene            - Entity removed from scene
18:46:38.462 [JavaFX Application Thread] DEBUG GameScene            - Removed MainViewComponent
18:46:39.494 [JavaFX Application Thread] DEBUG GameScene            - Entity removed from scene
18:46:39.494 [JavaFX Application Thread] DEBUG GameScene            - Removed MainViewComponent
18:46:39.708 [JavaFX Application Thread] DEBUG GameScene            - Entity removed from scene
18:46:39.708 [JavaFX Application Thread] DEBUG GameScene            - Removed MainViewComponent
18:46:44.691 [JavaFX Application Thread] DEBUG GameScene            - Entity removed from scene
18:46:44.707 [JavaFX Application Thread] DEBUG GameScene            - Removed MainViewComponent
18:46:46.879 [JavaFX Application Thread] DEBUG FXGLEventBus         - Firing event: DisplayEvent[type=DIALOG_OPENED]
18:46:46.880 [JavaFX Application Thread] DEBUG FXGLInput            - Clearing active input actions
18:46:46.880 [JavaFX Application Thread] DEBUG FXGLMasterTimer      - Stopping master timer
18:46:46.880 [JavaFX Application Thread] DEBUG GameApplication      - State: PLAYING -> PAUSED
18:46:46.880 [JavaFX Application Thread] DEBUG FXGLEventBus         - Firing event: FXGLEvent[type=PAUSE]
18:46:46.880 [JavaFX Application Thread] DEBUG FXGLInput            - Clearing active input actions
18:46:47.854 [JavaFX Application Thread] DEBUG FXGLEventBus         - Firing event: DisplayEvent[type=DIALOG_CLOSED]
18:46:47.855 [JavaFX Application Thread] DEBUG FXGLInput            - Clearing active input actions
18:46:47.855 [JavaFX Application Thread] DEBUG FXGLMasterTimer      - Starting master timer
18:46:47.855 [JavaFX Application Thread] DEBUG GameApplication      - State: PAUSED -> PLAYING
18:46:47.855 [JavaFX Application Thread] DEBUG FXGLEventBus         - Firing event: FXGLEvent[type=RESUME]
18:46:47.855 [JavaFX Application Thread] DEBUG FXGLEventBus         - Firing event: DisplayEvent[type=CLOSE_REQUEST]
18:46:47.856 [JavaFX Application Thread] DEBUG FXGLEventBus         - Firing event: FXGLEvent[type=EXIT]
18:46:47.857 [JavaFX Application Thread] DEBUG FXGLEventBus         - Firing event: SaveEvent
18:46:47.857 [JavaFX Application Thread] DEBUG FXGLInput            - Saving data to profile
18:46:47.857 [JavaFX Application Thread] DEBUG Bundle               - Logging bundle: input
18:46:47.857 [JavaFX Application Thread] DEBUG Bundle               - input.Right=D
18:46:47.857 [JavaFX Application Thread] DEBUG Bundle               - input.Screenshot=P
18:46:47.857 [JavaFX Application Thread] DEBUG Bundle               - input.Dev Options=CTRL+0
18:46:47.857 [JavaFX Application Thread] DEBUG Bundle               - input.Left=A
18:46:47.857 [JavaFX Application Thread] DEBUG FXGLDisplay          - Saving data to profile
18:46:47.857 [JavaFX Application Thread] DEBUG Bundle               - Logging bundle: scene
18:46:47.857 [JavaFX Application Thread] DEBUG Bundle               - scene.sizeW=600.0
18:46:47.857 [JavaFX Application Thread] DEBUG Bundle               - scene.sizeH=600.0
18:46:47.857 [JavaFX Application Thread] DEBUG FXGLAudioPlayer      - Saving data to profile
18:46:47.857 [JavaFX Application Thread] DEBUG Bundle               - Logging bundle: audio
18:46:47.858 [JavaFX Application Thread] DEBUG Bundle               - audio.musicVolume=0.5
18:46:47.858 [JavaFX Application Thread] DEBUG Bundle               - audio.soundVolume=0.5
18:46:47.858 [JavaFX Application Thread] DEBUG AchievementManager   - Saving data to profile
18:46:47.858 [JavaFX Application Thread] DEBUG Bundle               - Logging bundle: achievement
18:46:47.858 [JavaFX Application Thread] DEBUG Bundle               - achievement.Game Finished=false
18:46:47.858 [JavaFX Application Thread] DEBUG FXGLMasterTimer      - Saving data to profile
18:46:47.858 [JavaFX Application Thread] DEBUG Bundle               - Logging bundle: timer
18:46:47.858 [JavaFX Application Thread] DEBUG Bundle               - timer.playtime=20877597918
18:46:47.858 [JavaFX Application Thread] DEBUG SaveLoadManager      - Saving profile: Gabriel
18:46:47.858 [JavaFX Application Thread] DEBUG IOTask               - Executing task: writeDataTask(./profiles/Gabriel/user.profile)
18:46:47.858 [JavaFX Application Thread] DEBUG IOTask               - Executing task: writeDataTask(./profiles/Gabriel/user.profile)
18:46:47.858 [JavaFX Application Thread] DEBUG FS                   - Writing to: ./profiles/Gabriel/user.profile
18:46:47.861 [JavaFX Application Thread] DEBUG IOTask               - Executing task: checkSavesDir(./profiles/Gabriel/saves/)
18:46:47.862 [JavaFX Application Thread] DEBUG IOTask               - Task succeeded: writeDataTask(./profiles/Gabriel/user.profile)
18:46:47.862 [JavaFX Application Thread] DEBUG FXGL                 - Saving FXGL system data
18:46:47.862 [JavaFX Application Thread] DEBUG IOTask               - Executing task: writeDataTask(system/fxgl.bundle)
18:46:47.863 [JavaFX Application Thread] DEBUG FS                   - Writing to: system/fxgl.bundle
18:46:47.865 [JavaFX Application Thread] DEBUG IOTask               - Task succeeded: writeDataTask(system/fxgl.bundle)
