21:03:30.090 [FXGL Launcher Thread     ] DEBUG FXGLLoggerFactory    - Service [LoggerFactory] initialized
21:03:30.096 [FXGL Launcher Thread     ] DEBUG FXGL                 - FXGL configuration complete
21:03:30.096 [FXGL Launcher Thread     ] DEBUG FXGL                 - Loading FXGL system data
21:03:30.099 [FXGL Launcher Thread     ] DEBUG IOTask               - Executing task: readDataTask(system/fxgl.bundle)
21:03:30.103 [FXGL Launcher Thread     ] DEBUG FS                   - Reading from: system/fxgl.bundle
21:03:30.112 [FXGL Launcher Thread     ] DEBUG IOTask               - Task succeeded: readDataTask(system/fxgl.bundle)
21:03:30.112 [FXGL Launcher Thread     ] DEBUG Bundle               - Logging bundle: FXGL
21:03:30.112 [FXGL Launcher Thread     ] DEBUG Bundle               - FXGL.offline.timer.version.check=2016-12-11T13:15:22.017
21:03:30.120 [FXGL Launcher Thread     ] DEBUG GameApplication      - Configuring GameApplication
21:03:30.127 [FXGL Launcher Thread     ] DEBUG FXGLExceptionHandler - Service [ExceptionHandler] initialized
21:03:30.128 [FXGL Launcher Thread     ] DEBUG FXGLEventBus         - Service [EventBus] initialized
21:03:30.133 [FXGL Launcher Thread     ] DEBUG FXGLExecutor         - Service [Executor] initialized
21:03:30.133 [FXGL Launcher Thread     ] DEBUG PreInitTask          - Injecting gameWorld & physicsWorld
21:03:30.140 [FXGL Launcher Thread     ] DEBUG GameWorld            - Game world initialized
21:03:30.202 [FXGL Launcher Thread     ] DEBUG FXGLPooler           - Service [Pooler] initialized with default size = 128
21:03:30.202 [FXGL Launcher Thread     ] DEBUG PhysicsWorld         - Physics world initialized: appHeight=600,0, physics.ppm=50,0
21:03:30.203 [FXGL Launcher Thread     ] DEBUG FXGLInput            - Service [Input] initialized
21:03:30.227 [FXGL Launcher Thread     ] DEBUG FXGLInput            - Registered new binding: Screenshot - P
21:03:30.228 [FXGL Launcher Thread     ] DEBUG FXGLInput            - Registered new binding: Dev Options - CTRL+0
21:03:30.230 [FXGL Launcher Thread     ] DEBUG FXGLInput            - Registered new binding: Left - A
21:03:30.230 [FXGL Launcher Thread     ] DEBUG FXGLInput            - Registered new binding: Pass - T
21:03:30.230 [FXGL Launcher Thread     ] DEBUG FXGLInput            - Registered new binding: Right - D
21:03:30.231 [FXGL Launcher Thread     ] DEBUG FXGLInput            - Registered new binding: Restart - R
21:03:30.267 [FXGL Launcher Thread     ] DEBUG GameScene            - Game scene initialized: 600.0x600.0
21:03:30.278 [FXGL Launcher Thread     ] DEBUG FXGLAssetLoader      - Service [AssetLoader] initialized: cacheSize=35
21:03:30.281 [FXGL Launcher Thread     ] DEBUG FXGLAssetLoader      - Loading from disk: /assets/sounds/system/notification.wav
21:03:30.386 [FXGL Launcher Thread     ] DEBUG FXGLAssetLoader      - Loading from disk: /assets/sounds/menu/select.wav
21:03:30.388 [FXGL Launcher Thread     ] DEBUG FXGLAssetLoader      - Loading from disk: /assets/sounds/menu/back.wav
21:03:30.390 [FXGL Launcher Thread     ] DEBUG FXGLAssetLoader      - Loading from disk: /assets/sounds/menu/press.wav
21:03:30.393 [FXGL Launcher Thread     ] DEBUG FXGLAssetLoader      - Loading from disk: /assets/ui/fonts/swerve.ttf
21:03:30.413 [FXGL Launcher Thread     ] DEBUG FXGLAssetLoader      - Loading from disk: /assets/ui/css/fxgl.css
21:03:30.414 [FXGL Launcher Thread     ] DEBUG FXGLAssetLoader      - Loading from disk: /assets/ui/icons/fxgl_icon.png
21:03:30.459 [FXGL Launcher Thread     ] DEBUG FXGLEventBus         - Firing event: SaveEvent
21:03:30.507 [FXGL Launcher Thread     ] DEBUG FXGLAssetLoader      - Loading from disk: /assets/ui/css/fxgl_dark.css
21:03:30.517 [FXGL Launcher Thread     ] DEBUG FXGLDisplay          - Target size: DoubleProperty [value: 600.0] x DoubleProperty [value: 600.0] @ 1.0
21:03:30.517 [FXGL Launcher Thread     ] DEBUG FXGLDisplay          - New size:    600.0 x 600.0 @ DoubleProperty [value: 1.0]
21:03:30.518 [FXGL Launcher Thread     ] DEBUG FXGLDisplay          - Service [Display] initialized
21:03:30.518 [FXGL Launcher Thread     ] DEBUG FXGLDisplay          - Using CSS: CSS(externalForm=jar:file:/Users/gabriel/.m2/repository/com/github/AlmasB/FXGL/0.2.8/FXGL-0.2.8.jar!/assets/ui/css/fxgl_dark.css)
21:03:30.519 [FXGL Launcher Thread     ] DEBUG InitScenesTask       - Injecting mainMenuScene & gameMenuScene
21:03:30.519 [FXGL Launcher Thread     ] DEBUG InitScenesTask       - Injecting loadingScene & gameScene
21:03:30.662 [FXGL Launcher Thread     ] DEBUG FXGLMasterTimer      - Service [MasterTimer] initialized
21:03:30.664 [FXGL Launcher Thread     ] DEBUG FXGLAudioPlayer      - Service [AudioPlayer] initialized
21:03:30.672 [FXGL Launcher Thread     ] DEBUG GameApplication      - State: STARTUP -> MAIN_MENU
21:03:30.735 [FXGL Launcher Thread     ] DEBUG SaveLoadManager      - Checking profiles dir: profiles/
21:03:30.736 [FXGL Launcher Thread     ] DEBUG SaveLoadManager      - Loading profile names
21:03:30.738 [FXGL Launcher Thread     ] DEBUG IOTask               - Showing dialog
21:03:30.752 [FXGL Launcher Thread     ] DEBUG FXGLEventBus         - Firing event: DisplayEvent[type=DIALOG_OPENED]
21:03:30.753 [FXGL Launcher Thread     ] DEBUG FXGLInput            - Clearing active input actions
21:03:30.756 [FXGL Background Thread 1 ] DEBUG IOTask               - Executing task: loadDirectoryNamesTask(./profiles/, false)
21:03:30.939 [JavaFX Application Thread] DEBUG FXGLDisplay          - Showing stage
21:03:30.939 [JavaFX Application Thread] DEBUG FXGLDisplay          - Root size: 600.0x600.0
21:03:30.939 [JavaFX Application Thread] DEBUG FXGLDisplay          - Scene size: 600.0x600.0
21:03:30.939 [JavaFX Application Thread] DEBUG FXGLDisplay          - Stage size: 600.0x622.0
21:03:31.004 [JavaFX Application Thread] DEBUG IOTask               - succeed(): Dismissing dialog
21:03:31.005 [JavaFX Application Thread] DEBUG FXGLEventBus         - Firing event: DisplayEvent[type=DIALOG_CLOSED]
21:03:31.005 [JavaFX Application Thread] DEBUG IOTask               - Task succeeded: loadDirectoryNamesTask(./profiles/, false)
21:03:31.017 [JavaFX Application Thread] DEBUG FXGLEventBus         - Firing event: DisplayEvent[type=DIALOG_OPENED]
21:03:31.017 [JavaFX Application Thread] DEBUG FXGLInput            - Clearing active input actions
21:03:32.256 [JavaFX Application Thread] DEBUG FXGLEventBus         - Firing event: DisplayEvent[type=DIALOG_CLOSED]
21:03:32.257 [JavaFX Application Thread] DEBUG SaveLoadManager      - Loading profile: Gabriel
21:03:32.259 [JavaFX Application Thread] DEBUG IOTask               - Showing dialog
21:03:32.266 [JavaFX Application Thread] DEBUG FXGLEventBus         - Firing event: DisplayEvent[type=DIALOG_OPENED]
21:03:32.266 [JavaFX Application Thread] DEBUG FXGLInput            - Clearing active input actions
21:03:32.267 [FXGL Background Thread 1 ] DEBUG IOTask               - Executing task: readDataTask(./profiles/Gabriel/user.profile)
21:03:32.267 [FXGL Background Thread 1 ] DEBUG FS                   - Reading from: ./profiles/Gabriel/user.profile
21:03:32.289 [JavaFX Application Thread] DEBUG IOTask               - succeed(): Dismissing dialog
21:03:32.290 [JavaFX Application Thread] DEBUG FXGLEventBus         - Firing event: DisplayEvent[type=DIALOG_CLOSED]
21:03:32.290 [JavaFX Application Thread] DEBUG IOTask               - Task succeeded: readDataTask(./profiles/Gabriel/user.profile)
21:03:32.290 [JavaFX Application Thread] DEBUG FXGLEventBus         - Firing event: LoadEvent[type=LOAD_PROFILE]
21:03:32.290 [JavaFX Application Thread] DEBUG FXGLInput            - Loading data from profile
21:03:32.290 [JavaFX Application Thread] DEBUG Bundle               - Logging bundle: input
21:03:32.290 [JavaFX Application Thread] DEBUG Bundle               - input.Pass=T
21:03:32.290 [JavaFX Application Thread] DEBUG Bundle               - input.Right=D
21:03:32.290 [JavaFX Application Thread] DEBUG Bundle               - input.Screenshot=P
21:03:32.290 [JavaFX Application Thread] DEBUG Bundle               - input.Restart=R
21:03:32.291 [JavaFX Application Thread] DEBUG Bundle               - input.Dev Options=CTRL+0
21:03:32.291 [JavaFX Application Thread] DEBUG Bundle               - input.Left=A
21:03:32.291 [JavaFX Application Thread] DEBUG FXGLDisplay          - Loading data from profile
21:03:32.291 [JavaFX Application Thread] DEBUG Bundle               - Logging bundle: scene
21:03:32.291 [JavaFX Application Thread] DEBUG Bundle               - scene.sizeW=600.0
21:03:32.291 [JavaFX Application Thread] DEBUG Bundle               - scene.sizeH=600.0
21:03:32.292 [JavaFX Application Thread] DEBUG FXGLDisplay          - Target size: DoubleProperty [value: 600.0] x DoubleProperty [value: 600.0] @ 1.0
21:03:32.292 [JavaFX Application Thread] DEBUG FXGLDisplay          - New size:    600.0 x 600.0 @ DoubleProperty [value: 1.0]
21:03:32.325 [JavaFX Application Thread] DEBUG FXGLAudioPlayer      - Loading data from profile
21:03:32.325 [JavaFX Application Thread] DEBUG Bundle               - Logging bundle: audio
21:03:32.325 [JavaFX Application Thread] DEBUG Bundle               - audio.musicVolume=0.5
21:03:32.325 [JavaFX Application Thread] DEBUG Bundle               - audio.soundVolume=0.5
21:03:32.326 [JavaFX Application Thread] DEBUG AchievementManager   - Service [AchievementManager] initialized
21:03:32.327 [JavaFX Application Thread] DEBUG AchievementManager   - Loading data from profile
21:03:32.327 [JavaFX Application Thread] DEBUG Bundle               - Logging bundle: achievement
21:03:32.327 [JavaFX Application Thread] DEBUG FXGLMasterTimer      - Loading data from profile
21:03:32.327 [JavaFX Application Thread] DEBUG Bundle               - Logging bundle: timer
21:03:32.327 [JavaFX Application Thread] DEBUG Bundle               - timer.playtime=9976085573076
21:03:32.329 [JavaFX Application Thread] DEBUG SaveLoadManager      - Loading last modified save file
21:03:32.329 [JavaFX Application Thread] DEBUG SaveLoadManager      - Loading save files
21:03:32.333 [JavaFX Application Thread] DEBUG IOTask               - Showing dialog
21:03:32.344 [JavaFX Application Thread] DEBUG FXGLEventBus         - Firing event: DisplayEvent[type=DIALOG_OPENED]
21:03:32.344 [JavaFX Application Thread] DEBUG FXGLInput            - Clearing active input actions
21:03:32.345 [FXGL Background Thread 1 ] DEBUG IOTask               - Executing task: loadFileNamesTask(./profiles/Gabriel/saves/, true, [FileExtension(extension=.sav)])
21:03:32.345 [FXGL Background Thread 1 ] DEBUG IOTask               - Executing task: loadFileNamesTask(./profiles/Gabriel/saves/, true, [FileExtension(extension=.sav)])
21:03:32.345 [FXGL Background Thread 1 ] DEBUG IOTask               - Executing task: loadFileNamesTask(./profiles/Gabriel/saves/, true, [FileExtension(extension=.sav)])
21:03:32.350 [FXGL Background Thread 1 ] DEBUG IOTask               - Executing task: readSaveFiles
21:03:32.353 [FXGL Background Thread 1 ] DEBUG IOTask               - Executing task: findLastSave
21:03:32.408 [JavaFX Application Thread] DEBUG IOTask               - fail(): Dismissing dialog
21:03:32.409 [JavaFX Application Thread] DEBUG FXGLEventBus         - Firing event: DisplayEvent[type=DIALOG_CLOSED]
21:03:32.409 [JavaFX Application Thread] WARN  IOTask               - Task failed: loadFileNamesTask(./profiles/Gabriel/saves/, true, [FileExtension(extension=.sav)]) Error: java.io.FileNotFoundException: No save files found
21:03:32.410 [JavaFX Application Thread] DEBUG FXGLEventBus         - Firing event: ProfileSelectedEvent[name=Gabriel,hasSaves=false]
21:03:33.080 [JavaFX Application Thread] DEBUG Menu                 - fireNewGame()
21:03:33.081 [JavaFX Application Thread] DEBUG GameApplication      - Starting new game
21:03:33.082 [JavaFX Application Thread] DEBUG GameApplication      - Initializing App
21:03:33.084 [JavaFX Application Thread] DEBUG FXGLInput            - Clearing active input actions
21:03:33.085 [JavaFX Application Thread] DEBUG FXGLMasterTimer      - Stopping master timer
21:03:33.085 [JavaFX Application Thread] DEBUG GameApplication      - State: MAIN_MENU -> PAUSED
21:03:33.085 [JavaFX Application Thread] DEBUG FXGLEventBus         - Firing event: FXGLEvent[type=PAUSE]
21:03:33.086 [JavaFX Application Thread] DEBUG FXGLInput            - Clearing active input actions
21:03:33.086 [JavaFX Application Thread] DEBUG FXGLMasterTimer      - Resetting ticks and clearing all actions
21:03:33.086 [JavaFX Application Thread] DEBUG GameWorld            - Resetting game world
21:03:33.086 [JavaFX Application Thread] TRACE EntityWorld          - Resetting entity world
21:03:33.089 [JavaFX Application Thread] DEBUG PhysicsWorld         - Resetting physics world
21:03:33.089 [JavaFX Application Thread] DEBUG GameScene            - Resetting game scene
21:03:33.089 [JavaFX Application Thread] DEBUG FXGLEventBus         - Firing event: FXGLEvent[type=RESET]
21:03:33.172 [JavaFX Application Thread] DEBUG GameApplication      - State: PAUSED -> LOADING
21:03:33.178 [JavaFX Application Thread] DEBUG FXGLEventBus         - Firing event: MenuEvent[type=NEW_GAME]
21:03:33.178 [FXGL Background Thread 1 ] DEBUG InitAppTask          - Initializing Assets
21:03:33.180 [FXGL Background Thread 1 ] DEBUG FXGLAssetLoader      - Loading from disk: /assets/sounds/softbrickhit.wav
21:03:33.228 [FXGL Background Thread 1 ] DEBUG FXGLAssetLoader      - Loading from disk: /assets/sounds/stonebrickhit.wav
21:03:33.238 [FXGL Background Thread 1 ] DEBUG FXGLAssetLoader      - Loading from disk: /assets/sounds/ballwall.wav
21:03:33.243 [FXGL Background Thread 1 ] DEBUG FXGLAssetLoader      - Loading from disk: /assets/sounds/batball.wav
21:03:33.251 [FXGL Background Thread 1 ] DEBUG FXGLAssetLoader      - Loading from disk: /assets/sounds/ballfalling.wav
21:03:33.257 [FXGL Background Thread 1 ] DEBUG FXGLAssetLoader      - Loading from disk: /assets/sounds/bonus.wav
21:03:33.263 [FXGL Background Thread 1 ] DEBUG FXGLAssetLoader      - Loading from disk: /assets/sounds/discount.wav
21:03:33.269 [FXGL Background Thread 1 ] DEBUG FXGLAssetLoader      - Loading from disk: /assets/sounds/metalbrickhit.wav
21:03:33.274 [FXGL Background Thread 1 ] DEBUG FXGLAssetLoader      - Loading from disk: /assets/sounds/poisonbrickhit.wav
21:03:33.278 [FXGL Background Thread 1 ] DEBUG FXGLAssetLoader      - Loading from disk: /assets/sounds/losegame.wav
21:03:33.285 [FXGL Background Thread 1 ] DEBUG FXGLAssetLoader      - Loading from disk: /assets/sounds/nextlevel.wav
21:03:33.293 [FXGL Background Thread 1 ] DEBUG InitAppTask          - Initializing Game
21:03:33.370 [FXGL Background Thread 1 ] DEBUG FXGLAssetLoader      - Loading from disk: /assets/ui/main.fxml
21:03:33.401 [FXGL Background Thread 1 ] DEBUG GameScene            - Adding UI node: Pane@61f842f3
21:03:33.403 [FXGL Background Thread 1 ] DEBUG GameScene            - Adding UI node: Overlay@1627e3d5
21:03:33.420 [FXGL Background Thread 1 ] DEBUG InitAppTask          - Initializing Physics
21:03:33.421 [FXGL Background Thread 1 ] DEBUG InitAppTask          - Initializing UI
21:03:33.422 [FXGL Background Thread 1 ] DEBUG FXGLAssetLoader      - Loading from disk: /assets/ui/main.fxml
21:03:33.428 [FXGL Background Thread 1 ] DEBUG GameScene            - Adding UI node: Pane@2c696a90
21:03:33.428 [FXGL Background Thread 1 ] DEBUG GameScene            - Adding UI node: Overlay@274c5de0
21:03:33.428 [FXGL Background Thread 1 ] DEBUG InitAppTask          - Initialization Complete
21:03:33.430 [JavaFX Application Thread] DEBUG FXGLInput            - Clearing active input actions
21:03:33.430 [JavaFX Application Thread] DEBUG FXGLMasterTimer      - Starting master timer
21:03:33.431 [JavaFX Application Thread] DEBUG GameApplication      - State: LOADING -> PLAYING
21:03:33.436 [JavaFX Application Thread] DEBUG FXGLEventBus         - Firing event: FXGLEvent[type=RESUME]
21:03:33.442 [JavaFX Application Thread] DEBUG GameScene            - Entity added to scene
21:03:33.443 [JavaFX Application Thread] DEBUG GameScene            - Added MainViewComponent
21:03:33.447 [JavaFX Application Thread] DEBUG GameScene            - Creating render group for layer: TOP(2147483647)
21:03:33.543 [JavaFX Application Thread] DEBUG GameScene            - Entity added to scene
21:03:33.543 [JavaFX Application Thread] DEBUG GameScene            - Added MainViewComponent
21:03:33.545 [JavaFX Application Thread] DEBUG GameScene            - Entity added to scene
21:03:33.545 [JavaFX Application Thread] DEBUG GameScene            - Added MainViewComponent
21:03:33.545 [JavaFX Application Thread] DEBUG GameScene            - Entity added to scene
21:03:33.546 [JavaFX Application Thread] DEBUG GameScene            - Entity added to scene
21:03:33.546 [JavaFX Application Thread] DEBUG GameScene            - Added MainViewComponent
21:03:33.546 [JavaFX Application Thread] DEBUG GameScene            - Entity added to scene
21:03:33.546 [JavaFX Application Thread] DEBUG GameScene            - Added MainViewComponent
21:03:33.546 [JavaFX Application Thread] DEBUG GameScene            - Entity added to scene
21:03:33.546 [JavaFX Application Thread] DEBUG GameScene            - Added MainViewComponent
21:03:33.547 [JavaFX Application Thread] DEBUG GameScene            - Entity added to scene
21:03:33.547 [JavaFX Application Thread] DEBUG GameScene            - Added MainViewComponent
21:03:33.547 [JavaFX Application Thread] DEBUG GameScene            - Entity added to scene
21:03:33.547 [JavaFX Application Thread] DEBUG GameScene            - Added MainViewComponent
21:03:33.547 [JavaFX Application Thread] DEBUG GameScene            - Entity added to scene
21:03:33.547 [JavaFX Application Thread] DEBUG GameScene            - Added MainViewComponent
21:03:33.548 [JavaFX Application Thread] DEBUG GameScene            - Entity added to scene
21:03:33.548 [JavaFX Application Thread] DEBUG GameScene            - Added MainViewComponent
21:03:33.548 [JavaFX Application Thread] DEBUG GameScene            - Entity added to scene
21:03:33.548 [JavaFX Application Thread] DEBUG GameScene            - Added MainViewComponent
21:03:33.548 [JavaFX Application Thread] DEBUG GameScene            - Entity added to scene
21:03:33.548 [JavaFX Application Thread] DEBUG GameScene            - Added MainViewComponent
21:03:33.549 [JavaFX Application Thread] DEBUG GameScene            - Entity added to scene
21:03:33.549 [JavaFX Application Thread] DEBUG GameScene            - Added MainViewComponent
21:03:33.549 [JavaFX Application Thread] DEBUG GameScene            - Entity added to scene
21:03:33.549 [JavaFX Application Thread] DEBUG GameScene            - Added MainViewComponent
21:03:33.550 [JavaFX Application Thread] DEBUG GameScene            - Entity added to scene
21:03:33.550 [JavaFX Application Thread] DEBUG GameScene            - Added MainViewComponent
21:03:33.551 [JavaFX Application Thread] DEBUG GameScene            - Entity added to scene
21:03:33.551 [JavaFX Application Thread] DEBUG GameScene            - Added MainViewComponent
21:03:33.552 [JavaFX Application Thread] DEBUG GameScene            - Entity added to scene
21:03:33.552 [JavaFX Application Thread] DEBUG GameScene            - Added MainViewComponent
21:03:33.553 [JavaFX Application Thread] DEBUG GameScene            - Entity added to scene
21:03:33.553 [JavaFX Application Thread] DEBUG GameScene            - Added MainViewComponent
21:03:34.653 [JavaFX Application Thread] DEBUG GameScene            - Entity removed from scene
21:03:34.654 [JavaFX Application Thread] DEBUG GameScene            - Removed MainViewComponent
21:03:34.863 [JavaFX Application Thread] DEBUG FXGLInput            - Clearing active input actions
21:03:34.863 [JavaFX Application Thread] DEBUG FXGLMasterTimer      - Stopping master timer
21:03:34.864 [JavaFX Application Thread] DEBUG GameApplication      - State: PLAYING -> PAUSED
21:03:34.864 [JavaFX Application Thread] DEBUG FXGLEventBus         - Firing event: FXGLEvent[type=PAUSE]
21:03:34.864 [JavaFX Application Thread] DEBUG GameApplication      - State: PAUSED -> GAME_MENU
21:03:40.308 [JavaFX Application Thread] DEBUG FXGLEventBus         - Firing event: DisplayEvent[type=DIALOG_OPENED]
21:03:40.308 [JavaFX Application Thread] DEBUG FXGLInput            - Clearing active input actions
21:03:42.306 [JavaFX Application Thread] DEBUG FXGLEventBus         - Firing event: DisplayEvent[type=DIALOG_CLOSED]
21:03:42.306 [JavaFX Application Thread] DEBUG FXGLEventBus         - Firing event: DisplayEvent[type=CLOSE_REQUEST]
21:03:42.308 [JavaFX Application Thread] DEBUG FXGLEventBus         - Firing event: FXGLEvent[type=EXIT]
21:03:42.309 [JavaFX Application Thread] DEBUG FXGLEventBus         - Firing event: SaveEvent
21:03:42.309 [JavaFX Application Thread] DEBUG FXGLInput            - Saving data to profile
21:03:42.309 [JavaFX Application Thread] DEBUG Bundle               - Logging bundle: input
21:03:42.309 [JavaFX Application Thread] DEBUG Bundle               - input.Pass=T
21:03:42.309 [JavaFX Application Thread] DEBUG Bundle               - input.Right=D
21:03:42.309 [JavaFX Application Thread] DEBUG Bundle               - input.Screenshot=P
21:03:42.309 [JavaFX Application Thread] DEBUG Bundle               - input.Restart=R
21:03:42.310 [JavaFX Application Thread] DEBUG Bundle               - input.Dev Options=CTRL+0
21:03:42.310 [JavaFX Application Thread] DEBUG Bundle               - input.Left=A
21:03:42.310 [JavaFX Application Thread] DEBUG FXGLDisplay          - Saving data to profile
21:03:42.310 [JavaFX Application Thread] DEBUG Bundle               - Logging bundle: scene
21:03:42.310 [JavaFX Application Thread] DEBUG Bundle               - scene.sizeW=600.0
21:03:42.310 [JavaFX Application Thread] DEBUG Bundle               - scene.sizeH=600.0
21:03:42.310 [JavaFX Application Thread] DEBUG FXGLAudioPlayer      - Saving data to profile
21:03:42.310 [JavaFX Application Thread] DEBUG Bundle               - Logging bundle: audio
21:03:42.310 [JavaFX Application Thread] DEBUG Bundle               - audio.musicVolume=0.5
21:03:42.310 [JavaFX Application Thread] DEBUG Bundle               - audio.soundVolume=0.5
21:03:42.310 [JavaFX Application Thread] DEBUG AchievementManager   - Saving data to profile
21:03:42.310 [JavaFX Application Thread] DEBUG Bundle               - Logging bundle: achievement
21:03:42.311 [JavaFX Application Thread] DEBUG FXGLMasterTimer      - Saving data to profile
21:03:42.311 [JavaFX Application Thread] DEBUG Bundle               - Logging bundle: timer
21:03:42.311 [JavaFX Application Thread] DEBUG Bundle               - timer.playtime=9977359887655
21:03:42.312 [JavaFX Application Thread] DEBUG SaveLoadManager      - Saving profile: Gabriel
21:03:42.314 [JavaFX Application Thread] DEBUG IOTask               - Executing task: writeDataTask(./profiles/Gabriel/user.profile)
21:03:42.314 [JavaFX Application Thread] DEBUG IOTask               - Executing task: writeDataTask(./profiles/Gabriel/user.profile)
21:03:42.316 [JavaFX Application Thread] DEBUG FS                   - Writing to: ./profiles/Gabriel/user.profile
21:03:42.321 [JavaFX Application Thread] DEBUG IOTask               - Executing task: checkSavesDir(./profiles/Gabriel/saves/)
21:03:42.321 [JavaFX Application Thread] DEBUG IOTask               - Task succeeded: writeDataTask(./profiles/Gabriel/user.profile)
21:03:42.321 [JavaFX Application Thread] DEBUG FXGL                 - Saving FXGL system data
21:03:42.322 [JavaFX Application Thread] DEBUG IOTask               - Executing task: writeDataTask(system/fxgl.bundle)
21:03:42.322 [JavaFX Application Thread] DEBUG FS                   - Writing to: system/fxgl.bundle
21:03:42.324 [JavaFX Application Thread] DEBUG IOTask               - Task succeeded: writeDataTask(system/fxgl.bundle)
