18:40:35.801 [FXGL Launcher Thread     ] DEBUG FXGLLoggerFactory    - Service [LoggerFactory] initialized
18:40:35.806 [FXGL Launcher Thread     ] DEBUG FXGL                 - FXGL configuration complete
18:40:35.806 [FXGL Launcher Thread     ] DEBUG FXGL                 - Loading FXGL system data
18:40:35.810 [FXGL Launcher Thread     ] DEBUG IOTask               - Executing task: readDataTask(system/fxgl.bundle)
18:40:35.830 [FXGL Launcher Thread     ] DEBUG FS                   - Reading from: system/fxgl.bundle
18:40:35.841 [FXGL Launcher Thread     ] DEBUG IOTask               - Task succeeded: readDataTask(system/fxgl.bundle)
18:40:35.841 [FXGL Launcher Thread     ] DEBUG Bundle               - Logging bundle: FXGL
18:40:35.841 [FXGL Launcher Thread     ] DEBUG Bundle               - FXGL.offline.timer.version.check=2016-12-11T13:15:22.017
18:40:35.850 [FXGL Launcher Thread     ] DEBUG GameApplication      - Configuring GameApplication
18:40:35.856 [FXGL Launcher Thread     ] DEBUG FXGLExceptionHandler - Service [ExceptionHandler] initialized
18:40:35.857 [FXGL Launcher Thread     ] DEBUG FXGLEventBus         - Service [EventBus] initialized
18:40:35.861 [FXGL Launcher Thread     ] DEBUG FXGLExecutor         - Service [Executor] initialized
18:40:35.861 [FXGL Launcher Thread     ] DEBUG PreInitTask          - Injecting gameWorld & physicsWorld
18:40:35.868 [FXGL Launcher Thread     ] DEBUG GameWorld            - Game world initialized
18:40:35.932 [FXGL Launcher Thread     ] DEBUG FXGLPooler           - Service [Pooler] initialized with default size = 128
18:40:35.933 [FXGL Launcher Thread     ] DEBUG PhysicsWorld         - Physics world initialized: appHeight=600,0, physics.ppm=50,0
18:40:35.935 [FXGL Launcher Thread     ] DEBUG FXGLInput            - Service [Input] initialized
18:40:35.964 [FXGL Launcher Thread     ] DEBUG FXGLInput            - Registered new binding: Screenshot - P
18:40:35.965 [FXGL Launcher Thread     ] DEBUG FXGLInput            - Registered new binding: Dev Options - CTRL+0
18:40:35.966 [FXGL Launcher Thread     ] DEBUG FXGLInput            - Registered new binding: Left - A
18:40:35.966 [FXGL Launcher Thread     ] DEBUG FXGLInput            - Registered new binding: Pass - T
18:40:35.966 [FXGL Launcher Thread     ] DEBUG FXGLInput            - Registered new binding: Right - D
18:40:35.966 [FXGL Launcher Thread     ] DEBUG FXGLInput            - Registered new binding: Restart - R
18:40:36.006 [FXGL Launcher Thread     ] DEBUG GameScene            - Game scene initialized: 600.0x600.0
18:40:36.022 [FXGL Launcher Thread     ] DEBUG FXGLAssetLoader      - Service [AssetLoader] initialized: cacheSize=35
18:40:36.036 [FXGL Launcher Thread     ] DEBUG FXGLAssetLoader      - Loading from disk: /assets/sounds/system/notification.wav
18:40:36.149 [FXGL Launcher Thread     ] DEBUG FXGLAssetLoader      - Loading from disk: /assets/sounds/menu/select.wav
18:40:36.150 [FXGL Launcher Thread     ] DEBUG FXGLAssetLoader      - Loading from disk: /assets/sounds/menu/back.wav
18:40:36.152 [FXGL Launcher Thread     ] DEBUG FXGLAssetLoader      - Loading from disk: /assets/sounds/menu/press.wav
18:40:36.154 [FXGL Launcher Thread     ] DEBUG FXGLAssetLoader      - Loading from disk: /assets/ui/fonts/swerve.ttf
18:40:36.175 [FXGL Launcher Thread     ] DEBUG FXGLAssetLoader      - Loading from disk: /assets/ui/css/fxgl.css
18:40:36.175 [FXGL Launcher Thread     ] DEBUG FXGLAssetLoader      - Loading from disk: /assets/ui/icons/fxgl_icon.png
18:40:36.225 [FXGL Launcher Thread     ] DEBUG FXGLEventBus         - Firing event: SaveEvent
18:40:36.277 [FXGL Launcher Thread     ] DEBUG FXGLAssetLoader      - Loading from disk: /assets/ui/css/fxgl_dark.css
18:40:36.287 [FXGL Launcher Thread     ] DEBUG FXGLDisplay          - Target size: DoubleProperty [value: 600.0] x DoubleProperty [value: 600.0] @ 1.0
18:40:36.288 [FXGL Launcher Thread     ] DEBUG FXGLDisplay          - New size:    600.0 x 600.0 @ DoubleProperty [value: 1.0]
18:40:36.288 [FXGL Launcher Thread     ] DEBUG FXGLDisplay          - Service [Display] initialized
18:40:36.288 [FXGL Launcher Thread     ] DEBUG FXGLDisplay          - Using CSS: CSS(externalForm=jar:file:/Users/gabriel/.m2/repository/com/github/AlmasB/FXGL/0.2.8/FXGL-0.2.8.jar!/assets/ui/css/fxgl_dark.css)
18:40:36.289 [FXGL Launcher Thread     ] DEBUG InitScenesTask       - Injecting mainMenuScene & gameMenuScene
18:40:36.289 [FXGL Launcher Thread     ] DEBUG InitScenesTask       - Injecting loadingScene & gameScene
18:40:36.430 [FXGL Launcher Thread     ] DEBUG FXGLMasterTimer      - Service [MasterTimer] initialized
18:40:36.434 [FXGL Launcher Thread     ] DEBUG FXGLAudioPlayer      - Service [AudioPlayer] initialized
18:40:36.443 [FXGL Launcher Thread     ] DEBUG GameApplication      - State: STARTUP -> MAIN_MENU
18:40:36.516 [FXGL Launcher Thread     ] DEBUG SaveLoadManager      - Checking profiles dir: profiles/
18:40:36.517 [FXGL Launcher Thread     ] DEBUG SaveLoadManager      - Loading profile names
18:40:36.519 [FXGL Launcher Thread     ] DEBUG IOTask               - Showing dialog
18:40:36.542 [FXGL Launcher Thread     ] DEBUG FXGLEventBus         - Firing event: DisplayEvent[type=DIALOG_OPENED]
18:40:36.542 [FXGL Launcher Thread     ] DEBUG FXGLInput            - Clearing active input actions
18:40:36.545 [FXGL Background Thread 1 ] DEBUG IOTask               - Executing task: loadDirectoryNamesTask(./profiles/, false)
18:40:36.730 [JavaFX Application Thread] DEBUG FXGLDisplay          - Showing stage
18:40:36.730 [JavaFX Application Thread] DEBUG FXGLDisplay          - Root size: 600.0x600.0
18:40:36.730 [JavaFX Application Thread] DEBUG FXGLDisplay          - Scene size: 600.0x600.0
18:40:36.730 [JavaFX Application Thread] DEBUG FXGLDisplay          - Stage size: 600.0x622.0
18:40:36.817 [JavaFX Application Thread] DEBUG IOTask               - succeed(): Dismissing dialog
18:40:36.818 [JavaFX Application Thread] DEBUG FXGLEventBus         - Firing event: DisplayEvent[type=DIALOG_CLOSED]
18:40:36.818 [JavaFX Application Thread] DEBUG IOTask               - Task succeeded: loadDirectoryNamesTask(./profiles/, false)
18:40:36.833 [JavaFX Application Thread] DEBUG FXGLEventBus         - Firing event: DisplayEvent[type=DIALOG_OPENED]
18:40:36.833 [JavaFX Application Thread] DEBUG FXGLInput            - Clearing active input actions
18:40:38.197 [JavaFX Application Thread] DEBUG FXGLEventBus         - Firing event: DisplayEvent[type=DIALOG_CLOSED]
18:40:38.198 [JavaFX Application Thread] DEBUG SaveLoadManager      - Loading profile: Gabriel
18:40:38.200 [JavaFX Application Thread] DEBUG IOTask               - Showing dialog
18:40:38.208 [JavaFX Application Thread] DEBUG FXGLEventBus         - Firing event: DisplayEvent[type=DIALOG_OPENED]
18:40:38.208 [JavaFX Application Thread] DEBUG FXGLInput            - Clearing active input actions
18:40:38.208 [FXGL Background Thread 1 ] DEBUG IOTask               - Executing task: readDataTask(./profiles/Gabriel/user.profile)
18:40:38.210 [FXGL Background Thread 1 ] DEBUG FS                   - Reading from: ./profiles/Gabriel/user.profile
18:40:38.235 [JavaFX Application Thread] DEBUG IOTask               - succeed(): Dismissing dialog
18:40:38.236 [JavaFX Application Thread] DEBUG FXGLEventBus         - Firing event: DisplayEvent[type=DIALOG_CLOSED]
18:40:38.236 [JavaFX Application Thread] DEBUG IOTask               - Task succeeded: readDataTask(./profiles/Gabriel/user.profile)
18:40:38.236 [JavaFX Application Thread] DEBUG FXGLEventBus         - Firing event: LoadEvent[type=LOAD_PROFILE]
18:40:38.236 [JavaFX Application Thread] DEBUG FXGLInput            - Loading data from profile
18:40:38.236 [JavaFX Application Thread] DEBUG Bundle               - Logging bundle: input
18:40:38.236 [JavaFX Application Thread] DEBUG Bundle               - input.Pass=T
18:40:38.236 [JavaFX Application Thread] DEBUG Bundle               - input.Right=D
18:40:38.236 [JavaFX Application Thread] DEBUG Bundle               - input.Screenshot=P
18:40:38.236 [JavaFX Application Thread] DEBUG Bundle               - input.Restart=R
18:40:38.236 [JavaFX Application Thread] DEBUG Bundle               - input.Dev Options=CTRL+0
18:40:38.238 [JavaFX Application Thread] DEBUG Bundle               - input.Left=A
18:40:38.239 [JavaFX Application Thread] DEBUG FXGLDisplay          - Loading data from profile
18:40:38.239 [JavaFX Application Thread] DEBUG Bundle               - Logging bundle: scene
18:40:38.239 [JavaFX Application Thread] DEBUG Bundle               - scene.sizeW=600.0
18:40:38.239 [JavaFX Application Thread] DEBUG Bundle               - scene.sizeH=600.0
18:40:38.239 [JavaFX Application Thread] DEBUG FXGLDisplay          - Target size: DoubleProperty [value: 600.0] x DoubleProperty [value: 600.0] @ 1.0
18:40:38.239 [JavaFX Application Thread] DEBUG FXGLDisplay          - New size:    600.0 x 600.0 @ DoubleProperty [value: 1.0]
18:40:38.272 [JavaFX Application Thread] DEBUG FXGLAudioPlayer      - Loading data from profile
18:40:38.272 [JavaFX Application Thread] DEBUG Bundle               - Logging bundle: audio
18:40:38.272 [JavaFX Application Thread] DEBUG Bundle               - audio.musicVolume=0.5
18:40:38.272 [JavaFX Application Thread] DEBUG Bundle               - audio.soundVolume=0.5
18:40:38.273 [JavaFX Application Thread] DEBUG AchievementManager   - Service [AchievementManager] initialized
18:40:38.273 [JavaFX Application Thread] DEBUG AchievementManager   - Loading data from profile
18:40:38.273 [JavaFX Application Thread] DEBUG Bundle               - Logging bundle: achievement
18:40:38.273 [JavaFX Application Thread] DEBUG FXGLMasterTimer      - Loading data from profile
18:40:38.273 [JavaFX Application Thread] DEBUG Bundle               - Logging bundle: timer
18:40:38.273 [JavaFX Application Thread] DEBUG Bundle               - timer.playtime=8952491080753
18:40:38.275 [JavaFX Application Thread] DEBUG SaveLoadManager      - Loading last modified save file
18:40:38.275 [JavaFX Application Thread] DEBUG SaveLoadManager      - Loading save files
18:40:38.277 [JavaFX Application Thread] DEBUG IOTask               - Showing dialog
18:40:38.286 [JavaFX Application Thread] DEBUG FXGLEventBus         - Firing event: DisplayEvent[type=DIALOG_OPENED]
18:40:38.286 [JavaFX Application Thread] DEBUG FXGLInput            - Clearing active input actions
18:40:38.286 [FXGL Background Thread 1 ] DEBUG IOTask               - Executing task: loadFileNamesTask(./profiles/Gabriel/saves/, true, [FileExtension(extension=.sav)])
18:40:38.286 [FXGL Background Thread 1 ] DEBUG IOTask               - Executing task: loadFileNamesTask(./profiles/Gabriel/saves/, true, [FileExtension(extension=.sav)])
18:40:38.287 [FXGL Background Thread 1 ] DEBUG IOTask               - Executing task: loadFileNamesTask(./profiles/Gabriel/saves/, true, [FileExtension(extension=.sav)])
18:40:38.290 [FXGL Background Thread 1 ] DEBUG IOTask               - Executing task: readSaveFiles
18:40:38.292 [FXGL Background Thread 1 ] DEBUG IOTask               - Executing task: findLastSave
18:40:38.345 [JavaFX Application Thread] DEBUG IOTask               - fail(): Dismissing dialog
18:40:38.346 [JavaFX Application Thread] DEBUG FXGLEventBus         - Firing event: DisplayEvent[type=DIALOG_CLOSED]
18:40:38.346 [JavaFX Application Thread] WARN  IOTask               - Task failed: loadFileNamesTask(./profiles/Gabriel/saves/, true, [FileExtension(extension=.sav)]) Error: java.io.FileNotFoundException: No save files found
18:40:38.347 [JavaFX Application Thread] DEBUG FXGLEventBus         - Firing event: ProfileSelectedEvent[name=Gabriel,hasSaves=false]
18:40:39.053 [JavaFX Application Thread] DEBUG Menu                 - fireNewGame()
18:40:39.053 [JavaFX Application Thread] DEBUG GameApplication      - Starting new game
18:40:39.054 [JavaFX Application Thread] DEBUG GameApplication      - Initializing App
18:40:39.056 [JavaFX Application Thread] DEBUG FXGLInput            - Clearing active input actions
18:40:39.056 [JavaFX Application Thread] DEBUG FXGLMasterTimer      - Stopping master timer
18:40:39.057 [JavaFX Application Thread] DEBUG GameApplication      - State: MAIN_MENU -> PAUSED
18:40:39.057 [JavaFX Application Thread] DEBUG FXGLEventBus         - Firing event: FXGLEvent[type=PAUSE]
18:40:39.058 [JavaFX Application Thread] DEBUG FXGLInput            - Clearing active input actions
18:40:39.058 [JavaFX Application Thread] DEBUG FXGLMasterTimer      - Resetting ticks and clearing all actions
18:40:39.058 [JavaFX Application Thread] DEBUG GameWorld            - Resetting game world
18:40:39.058 [JavaFX Application Thread] TRACE EntityWorld          - Resetting entity world
18:40:39.060 [JavaFX Application Thread] DEBUG PhysicsWorld         - Resetting physics world
18:40:39.060 [JavaFX Application Thread] DEBUG GameScene            - Resetting game scene
18:40:39.060 [JavaFX Application Thread] DEBUG FXGLEventBus         - Firing event: FXGLEvent[type=RESET]
18:40:39.136 [JavaFX Application Thread] DEBUG GameApplication      - State: PAUSED -> LOADING
18:40:39.142 [JavaFX Application Thread] DEBUG FXGLEventBus         - Firing event: MenuEvent[type=NEW_GAME]
18:40:39.142 [FXGL Background Thread 1 ] DEBUG InitAppTask          - Initializing Assets
18:40:39.144 [FXGL Background Thread 1 ] DEBUG FXGLAssetLoader      - Loading from disk: /assets/sounds/softbrickhit.wav
18:40:39.190 [FXGL Background Thread 1 ] DEBUG FXGLAssetLoader      - Loading from disk: /assets/sounds/stonebrickhit.wav
18:40:39.197 [FXGL Background Thread 1 ] DEBUG FXGLAssetLoader      - Loading from disk: /assets/sounds/ballwall.wav
18:40:39.201 [FXGL Background Thread 1 ] DEBUG FXGLAssetLoader      - Loading from disk: /assets/sounds/batball.wav
18:40:39.208 [FXGL Background Thread 1 ] DEBUG FXGLAssetLoader      - Loading from disk: /assets/sounds/ballfalling.wav
18:40:39.214 [FXGL Background Thread 1 ] DEBUG FXGLAssetLoader      - Loading from disk: /assets/sounds/bonus.wav
18:40:39.222 [FXGL Background Thread 1 ] DEBUG FXGLAssetLoader      - Loading from disk: /assets/sounds/discount.wav
18:40:39.229 [FXGL Background Thread 1 ] DEBUG FXGLAssetLoader      - Loading from disk: /assets/sounds/metalbrickhit.wav
18:40:39.240 [FXGL Background Thread 1 ] DEBUG FXGLAssetLoader      - Loading from disk: /assets/sounds/poisonbrickhit.wav
18:40:39.247 [FXGL Background Thread 1 ] DEBUG InitAppTask          - Initializing Game
18:40:39.324 [FXGL Background Thread 1 ] DEBUG FXGLAssetLoader      - Loading from disk: /assets/ui/main.fxml
18:40:39.368 [FXGL Background Thread 1 ] DEBUG GameScene            - Adding UI node: Pane@ef8dc4c
18:40:39.371 [FXGL Background Thread 1 ] DEBUG GameScene            - Adding UI node: Overlay@5349c671
18:40:39.384 [FXGL Background Thread 1 ] DEBUG InitAppTask          - Initializing Physics
18:40:39.385 [FXGL Background Thread 1 ] DEBUG InitAppTask          - Initializing UI
18:40:39.385 [FXGL Background Thread 1 ] DEBUG FXGLAssetLoader      - Loading from disk: /assets/ui/main.fxml
18:40:39.390 [FXGL Background Thread 1 ] DEBUG GameScene            - Adding UI node: Pane@1a491c6
18:40:39.390 [FXGL Background Thread 1 ] DEBUG GameScene            - Adding UI node: Overlay@7b6b61d2
18:40:39.390 [FXGL Background Thread 1 ] DEBUG InitAppTask          - Initialization Complete
18:40:39.393 [JavaFX Application Thread] DEBUG FXGLInput            - Clearing active input actions
18:40:39.394 [JavaFX Application Thread] DEBUG FXGLMasterTimer      - Starting master timer
18:40:39.394 [JavaFX Application Thread] DEBUG GameApplication      - State: LOADING -> PLAYING
18:40:39.400 [JavaFX Application Thread] DEBUG FXGLEventBus         - Firing event: FXGLEvent[type=RESUME]
18:40:39.405 [JavaFX Application Thread] DEBUG GameScene            - Entity added to scene
18:40:39.406 [JavaFX Application Thread] DEBUG GameScene            - Added MainViewComponent
18:40:39.410 [JavaFX Application Thread] DEBUG GameScene            - Creating render group for layer: TOP(2147483647)
18:40:39.503 [JavaFX Application Thread] DEBUG GameScene            - Entity added to scene
18:40:39.503 [JavaFX Application Thread] DEBUG GameScene            - Added MainViewComponent
18:40:39.505 [JavaFX Application Thread] DEBUG GameScene            - Entity added to scene
18:40:39.505 [JavaFX Application Thread] DEBUG GameScene            - Added MainViewComponent
18:40:39.505 [JavaFX Application Thread] DEBUG GameScene            - Entity added to scene
18:40:39.506 [JavaFX Application Thread] DEBUG GameScene            - Entity added to scene
18:40:39.506 [JavaFX Application Thread] DEBUG GameScene            - Added MainViewComponent
18:40:39.506 [JavaFX Application Thread] DEBUG GameScene            - Entity added to scene
18:40:39.506 [JavaFX Application Thread] DEBUG GameScene            - Added MainViewComponent
18:40:39.507 [JavaFX Application Thread] DEBUG GameScene            - Entity added to scene
18:40:39.507 [JavaFX Application Thread] DEBUG GameScene            - Added MainViewComponent
18:40:39.507 [JavaFX Application Thread] DEBUG GameScene            - Entity added to scene
18:40:39.507 [JavaFX Application Thread] DEBUG GameScene            - Added MainViewComponent
18:40:39.508 [JavaFX Application Thread] DEBUG GameScene            - Entity added to scene
18:40:39.508 [JavaFX Application Thread] DEBUG GameScene            - Added MainViewComponent
18:40:39.508 [JavaFX Application Thread] DEBUG GameScene            - Entity added to scene
18:40:39.508 [JavaFX Application Thread] DEBUG GameScene            - Added MainViewComponent
18:40:39.509 [JavaFX Application Thread] DEBUG GameScene            - Entity added to scene
18:40:39.509 [JavaFX Application Thread] DEBUG GameScene            - Added MainViewComponent
18:40:39.509 [JavaFX Application Thread] DEBUG GameScene            - Entity added to scene
18:40:39.509 [JavaFX Application Thread] DEBUG GameScene            - Added MainViewComponent
18:40:39.510 [JavaFX Application Thread] DEBUG GameScene            - Entity added to scene
18:40:39.510 [JavaFX Application Thread] DEBUG GameScene            - Added MainViewComponent
18:40:39.510 [JavaFX Application Thread] DEBUG GameScene            - Entity added to scene
18:40:39.510 [JavaFX Application Thread] DEBUG GameScene            - Added MainViewComponent
18:40:39.511 [JavaFX Application Thread] DEBUG GameScene            - Entity added to scene
18:40:39.511 [JavaFX Application Thread] DEBUG GameScene            - Added MainViewComponent
18:40:39.511 [JavaFX Application Thread] DEBUG GameScene            - Entity added to scene
18:40:39.511 [JavaFX Application Thread] DEBUG GameScene            - Added MainViewComponent
18:40:39.511 [JavaFX Application Thread] DEBUG GameScene            - Entity added to scene
18:40:39.512 [JavaFX Application Thread] DEBUG GameScene            - Added MainViewComponent
18:40:39.512 [JavaFX Application Thread] DEBUG GameScene            - Entity added to scene
18:40:39.512 [JavaFX Application Thread] DEBUG GameScene            - Added MainViewComponent
18:40:39.512 [JavaFX Application Thread] DEBUG GameScene            - Entity added to scene
18:40:39.512 [JavaFX Application Thread] DEBUG GameScene            - Added MainViewComponent
18:40:43.131 [JavaFX Application Thread] DEBUG GameScene            - Entity removed from scene
18:40:43.132 [JavaFX Application Thread] DEBUG GameScene            - Removed MainViewComponent
18:40:49.740 [JavaFX Application Thread] DEBUG GameScene            - Entity added to scene
18:40:49.740 [JavaFX Application Thread] DEBUG GameScene            - Added MainViewComponent
18:40:49.743 [JavaFX Application Thread] DEBUG GameScene            - Entity added to scene
18:40:49.743 [JavaFX Application Thread] DEBUG GameScene            - Added MainViewComponent
18:40:49.744 [JavaFX Application Thread] DEBUG GameScene            - Entity removed from scene
18:40:49.744 [JavaFX Application Thread] DEBUG GameScene            - Removed MainViewComponent
18:40:50.776 [JavaFX Application Thread] DEBUG GameScene            - Entity removed from scene
18:40:50.777 [JavaFX Application Thread] DEBUG GameScene            - Removed MainViewComponent
18:40:58.487 [JavaFX Application Thread] DEBUG GameScene            - Entity removed from scene
18:40:58.504 [JavaFX Application Thread] DEBUG GameScene            - Removed MainViewComponent
18:41:01.003 [JavaFX Application Thread] DEBUG GameScene            - Entity removed from scene
18:41:01.003 [JavaFX Application Thread] DEBUG GameScene            - Removed MainViewComponent
18:41:05.986 [JavaFX Application Thread] DEBUG GameScene            - Entity removed from scene
18:41:05.986 [JavaFX Application Thread] DEBUG GameScene            - Removed MainViewComponent
18:41:10.063 [JavaFX Application Thread] DEBUG GameScene            - Entity added to scene
18:41:10.079 [JavaFX Application Thread] DEBUG GameScene            - Added MainViewComponent
18:41:10.079 [JavaFX Application Thread] DEBUG GameScene            - Entity added to scene
18:41:10.079 [JavaFX Application Thread] DEBUG GameScene            - Added MainViewComponent
18:41:10.080 [JavaFX Application Thread] DEBUG GameScene            - Entity removed from scene
18:41:10.080 [JavaFX Application Thread] DEBUG GameScene            - Removed MainViewComponent
18:41:11.099 [JavaFX Application Thread] DEBUG GameScene            - Entity removed from scene
18:41:11.099 [JavaFX Application Thread] DEBUG GameScene            - Removed MainViewComponent
18:41:18.662 [JavaFX Application Thread] DEBUG GameScene            - Entity added to scene
18:41:18.662 [JavaFX Application Thread] DEBUG GameScene            - Added MainViewComponent
18:41:18.662 [JavaFX Application Thread] DEBUG GameScene            - Entity added to scene
18:41:18.662 [JavaFX Application Thread] DEBUG GameScene            - Added MainViewComponent
18:41:18.663 [JavaFX Application Thread] DEBUG GameScene            - Entity removed from scene
18:41:18.663 [JavaFX Application Thread] DEBUG GameScene            - Removed MainViewComponent
18:41:19.682 [JavaFX Application Thread] DEBUG GameScene            - Entity removed from scene
18:41:19.682 [JavaFX Application Thread] DEBUG GameScene            - Removed MainViewComponent
18:41:19.906 [JavaFX Application Thread] DEBUG FXGLInput            - Clearing active input actions
18:41:19.906 [JavaFX Application Thread] DEBUG FXGLMasterTimer      - Stopping master timer
18:41:19.906 [JavaFX Application Thread] DEBUG GameApplication      - State: PLAYING -> PAUSED
18:41:19.906 [JavaFX Application Thread] DEBUG FXGLEventBus         - Firing event: FXGLEvent[type=PAUSE]
18:41:23.426 [JavaFX Application Thread] DEBUG FXGLEventBus         - Firing event: DisplayEvent[type=DIALOG_OPENED]
18:41:23.427 [JavaFX Application Thread] DEBUG FXGLInput            - Clearing active input actions
18:41:23.427 [JavaFX Application Thread] DEBUG FXGLMasterTimer      - Stopping master timer
18:41:23.427 [JavaFX Application Thread] DEBUG GameApplication      - State: PAUSED -> PAUSED
18:41:23.427 [JavaFX Application Thread] DEBUG FXGLEventBus         - Firing event: FXGLEvent[type=PAUSE]
18:41:23.427 [JavaFX Application Thread] DEBUG FXGLInput            - Clearing active input actions
18:41:24.867 [JavaFX Application Thread] DEBUG FXGLEventBus         - Firing event: DisplayEvent[type=DIALOG_CLOSED]
18:41:24.868 [JavaFX Application Thread] DEBUG FXGLInput            - Clearing active input actions
18:41:24.868 [JavaFX Application Thread] DEBUG FXGLMasterTimer      - Starting master timer
18:41:24.868 [JavaFX Application Thread] DEBUG GameApplication      - State: PAUSED -> PLAYING
18:41:24.868 [JavaFX Application Thread] DEBUG FXGLEventBus         - Firing event: FXGLEvent[type=RESUME]
18:41:24.868 [JavaFX Application Thread] DEBUG FXGLEventBus         - Firing event: DisplayEvent[type=CLOSE_REQUEST]
18:41:24.869 [JavaFX Application Thread] DEBUG FXGLEventBus         - Firing event: FXGLEvent[type=EXIT]
18:41:24.869 [JavaFX Application Thread] DEBUG FXGLEventBus         - Firing event: SaveEvent
18:41:24.869 [JavaFX Application Thread] DEBUG FXGLInput            - Saving data to profile
18:41:24.869 [JavaFX Application Thread] DEBUG Bundle               - Logging bundle: input
18:41:24.869 [JavaFX Application Thread] DEBUG Bundle               - input.Pass=T
18:41:24.869 [JavaFX Application Thread] DEBUG Bundle               - input.Right=D
18:41:24.869 [JavaFX Application Thread] DEBUG Bundle               - input.Screenshot=P
18:41:24.870 [JavaFX Application Thread] DEBUG Bundle               - input.Restart=R
18:41:24.870 [JavaFX Application Thread] DEBUG Bundle               - input.Dev Options=CTRL+0
18:41:24.870 [JavaFX Application Thread] DEBUG Bundle               - input.Left=A
18:41:24.870 [JavaFX Application Thread] DEBUG FXGLDisplay          - Saving data to profile
18:41:24.870 [JavaFX Application Thread] DEBUG Bundle               - Logging bundle: scene
18:41:24.870 [JavaFX Application Thread] DEBUG Bundle               - scene.sizeW=600.0
18:41:24.870 [JavaFX Application Thread] DEBUG Bundle               - scene.sizeH=600.0
18:41:24.870 [JavaFX Application Thread] DEBUG FXGLAudioPlayer      - Saving data to profile
18:41:24.870 [JavaFX Application Thread] DEBUG Bundle               - Logging bundle: audio
18:41:24.870 [JavaFX Application Thread] DEBUG Bundle               - audio.musicVolume=0.5
18:41:24.870 [JavaFX Application Thread] DEBUG Bundle               - audio.soundVolume=0.5
18:41:24.870 [JavaFX Application Thread] DEBUG AchievementManager   - Saving data to profile
18:41:24.870 [JavaFX Application Thread] DEBUG Bundle               - Logging bundle: achievement
18:41:24.870 [JavaFX Application Thread] DEBUG FXGLMasterTimer      - Saving data to profile
18:41:24.871 [JavaFX Application Thread] DEBUG Bundle               - Logging bundle: timer
18:41:24.871 [JavaFX Application Thread] DEBUG Bundle               - timer.playtime=8992455970283
18:41:24.871 [JavaFX Application Thread] DEBUG SaveLoadManager      - Saving profile: Gabriel
18:41:24.873 [JavaFX Application Thread] DEBUG IOTask               - Executing task: writeDataTask(./profiles/Gabriel/user.profile)
18:41:24.874 [JavaFX Application Thread] DEBUG IOTask               - Executing task: writeDataTask(./profiles/Gabriel/user.profile)
18:41:24.891 [JavaFX Application Thread] DEBUG FS                   - Writing to: ./profiles/Gabriel/user.profile
18:41:24.896 [JavaFX Application Thread] DEBUG IOTask               - Executing task: checkSavesDir(./profiles/Gabriel/saves/)
18:41:24.896 [JavaFX Application Thread] DEBUG IOTask               - Task succeeded: writeDataTask(./profiles/Gabriel/user.profile)
18:41:24.897 [JavaFX Application Thread] DEBUG FXGL                 - Saving FXGL system data
18:41:24.897 [JavaFX Application Thread] DEBUG IOTask               - Executing task: writeDataTask(system/fxgl.bundle)
18:41:24.898 [JavaFX Application Thread] DEBUG FS                   - Writing to: system/fxgl.bundle
18:41:24.900 [JavaFX Application Thread] DEBUG IOTask               - Task succeeded: writeDataTask(system/fxgl.bundle)
18:41:24.903 [JavaFX Application Thread] DEBUG GameScene            - Entity removed from scene
18:41:24.903 [JavaFX Application Thread] DEBUG GameScene            - Removed MainViewComponent
