21:03:46.703 [FXGL Launcher Thread     ] DEBUG FXGLLoggerFactory    - Service [LoggerFactory] initialized
21:03:46.710 [FXGL Launcher Thread     ] DEBUG FXGL                 - FXGL configuration complete
21:03:46.710 [FXGL Launcher Thread     ] DEBUG FXGL                 - Loading FXGL system data
21:03:46.713 [FXGL Launcher Thread     ] DEBUG IOTask               - Executing task: readDataTask(system/fxgl.bundle)
21:03:46.717 [FXGL Launcher Thread     ] DEBUG FS                   - Reading from: system/fxgl.bundle
21:03:46.725 [FXGL Launcher Thread     ] DEBUG IOTask               - Task succeeded: readDataTask(system/fxgl.bundle)
21:03:46.726 [FXGL Launcher Thread     ] DEBUG Bundle               - Logging bundle: FXGL
21:03:46.726 [FXGL Launcher Thread     ] DEBUG Bundle               - FXGL.offline.timer.version.check=2016-12-11T13:15:22.017
21:03:46.734 [FXGL Launcher Thread     ] DEBUG GameApplication      - Configuring GameApplication
21:03:46.742 [FXGL Launcher Thread     ] DEBUG FXGLExceptionHandler - Service [ExceptionHandler] initialized
21:03:46.743 [FXGL Launcher Thread     ] DEBUG FXGLEventBus         - Service [EventBus] initialized
21:03:46.748 [FXGL Launcher Thread     ] DEBUG FXGLExecutor         - Service [Executor] initialized
21:03:46.748 [FXGL Launcher Thread     ] DEBUG PreInitTask          - Injecting gameWorld & physicsWorld
21:03:46.756 [FXGL Launcher Thread     ] DEBUG GameWorld            - Game world initialized
21:03:46.823 [FXGL Launcher Thread     ] DEBUG FXGLPooler           - Service [Pooler] initialized with default size = 128
21:03:46.824 [FXGL Launcher Thread     ] DEBUG PhysicsWorld         - Physics world initialized: appHeight=600,0, physics.ppm=50,0
21:03:46.825 [FXGL Launcher Thread     ] DEBUG FXGLInput            - Service [Input] initialized
21:03:46.852 [FXGL Launcher Thread     ] DEBUG FXGLInput            - Registered new binding: Screenshot - P
21:03:46.852 [FXGL Launcher Thread     ] DEBUG FXGLInput            - Registered new binding: Dev Options - CTRL+0
21:03:46.853 [FXGL Launcher Thread     ] DEBUG FXGLInput            - Registered new binding: Left - A
21:03:46.853 [FXGL Launcher Thread     ] DEBUG FXGLInput            - Registered new binding: Pass - T
21:03:46.853 [FXGL Launcher Thread     ] DEBUG FXGLInput            - Registered new binding: Right - D
21:03:46.853 [FXGL Launcher Thread     ] DEBUG FXGLInput            - Registered new binding: Restart - R
21:03:46.896 [FXGL Launcher Thread     ] DEBUG GameScene            - Game scene initialized: 600.0x600.0
21:03:46.924 [FXGL Launcher Thread     ] DEBUG FXGLAssetLoader      - Service [AssetLoader] initialized: cacheSize=35
21:03:46.929 [FXGL Launcher Thread     ] DEBUG FXGLAssetLoader      - Loading from disk: /assets/sounds/system/notification.wav
21:03:47.008 [FXGL Launcher Thread     ] DEBUG FXGLAssetLoader      - Loading from disk: /assets/sounds/menu/select.wav
21:03:47.010 [FXGL Launcher Thread     ] DEBUG FXGLAssetLoader      - Loading from disk: /assets/sounds/menu/back.wav
21:03:47.012 [FXGL Launcher Thread     ] DEBUG FXGLAssetLoader      - Loading from disk: /assets/sounds/menu/press.wav
21:03:47.015 [FXGL Launcher Thread     ] DEBUG FXGLAssetLoader      - Loading from disk: /assets/ui/fonts/swerve.ttf
21:03:47.039 [FXGL Launcher Thread     ] DEBUG FXGLAssetLoader      - Loading from disk: /assets/ui/css/fxgl.css
21:03:47.039 [FXGL Launcher Thread     ] DEBUG FXGLAssetLoader      - Loading from disk: /assets/ui/icons/fxgl_icon.png
21:03:47.086 [FXGL Launcher Thread     ] DEBUG FXGLEventBus         - Firing event: SaveEvent
21:03:47.144 [FXGL Launcher Thread     ] DEBUG FXGLAssetLoader      - Loading from disk: /assets/ui/css/fxgl_dark.css
21:03:47.159 [FXGL Launcher Thread     ] DEBUG FXGLDisplay          - Target size: DoubleProperty [value: 600.0] x DoubleProperty [value: 600.0] @ 1.0
21:03:47.159 [FXGL Launcher Thread     ] DEBUG FXGLDisplay          - New size:    600.0 x 600.0 @ DoubleProperty [value: 1.0]
21:03:47.159 [FXGL Launcher Thread     ] DEBUG FXGLDisplay          - Service [Display] initialized
21:03:47.160 [FXGL Launcher Thread     ] DEBUG FXGLDisplay          - Using CSS: CSS(externalForm=jar:file:/Users/gabriel/.m2/repository/com/github/AlmasB/FXGL/0.2.8/FXGL-0.2.8.jar!/assets/ui/css/fxgl_dark.css)
21:03:47.161 [FXGL Launcher Thread     ] DEBUG InitScenesTask       - Injecting mainMenuScene & gameMenuScene
21:03:47.161 [FXGL Launcher Thread     ] DEBUG InitScenesTask       - Injecting loadingScene & gameScene
21:03:47.309 [FXGL Launcher Thread     ] DEBUG FXGLMasterTimer      - Service [MasterTimer] initialized
21:03:47.312 [FXGL Launcher Thread     ] DEBUG FXGLAudioPlayer      - Service [AudioPlayer] initialized
21:03:47.322 [FXGL Launcher Thread     ] DEBUG GameApplication      - State: STARTUP -> MAIN_MENU
21:03:47.386 [FXGL Launcher Thread     ] DEBUG SaveLoadManager      - Checking profiles dir: profiles/
21:03:47.386 [FXGL Launcher Thread     ] DEBUG SaveLoadManager      - Loading profile names
21:03:47.388 [FXGL Launcher Thread     ] DEBUG IOTask               - Showing dialog
21:03:47.401 [FXGL Launcher Thread     ] DEBUG FXGLEventBus         - Firing event: DisplayEvent[type=DIALOG_OPENED]
21:03:47.402 [FXGL Launcher Thread     ] DEBUG FXGLInput            - Clearing active input actions
21:03:47.406 [FXGL Background Thread 1 ] DEBUG IOTask               - Executing task: loadDirectoryNamesTask(./profiles/, false)
21:03:47.584 [JavaFX Application Thread] DEBUG FXGLDisplay          - Showing stage
21:03:47.584 [JavaFX Application Thread] DEBUG FXGLDisplay          - Root size: 600.0x600.0
21:03:47.584 [JavaFX Application Thread] DEBUG FXGLDisplay          - Scene size: 600.0x600.0
21:03:47.584 [JavaFX Application Thread] DEBUG FXGLDisplay          - Stage size: 600.0x622.0
21:03:47.659 [JavaFX Application Thread] DEBUG IOTask               - succeed(): Dismissing dialog
21:03:47.660 [JavaFX Application Thread] DEBUG FXGLEventBus         - Firing event: DisplayEvent[type=DIALOG_CLOSED]
21:03:47.661 [JavaFX Application Thread] DEBUG IOTask               - Task succeeded: loadDirectoryNamesTask(./profiles/, false)
21:03:47.674 [JavaFX Application Thread] DEBUG FXGLEventBus         - Firing event: DisplayEvent[type=DIALOG_OPENED]
21:03:47.675 [JavaFX Application Thread] DEBUG FXGLInput            - Clearing active input actions
21:03:49.340 [JavaFX Application Thread] DEBUG FXGLEventBus         - Firing event: DisplayEvent[type=DIALOG_CLOSED]
21:03:49.341 [JavaFX Application Thread] DEBUG SaveLoadManager      - Loading profile: Gabriel
21:03:49.342 [JavaFX Application Thread] DEBUG IOTask               - Showing dialog
21:03:49.349 [JavaFX Application Thread] DEBUG FXGLEventBus         - Firing event: DisplayEvent[type=DIALOG_OPENED]
21:03:49.349 [JavaFX Application Thread] DEBUG FXGLInput            - Clearing active input actions
21:03:49.349 [FXGL Background Thread 1 ] DEBUG IOTask               - Executing task: readDataTask(./profiles/Gabriel/user.profile)
21:03:49.350 [FXGL Background Thread 1 ] DEBUG FS                   - Reading from: ./profiles/Gabriel/user.profile
21:03:49.375 [JavaFX Application Thread] DEBUG IOTask               - succeed(): Dismissing dialog
21:03:49.376 [JavaFX Application Thread] DEBUG FXGLEventBus         - Firing event: DisplayEvent[type=DIALOG_CLOSED]
21:03:49.377 [JavaFX Application Thread] DEBUG IOTask               - Task succeeded: readDataTask(./profiles/Gabriel/user.profile)
21:03:49.377 [JavaFX Application Thread] DEBUG FXGLEventBus         - Firing event: LoadEvent[type=LOAD_PROFILE]
21:03:49.377 [JavaFX Application Thread] DEBUG FXGLInput            - Loading data from profile
21:03:49.377 [JavaFX Application Thread] DEBUG Bundle               - Logging bundle: input
21:03:49.377 [JavaFX Application Thread] DEBUG Bundle               - input.Pass=T
21:03:49.377 [JavaFX Application Thread] DEBUG Bundle               - input.Right=D
21:03:49.377 [JavaFX Application Thread] DEBUG Bundle               - input.Screenshot=P
21:03:49.377 [JavaFX Application Thread] DEBUG Bundle               - input.Restart=R
21:03:49.377 [JavaFX Application Thread] DEBUG Bundle               - input.Dev Options=CTRL+0
21:03:49.378 [JavaFX Application Thread] DEBUG Bundle               - input.Left=A
21:03:49.378 [JavaFX Application Thread] DEBUG FXGLDisplay          - Loading data from profile
21:03:49.378 [JavaFX Application Thread] DEBUG Bundle               - Logging bundle: scene
21:03:49.378 [JavaFX Application Thread] DEBUG Bundle               - scene.sizeW=600.0
21:03:49.378 [JavaFX Application Thread] DEBUG Bundle               - scene.sizeH=600.0
21:03:49.378 [JavaFX Application Thread] DEBUG FXGLDisplay          - Target size: DoubleProperty [value: 600.0] x DoubleProperty [value: 600.0] @ 1.0
21:03:49.378 [JavaFX Application Thread] DEBUG FXGLDisplay          - New size:    600.0 x 600.0 @ DoubleProperty [value: 1.0]
21:03:49.413 [JavaFX Application Thread] DEBUG FXGLAudioPlayer      - Loading data from profile
21:03:49.413 [JavaFX Application Thread] DEBUG Bundle               - Logging bundle: audio
21:03:49.413 [JavaFX Application Thread] DEBUG Bundle               - audio.musicVolume=0.5
21:03:49.413 [JavaFX Application Thread] DEBUG Bundle               - audio.soundVolume=0.5
21:03:49.414 [JavaFX Application Thread] DEBUG AchievementManager   - Service [AchievementManager] initialized
21:03:49.414 [JavaFX Application Thread] DEBUG AchievementManager   - Loading data from profile
21:03:49.414 [JavaFX Application Thread] DEBUG Bundle               - Logging bundle: achievement
21:03:49.414 [JavaFX Application Thread] DEBUG FXGLMasterTimer      - Loading data from profile
21:03:49.414 [JavaFX Application Thread] DEBUG Bundle               - Logging bundle: timer
21:03:49.415 [JavaFX Application Thread] DEBUG Bundle               - timer.playtime=9977359887655
21:03:49.416 [JavaFX Application Thread] DEBUG SaveLoadManager      - Loading last modified save file
21:03:49.417 [JavaFX Application Thread] DEBUG SaveLoadManager      - Loading save files
21:03:49.421 [JavaFX Application Thread] DEBUG IOTask               - Showing dialog
21:03:49.430 [JavaFX Application Thread] DEBUG FXGLEventBus         - Firing event: DisplayEvent[type=DIALOG_OPENED]
21:03:49.431 [JavaFX Application Thread] DEBUG FXGLInput            - Clearing active input actions
21:03:49.431 [FXGL Background Thread 1 ] DEBUG IOTask               - Executing task: loadFileNamesTask(./profiles/Gabriel/saves/, true, [FileExtension(extension=.sav)])
21:03:49.432 [FXGL Background Thread 1 ] DEBUG IOTask               - Executing task: loadFileNamesTask(./profiles/Gabriel/saves/, true, [FileExtension(extension=.sav)])
21:03:49.432 [FXGL Background Thread 1 ] DEBUG IOTask               - Executing task: loadFileNamesTask(./profiles/Gabriel/saves/, true, [FileExtension(extension=.sav)])
21:03:49.438 [FXGL Background Thread 1 ] DEBUG IOTask               - Executing task: readSaveFiles
21:03:49.441 [FXGL Background Thread 1 ] DEBUG IOTask               - Executing task: findLastSave
21:03:49.488 [JavaFX Application Thread] DEBUG IOTask               - fail(): Dismissing dialog
21:03:49.489 [JavaFX Application Thread] DEBUG FXGLEventBus         - Firing event: DisplayEvent[type=DIALOG_CLOSED]
21:03:49.489 [JavaFX Application Thread] WARN  IOTask               - Task failed: loadFileNamesTask(./profiles/Gabriel/saves/, true, [FileExtension(extension=.sav)]) Error: java.io.FileNotFoundException: No save files found
21:03:49.489 [JavaFX Application Thread] DEBUG FXGLEventBus         - Firing event: ProfileSelectedEvent[name=Gabriel,hasSaves=false]
21:03:50.155 [JavaFX Application Thread] DEBUG Menu                 - fireNewGame()
21:03:50.155 [JavaFX Application Thread] DEBUG GameApplication      - Starting new game
21:03:50.157 [JavaFX Application Thread] DEBUG GameApplication      - Initializing App
21:03:50.158 [JavaFX Application Thread] DEBUG FXGLInput            - Clearing active input actions
21:03:50.159 [JavaFX Application Thread] DEBUG FXGLMasterTimer      - Stopping master timer
21:03:50.159 [JavaFX Application Thread] DEBUG GameApplication      - State: MAIN_MENU -> PAUSED
21:03:50.159 [JavaFX Application Thread] DEBUG FXGLEventBus         - Firing event: FXGLEvent[type=PAUSE]
21:03:50.160 [JavaFX Application Thread] DEBUG FXGLInput            - Clearing active input actions
21:03:50.160 [JavaFX Application Thread] DEBUG FXGLMasterTimer      - Resetting ticks and clearing all actions
21:03:50.160 [JavaFX Application Thread] DEBUG GameWorld            - Resetting game world
21:03:50.160 [JavaFX Application Thread] TRACE EntityWorld          - Resetting entity world
21:03:50.162 [JavaFX Application Thread] DEBUG PhysicsWorld         - Resetting physics world
21:03:50.162 [JavaFX Application Thread] DEBUG GameScene            - Resetting game scene
21:03:50.162 [JavaFX Application Thread] DEBUG FXGLEventBus         - Firing event: FXGLEvent[type=RESET]
21:03:50.231 [JavaFX Application Thread] DEBUG GameApplication      - State: PAUSED -> LOADING
21:03:50.237 [JavaFX Application Thread] DEBUG FXGLEventBus         - Firing event: MenuEvent[type=NEW_GAME]
21:03:50.237 [FXGL Background Thread 1 ] DEBUG InitAppTask          - Initializing Assets
21:03:50.239 [FXGL Background Thread 1 ] DEBUG FXGLAssetLoader      - Loading from disk: /assets/sounds/softbrickhit.wav
21:03:50.279 [FXGL Background Thread 1 ] DEBUG FXGLAssetLoader      - Loading from disk: /assets/sounds/stonebrickhit.wav
21:03:50.284 [FXGL Background Thread 1 ] DEBUG FXGLAssetLoader      - Loading from disk: /assets/sounds/ballwall.wav
21:03:50.286 [FXGL Background Thread 1 ] DEBUG FXGLAssetLoader      - Loading from disk: /assets/sounds/batball.wav
21:03:50.288 [FXGL Background Thread 1 ] DEBUG FXGLAssetLoader      - Loading from disk: /assets/sounds/ballfalling.wav
21:03:50.290 [FXGL Background Thread 1 ] DEBUG FXGLAssetLoader      - Loading from disk: /assets/sounds/bonus.wav
21:03:50.293 [FXGL Background Thread 1 ] DEBUG FXGLAssetLoader      - Loading from disk: /assets/sounds/discount.wav
21:03:50.295 [FXGL Background Thread 1 ] DEBUG FXGLAssetLoader      - Loading from disk: /assets/sounds/metalbrickhit.wav
21:03:50.298 [FXGL Background Thread 1 ] DEBUG FXGLAssetLoader      - Loading from disk: /assets/sounds/poisonbrickhit.wav
21:03:50.300 [FXGL Background Thread 1 ] DEBUG FXGLAssetLoader      - Loading from disk: /assets/sounds/losegame.wav
21:03:50.302 [FXGL Background Thread 1 ] DEBUG FXGLAssetLoader      - Loading from disk: /assets/sounds/nextlevel.wav
21:03:50.304 [FXGL Background Thread 1 ] DEBUG InitAppTask          - Initializing Game
21:03:50.355 [FXGL Background Thread 1 ] DEBUG FXGLAssetLoader      - Loading from disk: /assets/ui/main.fxml
21:03:50.393 [FXGL Background Thread 1 ] DEBUG GameScene            - Adding UI node: Pane@51040093
21:03:50.396 [FXGL Background Thread 1 ] DEBUG GameScene            - Adding UI node: Overlay@30c998ed
21:03:50.403 [FXGL Background Thread 1 ] DEBUG InitAppTask          - Initializing Physics
21:03:50.404 [FXGL Background Thread 1 ] DEBUG InitAppTask          - Initializing UI
21:03:50.404 [FXGL Background Thread 1 ] DEBUG FXGLAssetLoader      - Loading from disk: /assets/ui/main.fxml
21:03:50.413 [FXGL Background Thread 1 ] DEBUG GameScene            - Adding UI node: Pane@271856d4
21:03:50.413 [FXGL Background Thread 1 ] DEBUG GameScene            - Adding UI node: Overlay@29b7b0c
21:03:50.414 [FXGL Background Thread 1 ] DEBUG InitAppTask          - Initialization Complete
21:03:50.416 [JavaFX Application Thread] DEBUG FXGLInput            - Clearing active input actions
21:03:50.417 [JavaFX Application Thread] DEBUG FXGLMasterTimer      - Starting master timer
21:03:50.417 [JavaFX Application Thread] DEBUG GameApplication      - State: LOADING -> PLAYING
21:03:50.425 [JavaFX Application Thread] DEBUG FXGLEventBus         - Firing event: FXGLEvent[type=RESUME]
21:03:50.429 [JavaFX Application Thread] DEBUG GameScene            - Entity added to scene
21:03:50.430 [JavaFX Application Thread] DEBUG GameScene            - Added MainViewComponent
21:03:50.434 [JavaFX Application Thread] DEBUG GameScene            - Creating render group for layer: TOP(2147483647)
21:03:50.530 [JavaFX Application Thread] DEBUG GameScene            - Entity added to scene
21:03:50.530 [JavaFX Application Thread] DEBUG GameScene            - Added MainViewComponent
21:03:50.531 [JavaFX Application Thread] DEBUG GameScene            - Entity added to scene
21:03:50.531 [JavaFX Application Thread] DEBUG GameScene            - Added MainViewComponent
21:03:50.531 [JavaFX Application Thread] DEBUG GameScene            - Entity added to scene
21:03:50.532 [JavaFX Application Thread] DEBUG GameScene            - Entity added to scene
21:03:50.532 [JavaFX Application Thread] DEBUG GameScene            - Added MainViewComponent
21:03:50.532 [JavaFX Application Thread] DEBUG GameScene            - Entity added to scene
21:03:50.532 [JavaFX Application Thread] DEBUG GameScene            - Added MainViewComponent
21:03:50.532 [JavaFX Application Thread] DEBUG GameScene            - Entity added to scene
21:03:50.532 [JavaFX Application Thread] DEBUG GameScene            - Added MainViewComponent
21:03:50.533 [JavaFX Application Thread] DEBUG GameScene            - Entity added to scene
21:03:50.533 [JavaFX Application Thread] DEBUG GameScene            - Added MainViewComponent
21:03:50.533 [JavaFX Application Thread] DEBUG GameScene            - Entity added to scene
21:03:50.533 [JavaFX Application Thread] DEBUG GameScene            - Added MainViewComponent
21:03:50.533 [JavaFX Application Thread] DEBUG GameScene            - Entity added to scene
21:03:50.533 [JavaFX Application Thread] DEBUG GameScene            - Added MainViewComponent
21:03:50.534 [JavaFX Application Thread] DEBUG GameScene            - Entity added to scene
21:03:50.534 [JavaFX Application Thread] DEBUG GameScene            - Added MainViewComponent
21:03:50.534 [JavaFX Application Thread] DEBUG GameScene            - Entity added to scene
21:03:50.534 [JavaFX Application Thread] DEBUG GameScene            - Added MainViewComponent
21:03:50.535 [JavaFX Application Thread] DEBUG GameScene            - Entity added to scene
21:03:50.535 [JavaFX Application Thread] DEBUG GameScene            - Added MainViewComponent
21:03:50.535 [JavaFX Application Thread] DEBUG GameScene            - Entity added to scene
21:03:50.535 [JavaFX Application Thread] DEBUG GameScene            - Added MainViewComponent
21:03:50.535 [JavaFX Application Thread] DEBUG GameScene            - Entity added to scene
21:03:50.535 [JavaFX Application Thread] DEBUG GameScene            - Added MainViewComponent
21:03:50.536 [JavaFX Application Thread] DEBUG GameScene            - Entity added to scene
21:03:50.536 [JavaFX Application Thread] DEBUG GameScene            - Added MainViewComponent
21:03:50.536 [JavaFX Application Thread] DEBUG GameScene            - Entity added to scene
21:03:50.536 [JavaFX Application Thread] DEBUG GameScene            - Added MainViewComponent
21:03:50.537 [JavaFX Application Thread] DEBUG GameScene            - Entity added to scene
21:03:50.537 [JavaFX Application Thread] DEBUG GameScene            - Added MainViewComponent
21:03:50.537 [JavaFX Application Thread] DEBUG GameScene            - Entity added to scene
21:03:50.537 [JavaFX Application Thread] DEBUG GameScene            - Added MainViewComponent
21:03:54.121 [JavaFX Application Thread] DEBUG GameScene            - Entity removed from scene
21:03:54.122 [JavaFX Application Thread] DEBUG GameScene            - Removed MainViewComponent
21:03:56.803 [JavaFX Application Thread] DEBUG FXGLEventBus         - Firing event: DisplayEvent[type=DIALOG_OPENED]
21:03:56.803 [JavaFX Application Thread] DEBUG FXGLInput            - Clearing active input actions
21:03:56.803 [JavaFX Application Thread] DEBUG FXGLMasterTimer      - Stopping master timer
21:03:56.804 [JavaFX Application Thread] DEBUG GameApplication      - State: PLAYING -> PAUSED
21:03:56.804 [JavaFX Application Thread] DEBUG FXGLEventBus         - Firing event: FXGLEvent[type=PAUSE]
21:03:56.804 [JavaFX Application Thread] DEBUG FXGLInput            - Clearing active input actions
21:03:57.639 [JavaFX Application Thread] DEBUG FXGLEventBus         - Firing event: DisplayEvent[type=DIALOG_CLOSED]
21:03:57.640 [JavaFX Application Thread] DEBUG FXGLInput            - Clearing active input actions
21:03:57.640 [JavaFX Application Thread] DEBUG FXGLMasterTimer      - Starting master timer
21:03:57.640 [JavaFX Application Thread] DEBUG GameApplication      - State: PAUSED -> PLAYING
21:03:57.640 [JavaFX Application Thread] DEBUG FXGLEventBus         - Firing event: FXGLEvent[type=RESUME]
21:03:57.640 [JavaFX Application Thread] DEBUG FXGLEventBus         - Firing event: DisplayEvent[type=CLOSE_REQUEST]
21:03:57.641 [JavaFX Application Thread] DEBUG FXGLEventBus         - Firing event: FXGLEvent[type=EXIT]
21:03:57.642 [JavaFX Application Thread] DEBUG FXGLEventBus         - Firing event: SaveEvent
21:03:57.642 [JavaFX Application Thread] DEBUG FXGLInput            - Saving data to profile
21:03:57.642 [JavaFX Application Thread] DEBUG Bundle               - Logging bundle: input
21:03:57.642 [JavaFX Application Thread] DEBUG Bundle               - input.Pass=T
21:03:57.642 [JavaFX Application Thread] DEBUG Bundle               - input.Right=D
21:03:57.642 [JavaFX Application Thread] DEBUG Bundle               - input.Screenshot=P
21:03:57.642 [JavaFX Application Thread] DEBUG Bundle               - input.Restart=R
21:03:57.642 [JavaFX Application Thread] DEBUG Bundle               - input.Dev Options=CTRL+0
21:03:57.642 [JavaFX Application Thread] DEBUG Bundle               - input.Left=A
21:03:57.643 [JavaFX Application Thread] DEBUG FXGLDisplay          - Saving data to profile
21:03:57.643 [JavaFX Application Thread] DEBUG Bundle               - Logging bundle: scene
21:03:57.643 [JavaFX Application Thread] DEBUG Bundle               - scene.sizeW=600.0
21:03:57.643 [JavaFX Application Thread] DEBUG Bundle               - scene.sizeH=600.0
21:03:57.643 [JavaFX Application Thread] DEBUG FXGLAudioPlayer      - Saving data to profile
21:03:57.643 [JavaFX Application Thread] DEBUG Bundle               - Logging bundle: audio
21:03:57.643 [JavaFX Application Thread] DEBUG Bundle               - audio.musicVolume=0.5
21:03:57.643 [JavaFX Application Thread] DEBUG Bundle               - audio.soundVolume=0.5
21:03:57.643 [JavaFX Application Thread] DEBUG AchievementManager   - Saving data to profile
21:03:57.643 [JavaFX Application Thread] DEBUG Bundle               - Logging bundle: achievement
21:03:57.643 [JavaFX Application Thread] DEBUG FXGLMasterTimer      - Saving data to profile
21:03:57.643 [JavaFX Application Thread] DEBUG Bundle               - Logging bundle: timer
21:03:57.643 [JavaFX Application Thread] DEBUG Bundle               - timer.playtime=9983559171853
21:03:57.644 [JavaFX Application Thread] DEBUG SaveLoadManager      - Saving profile: Gabriel
21:03:57.646 [JavaFX Application Thread] DEBUG IOTask               - Executing task: writeDataTask(./profiles/Gabriel/user.profile)
21:03:57.646 [JavaFX Application Thread] DEBUG IOTask               - Executing task: writeDataTask(./profiles/Gabriel/user.profile)
21:03:57.648 [JavaFX Application Thread] DEBUG FS                   - Writing to: ./profiles/Gabriel/user.profile
21:03:57.654 [JavaFX Application Thread] DEBUG IOTask               - Executing task: checkSavesDir(./profiles/Gabriel/saves/)
21:03:57.654 [JavaFX Application Thread] DEBUG IOTask               - Task succeeded: writeDataTask(./profiles/Gabriel/user.profile)
21:03:57.654 [JavaFX Application Thread] DEBUG FXGL                 - Saving FXGL system data
21:03:57.655 [JavaFX Application Thread] DEBUG IOTask               - Executing task: writeDataTask(system/fxgl.bundle)
21:03:57.655 [JavaFX Application Thread] DEBUG FS                   - Writing to: system/fxgl.bundle
21:03:57.658 [JavaFX Application Thread] DEBUG IOTask               - Task succeeded: writeDataTask(system/fxgl.bundle)
