21:04:02.000 [FXGL Launcher Thread     ] DEBUG FXGLLoggerFactory    - Service [LoggerFactory] initialized
21:04:02.008 [FXGL Launcher Thread     ] DEBUG FXGL                 - FXGL configuration complete
21:04:02.008 [FXGL Launcher Thread     ] DEBUG FXGL                 - Loading FXGL system data
21:04:02.011 [FXGL Launcher Thread     ] DEBUG IOTask               - Executing task: readDataTask(system/fxgl.bundle)
21:04:02.014 [FXGL Launcher Thread     ] DEBUG FS                   - Reading from: system/fxgl.bundle
21:04:02.023 [FXGL Launcher Thread     ] DEBUG IOTask               - Task succeeded: readDataTask(system/fxgl.bundle)
21:04:02.023 [FXGL Launcher Thread     ] DEBUG Bundle               - Logging bundle: FXGL
21:04:02.024 [FXGL Launcher Thread     ] DEBUG Bundle               - FXGL.offline.timer.version.check=2016-12-11T13:15:22.017
21:04:02.031 [FXGL Launcher Thread     ] DEBUG GameApplication      - Configuring GameApplication
21:04:02.038 [FXGL Launcher Thread     ] DEBUG FXGLExceptionHandler - Service [ExceptionHandler] initialized
21:04:02.039 [FXGL Launcher Thread     ] DEBUG FXGLEventBus         - Service [EventBus] initialized
21:04:02.043 [FXGL Launcher Thread     ] DEBUG FXGLExecutor         - Service [Executor] initialized
21:04:02.043 [FXGL Launcher Thread     ] DEBUG PreInitTask          - Injecting gameWorld & physicsWorld
21:04:02.053 [FXGL Launcher Thread     ] DEBUG GameWorld            - Game world initialized
21:04:02.116 [FXGL Launcher Thread     ] DEBUG FXGLPooler           - Service [Pooler] initialized with default size = 128
21:04:02.116 [FXGL Launcher Thread     ] DEBUG PhysicsWorld         - Physics world initialized: appHeight=600,0, physics.ppm=50,0
21:04:02.117 [FXGL Launcher Thread     ] DEBUG FXGLInput            - Service [Input] initialized
21:04:02.143 [FXGL Launcher Thread     ] DEBUG FXGLInput            - Registered new binding: Screenshot - P
21:04:02.144 [FXGL Launcher Thread     ] DEBUG FXGLInput            - Registered new binding: Dev Options - CTRL+0
21:04:02.145 [FXGL Launcher Thread     ] DEBUG FXGLInput            - Registered new binding: Left - A
21:04:02.145 [FXGL Launcher Thread     ] DEBUG FXGLInput            - Registered new binding: Pass - T
21:04:02.145 [FXGL Launcher Thread     ] DEBUG FXGLInput            - Registered new binding: Right - D
21:04:02.145 [FXGL Launcher Thread     ] DEBUG FXGLInput            - Registered new binding: Restart - R
21:04:02.187 [FXGL Launcher Thread     ] DEBUG GameScene            - Game scene initialized: 600.0x600.0
21:04:02.199 [FXGL Launcher Thread     ] DEBUG FXGLAssetLoader      - Service [AssetLoader] initialized: cacheSize=35
21:04:02.202 [FXGL Launcher Thread     ] DEBUG FXGLAssetLoader      - Loading from disk: /assets/sounds/system/notification.wav
21:04:02.309 [FXGL Launcher Thread     ] DEBUG FXGLAssetLoader      - Loading from disk: /assets/sounds/menu/select.wav
21:04:02.311 [FXGL Launcher Thread     ] DEBUG FXGLAssetLoader      - Loading from disk: /assets/sounds/menu/back.wav
21:04:02.317 [FXGL Launcher Thread     ] DEBUG FXGLAssetLoader      - Loading from disk: /assets/sounds/menu/press.wav
21:04:02.320 [FXGL Launcher Thread     ] DEBUG FXGLAssetLoader      - Loading from disk: /assets/ui/fonts/swerve.ttf
21:04:02.359 [FXGL Launcher Thread     ] DEBUG FXGLAssetLoader      - Loading from disk: /assets/ui/css/fxgl.css
21:04:02.359 [FXGL Launcher Thread     ] DEBUG FXGLAssetLoader      - Loading from disk: /assets/ui/icons/fxgl_icon.png
21:04:02.410 [FXGL Launcher Thread     ] DEBUG FXGLEventBus         - Firing event: SaveEvent
21:04:02.453 [FXGL Launcher Thread     ] DEBUG FXGLAssetLoader      - Loading from disk: /assets/ui/css/fxgl_dark.css
21:04:02.463 [FXGL Launcher Thread     ] DEBUG FXGLDisplay          - Target size: DoubleProperty [value: 600.0] x DoubleProperty [value: 600.0] @ 1.0
21:04:02.463 [FXGL Launcher Thread     ] DEBUG FXGLDisplay          - New size:    600.0 x 600.0 @ DoubleProperty [value: 1.0]
21:04:02.463 [FXGL Launcher Thread     ] DEBUG FXGLDisplay          - Service [Display] initialized
21:04:02.464 [FXGL Launcher Thread     ] DEBUG FXGLDisplay          - Using CSS: CSS(externalForm=jar:file:/Users/gabriel/.m2/repository/com/github/AlmasB/FXGL/0.2.8/FXGL-0.2.8.jar!/assets/ui/css/fxgl_dark.css)
21:04:02.464 [FXGL Launcher Thread     ] DEBUG InitScenesTask       - Injecting mainMenuScene & gameMenuScene
21:04:02.465 [FXGL Launcher Thread     ] DEBUG InitScenesTask       - Injecting loadingScene & gameScene
21:04:02.607 [FXGL Launcher Thread     ] DEBUG FXGLMasterTimer      - Service [MasterTimer] initialized
21:04:02.611 [FXGL Launcher Thread     ] DEBUG FXGLAudioPlayer      - Service [AudioPlayer] initialized
21:04:02.620 [FXGL Launcher Thread     ] DEBUG GameApplication      - State: STARTUP -> MAIN_MENU
21:04:02.679 [FXGL Launcher Thread     ] DEBUG SaveLoadManager      - Checking profiles dir: profiles/
21:04:02.680 [FXGL Launcher Thread     ] DEBUG SaveLoadManager      - Loading profile names
21:04:02.683 [FXGL Launcher Thread     ] DEBUG IOTask               - Showing dialog
21:04:02.693 [FXGL Launcher Thread     ] DEBUG FXGLEventBus         - Firing event: DisplayEvent[type=DIALOG_OPENED]
21:04:02.695 [FXGL Launcher Thread     ] DEBUG FXGLInput            - Clearing active input actions
21:04:02.699 [FXGL Background Thread 1 ] DEBUG IOTask               - Executing task: loadDirectoryNamesTask(./profiles/, false)
21:04:02.872 [JavaFX Application Thread] DEBUG FXGLDisplay          - Showing stage
21:04:02.872 [JavaFX Application Thread] DEBUG FXGLDisplay          - Root size: 600.0x600.0
21:04:02.872 [JavaFX Application Thread] DEBUG FXGLDisplay          - Scene size: 600.0x600.0
21:04:02.873 [JavaFX Application Thread] DEBUG FXGLDisplay          - Stage size: 600.0x622.0
21:04:02.971 [JavaFX Application Thread] DEBUG IOTask               - succeed(): Dismissing dialog
21:04:02.972 [JavaFX Application Thread] DEBUG FXGLEventBus         - Firing event: DisplayEvent[type=DIALOG_CLOSED]
21:04:02.973 [JavaFX Application Thread] DEBUG IOTask               - Task succeeded: loadDirectoryNamesTask(./profiles/, false)
21:04:02.984 [JavaFX Application Thread] DEBUG FXGLEventBus         - Firing event: DisplayEvent[type=DIALOG_OPENED]
21:04:02.985 [JavaFX Application Thread] DEBUG FXGLInput            - Clearing active input actions
21:04:04.146 [JavaFX Application Thread] DEBUG FXGLEventBus         - Firing event: DisplayEvent[type=DIALOG_CLOSED]
21:04:04.147 [JavaFX Application Thread] DEBUG SaveLoadManager      - Loading profile: Gabriel
21:04:04.148 [JavaFX Application Thread] DEBUG IOTask               - Showing dialog
21:04:04.156 [JavaFX Application Thread] DEBUG FXGLEventBus         - Firing event: DisplayEvent[type=DIALOG_OPENED]
21:04:04.156 [JavaFX Application Thread] DEBUG FXGLInput            - Clearing active input actions
21:04:04.157 [FXGL Background Thread 1 ] DEBUG IOTask               - Executing task: readDataTask(./profiles/Gabriel/user.profile)
21:04:04.159 [FXGL Background Thread 1 ] DEBUG FS                   - Reading from: ./profiles/Gabriel/user.profile
21:04:04.187 [JavaFX Application Thread] DEBUG IOTask               - succeed(): Dismissing dialog
21:04:04.188 [JavaFX Application Thread] DEBUG FXGLEventBus         - Firing event: DisplayEvent[type=DIALOG_CLOSED]
21:04:04.188 [JavaFX Application Thread] DEBUG IOTask               - Task succeeded: readDataTask(./profiles/Gabriel/user.profile)
21:04:04.188 [JavaFX Application Thread] DEBUG FXGLEventBus         - Firing event: LoadEvent[type=LOAD_PROFILE]
21:04:04.188 [JavaFX Application Thread] DEBUG FXGLInput            - Loading data from profile
21:04:04.188 [JavaFX Application Thread] DEBUG Bundle               - Logging bundle: input
21:04:04.188 [JavaFX Application Thread] DEBUG Bundle               - input.Pass=T
21:04:04.188 [JavaFX Application Thread] DEBUG Bundle               - input.Right=D
21:04:04.188 [JavaFX Application Thread] DEBUG Bundle               - input.Screenshot=P
21:04:04.188 [JavaFX Application Thread] DEBUG Bundle               - input.Restart=R
21:04:04.189 [JavaFX Application Thread] DEBUG Bundle               - input.Dev Options=CTRL+0
21:04:04.189 [JavaFX Application Thread] DEBUG Bundle               - input.Left=A
21:04:04.189 [JavaFX Application Thread] DEBUG FXGLDisplay          - Loading data from profile
21:04:04.189 [JavaFX Application Thread] DEBUG Bundle               - Logging bundle: scene
21:04:04.189 [JavaFX Application Thread] DEBUG Bundle               - scene.sizeW=600.0
21:04:04.189 [JavaFX Application Thread] DEBUG Bundle               - scene.sizeH=600.0
21:04:04.189 [JavaFX Application Thread] DEBUG FXGLDisplay          - Target size: DoubleProperty [value: 600.0] x DoubleProperty [value: 600.0] @ 1.0
21:04:04.190 [JavaFX Application Thread] DEBUG FXGLDisplay          - New size:    600.0 x 600.0 @ DoubleProperty [value: 1.0]
21:04:04.224 [JavaFX Application Thread] DEBUG FXGLAudioPlayer      - Loading data from profile
21:04:04.224 [JavaFX Application Thread] DEBUG Bundle               - Logging bundle: audio
21:04:04.224 [JavaFX Application Thread] DEBUG Bundle               - audio.musicVolume=0.5
21:04:04.224 [JavaFX Application Thread] DEBUG Bundle               - audio.soundVolume=0.5
21:04:04.225 [JavaFX Application Thread] DEBUG AchievementManager   - Service [AchievementManager] initialized
21:04:04.225 [JavaFX Application Thread] DEBUG AchievementManager   - Loading data from profile
21:04:04.225 [JavaFX Application Thread] DEBUG Bundle               - Logging bundle: achievement
21:04:04.225 [JavaFX Application Thread] DEBUG FXGLMasterTimer      - Loading data from profile
21:04:04.225 [JavaFX Application Thread] DEBUG Bundle               - Logging bundle: timer
21:04:04.225 [JavaFX Application Thread] DEBUG Bundle               - timer.playtime=9983559171853
21:04:04.227 [JavaFX Application Thread] DEBUG SaveLoadManager      - Loading last modified save file
21:04:04.228 [JavaFX Application Thread] DEBUG SaveLoadManager      - Loading save files
21:04:04.232 [JavaFX Application Thread] DEBUG IOTask               - Showing dialog
21:04:04.243 [JavaFX Application Thread] DEBUG FXGLEventBus         - Firing event: DisplayEvent[type=DIALOG_OPENED]
21:04:04.243 [JavaFX Application Thread] DEBUG FXGLInput            - Clearing active input actions
21:04:04.243 [FXGL Background Thread 1 ] DEBUG IOTask               - Executing task: loadFileNamesTask(./profiles/Gabriel/saves/, true, [FileExtension(extension=.sav)])
21:04:04.243 [FXGL Background Thread 1 ] DEBUG IOTask               - Executing task: loadFileNamesTask(./profiles/Gabriel/saves/, true, [FileExtension(extension=.sav)])
21:04:04.244 [FXGL Background Thread 1 ] DEBUG IOTask               - Executing task: loadFileNamesTask(./profiles/Gabriel/saves/, true, [FileExtension(extension=.sav)])
21:04:04.248 [FXGL Background Thread 1 ] DEBUG IOTask               - Executing task: readSaveFiles
21:04:04.251 [FXGL Background Thread 1 ] DEBUG IOTask               - Executing task: findLastSave
21:04:04.313 [JavaFX Application Thread] DEBUG IOTask               - fail(): Dismissing dialog
21:04:04.314 [JavaFX Application Thread] DEBUG FXGLEventBus         - Firing event: DisplayEvent[type=DIALOG_CLOSED]
21:04:04.314 [JavaFX Application Thread] WARN  IOTask               - Task failed: loadFileNamesTask(./profiles/Gabriel/saves/, true, [FileExtension(extension=.sav)]) Error: java.io.FileNotFoundException: No save files found
21:04:04.315 [JavaFX Application Thread] DEBUG FXGLEventBus         - Firing event: ProfileSelectedEvent[name=Gabriel,hasSaves=false]
21:04:04.802 [JavaFX Application Thread] DEBUG Menu                 - fireNewGame()
21:04:04.803 [JavaFX Application Thread] DEBUG GameApplication      - Starting new game
21:04:04.804 [JavaFX Application Thread] DEBUG GameApplication      - Initializing App
21:04:04.805 [JavaFX Application Thread] DEBUG FXGLInput            - Clearing active input actions
21:04:04.805 [JavaFX Application Thread] DEBUG FXGLMasterTimer      - Stopping master timer
21:04:04.805 [JavaFX Application Thread] DEBUG GameApplication      - State: MAIN_MENU -> PAUSED
21:04:04.805 [JavaFX Application Thread] DEBUG FXGLEventBus         - Firing event: FXGLEvent[type=PAUSE]
21:04:04.806 [JavaFX Application Thread] DEBUG FXGLInput            - Clearing active input actions
21:04:04.806 [JavaFX Application Thread] DEBUG FXGLMasterTimer      - Resetting ticks and clearing all actions
21:04:04.806 [JavaFX Application Thread] DEBUG GameWorld            - Resetting game world
21:04:04.806 [JavaFX Application Thread] TRACE EntityWorld          - Resetting entity world
21:04:04.808 [JavaFX Application Thread] DEBUG PhysicsWorld         - Resetting physics world
21:04:04.808 [JavaFX Application Thread] DEBUG GameScene            - Resetting game scene
21:04:04.808 [JavaFX Application Thread] DEBUG FXGLEventBus         - Firing event: FXGLEvent[type=RESET]
21:04:04.882 [JavaFX Application Thread] DEBUG GameApplication      - State: PAUSED -> LOADING
21:04:04.889 [JavaFX Application Thread] DEBUG FXGLEventBus         - Firing event: MenuEvent[type=NEW_GAME]
21:04:04.889 [FXGL Background Thread 1 ] DEBUG InitAppTask          - Initializing Assets
21:04:04.890 [FXGL Background Thread 1 ] DEBUG FXGLAssetLoader      - Loading from disk: /assets/sounds/softbrickhit.wav
21:04:04.957 [FXGL Background Thread 1 ] DEBUG FXGLAssetLoader      - Loading from disk: /assets/sounds/stonebrickhit.wav
21:04:04.961 [FXGL Background Thread 1 ] DEBUG FXGLAssetLoader      - Loading from disk: /assets/sounds/ballwall.wav
21:04:04.964 [FXGL Background Thread 1 ] DEBUG FXGLAssetLoader      - Loading from disk: /assets/sounds/batball.wav
21:04:04.967 [FXGL Background Thread 1 ] DEBUG FXGLAssetLoader      - Loading from disk: /assets/sounds/ballfalling.wav
21:04:04.970 [FXGL Background Thread 1 ] DEBUG FXGLAssetLoader      - Loading from disk: /assets/sounds/bonus.wav
21:04:04.974 [FXGL Background Thread 1 ] DEBUG FXGLAssetLoader      - Loading from disk: /assets/sounds/discount.wav
21:04:04.976 [FXGL Background Thread 1 ] DEBUG FXGLAssetLoader      - Loading from disk: /assets/sounds/metalbrickhit.wav
21:04:04.979 [FXGL Background Thread 1 ] DEBUG FXGLAssetLoader      - Loading from disk: /assets/sounds/poisonbrickhit.wav
21:04:04.982 [FXGL Background Thread 1 ] DEBUG FXGLAssetLoader      - Loading from disk: /assets/sounds/losegame.wav
21:04:04.985 [FXGL Background Thread 1 ] DEBUG FXGLAssetLoader      - Loading from disk: /assets/sounds/nextlevel.wav
21:04:04.987 [FXGL Background Thread 1 ] DEBUG InitAppTask          - Initializing Game
21:04:05.041 [FXGL Background Thread 1 ] DEBUG FXGLAssetLoader      - Loading from disk: /assets/ui/main.fxml
21:04:05.074 [FXGL Background Thread 1 ] DEBUG GameScene            - Adding UI node: Pane@12c889ca
21:04:05.076 [FXGL Background Thread 1 ] DEBUG GameScene            - Adding UI node: Overlay@535129c2
21:04:05.079 [FXGL Background Thread 1 ] DEBUG InitAppTask          - Initializing Physics
21:04:05.081 [FXGL Background Thread 1 ] DEBUG InitAppTask          - Initializing UI
21:04:05.081 [FXGL Background Thread 1 ] DEBUG FXGLAssetLoader      - Loading from disk: /assets/ui/main.fxml
21:04:05.086 [FXGL Background Thread 1 ] DEBUG GameScene            - Adding UI node: Pane@2537241c
21:04:05.087 [FXGL Background Thread 1 ] DEBUG GameScene            - Adding UI node: Overlay@4f54ba1a
21:04:05.087 [FXGL Background Thread 1 ] DEBUG InitAppTask          - Initialization Complete
21:04:05.090 [JavaFX Application Thread] DEBUG FXGLInput            - Clearing active input actions
21:04:05.090 [JavaFX Application Thread] DEBUG FXGLMasterTimer      - Starting master timer
21:04:05.090 [JavaFX Application Thread] DEBUG GameApplication      - State: LOADING -> PLAYING
21:04:05.098 [JavaFX Application Thread] DEBUG FXGLEventBus         - Firing event: FXGLEvent[type=RESUME]
21:04:05.108 [JavaFX Application Thread] DEBUG GameScene            - Entity added to scene
21:04:05.108 [JavaFX Application Thread] DEBUG GameScene            - Added MainViewComponent
21:04:05.110 [JavaFX Application Thread] DEBUG GameScene            - Creating render group for layer: TOP(2147483647)
21:04:05.199 [JavaFX Application Thread] DEBUG GameScene            - Entity added to scene
21:04:05.199 [JavaFX Application Thread] DEBUG GameScene            - Added MainViewComponent
21:04:05.200 [JavaFX Application Thread] DEBUG GameScene            - Entity added to scene
21:04:05.200 [JavaFX Application Thread] DEBUG GameScene            - Added MainViewComponent
21:04:05.200 [JavaFX Application Thread] DEBUG GameScene            - Entity added to scene
21:04:05.200 [JavaFX Application Thread] DEBUG GameScene            - Entity added to scene
21:04:05.200 [JavaFX Application Thread] DEBUG GameScene            - Added MainViewComponent
21:04:05.201 [JavaFX Application Thread] DEBUG GameScene            - Entity added to scene
21:04:05.201 [JavaFX Application Thread] DEBUG GameScene            - Added MainViewComponent
21:04:05.201 [JavaFX Application Thread] DEBUG GameScene            - Entity added to scene
21:04:05.201 [JavaFX Application Thread] DEBUG GameScene            - Added MainViewComponent
21:04:05.201 [JavaFX Application Thread] DEBUG GameScene            - Entity added to scene
21:04:05.201 [JavaFX Application Thread] DEBUG GameScene            - Added MainViewComponent
21:04:05.202 [JavaFX Application Thread] DEBUG GameScene            - Entity added to scene
21:04:05.202 [JavaFX Application Thread] DEBUG GameScene            - Added MainViewComponent
21:04:05.202 [JavaFX Application Thread] DEBUG GameScene            - Entity added to scene
21:04:05.202 [JavaFX Application Thread] DEBUG GameScene            - Added MainViewComponent
21:04:05.202 [JavaFX Application Thread] DEBUG GameScene            - Entity added to scene
21:04:05.202 [JavaFX Application Thread] DEBUG GameScene            - Added MainViewComponent
21:04:05.203 [JavaFX Application Thread] DEBUG GameScene            - Entity added to scene
21:04:05.203 [JavaFX Application Thread] DEBUG GameScene            - Added MainViewComponent
21:04:05.203 [JavaFX Application Thread] DEBUG GameScene            - Entity added to scene
21:04:05.203 [JavaFX Application Thread] DEBUG GameScene            - Added MainViewComponent
21:04:05.204 [JavaFX Application Thread] DEBUG GameScene            - Entity added to scene
21:04:05.204 [JavaFX Application Thread] DEBUG GameScene            - Added MainViewComponent
21:04:05.204 [JavaFX Application Thread] DEBUG GameScene            - Entity added to scene
21:04:05.204 [JavaFX Application Thread] DEBUG GameScene            - Added MainViewComponent
21:04:05.204 [JavaFX Application Thread] DEBUG GameScene            - Entity added to scene
21:04:05.204 [JavaFX Application Thread] DEBUG GameScene            - Added MainViewComponent
21:04:05.205 [JavaFX Application Thread] DEBUG GameScene            - Entity added to scene
21:04:05.205 [JavaFX Application Thread] DEBUG GameScene            - Added MainViewComponent
21:04:05.205 [JavaFX Application Thread] DEBUG GameScene            - Entity added to scene
21:04:05.205 [JavaFX Application Thread] DEBUG GameScene            - Added MainViewComponent
21:04:05.205 [JavaFX Application Thread] DEBUG GameScene            - Entity added to scene
21:04:05.205 [JavaFX Application Thread] DEBUG GameScene            - Added MainViewComponent
21:04:06.289 [JavaFX Application Thread] DEBUG GameScene            - Entity added to scene
21:04:06.289 [JavaFX Application Thread] DEBUG GameScene            - Added MainViewComponent
21:04:06.290 [JavaFX Application Thread] DEBUG GameScene            - Entity removed from scene
21:04:06.290 [JavaFX Application Thread] DEBUG GameScene            - Removed MainViewComponent
21:04:06.293 [JavaFX Application Thread] DEBUG GameScene            - Entity removed from scene
21:04:06.293 [JavaFX Application Thread] DEBUG GameScene            - Removed MainViewComponent
21:04:06.878 [JavaFX Application Thread] DEBUG FXGLEventBus         - Firing event: DisplayEvent[type=DIALOG_OPENED]
21:04:06.879 [JavaFX Application Thread] DEBUG FXGLInput            - Clearing active input actions
21:04:06.879 [JavaFX Application Thread] DEBUG FXGLMasterTimer      - Stopping master timer
21:04:06.879 [JavaFX Application Thread] DEBUG GameApplication      - State: PLAYING -> PAUSED
21:04:06.879 [JavaFX Application Thread] DEBUG FXGLEventBus         - Firing event: FXGLEvent[type=PAUSE]
21:04:06.879 [JavaFX Application Thread] DEBUG FXGLInput            - Clearing active input actions
21:04:07.554 [JavaFX Application Thread] DEBUG FXGLEventBus         - Firing event: DisplayEvent[type=DIALOG_CLOSED]
21:04:07.554 [JavaFX Application Thread] DEBUG FXGLInput            - Clearing active input actions
21:04:07.554 [JavaFX Application Thread] DEBUG FXGLMasterTimer      - Starting master timer
21:04:07.554 [JavaFX Application Thread] DEBUG GameApplication      - State: PAUSED -> PLAYING
21:04:07.555 [JavaFX Application Thread] DEBUG FXGLEventBus         - Firing event: FXGLEvent[type=RESUME]
21:04:07.555 [JavaFX Application Thread] DEBUG FXGLEventBus         - Firing event: DisplayEvent[type=CLOSE_REQUEST]
21:04:07.556 [JavaFX Application Thread] DEBUG FXGLEventBus         - Firing event: FXGLEvent[type=EXIT]
21:04:07.556 [JavaFX Application Thread] DEBUG FXGLEventBus         - Firing event: SaveEvent
21:04:07.556 [JavaFX Application Thread] DEBUG FXGLInput            - Saving data to profile
21:04:07.556 [JavaFX Application Thread] DEBUG Bundle               - Logging bundle: input
21:04:07.556 [JavaFX Application Thread] DEBUG Bundle               - input.Pass=T
21:04:07.556 [JavaFX Application Thread] DEBUG Bundle               - input.Right=D
21:04:07.556 [JavaFX Application Thread] DEBUG Bundle               - input.Screenshot=P
21:04:07.556 [JavaFX Application Thread] DEBUG Bundle               - input.Restart=R
21:04:07.557 [JavaFX Application Thread] DEBUG Bundle               - input.Dev Options=CTRL+0
21:04:07.557 [JavaFX Application Thread] DEBUG Bundle               - input.Left=A
21:04:07.557 [JavaFX Application Thread] DEBUG FXGLDisplay          - Saving data to profile
21:04:07.557 [JavaFX Application Thread] DEBUG Bundle               - Logging bundle: scene
21:04:07.557 [JavaFX Application Thread] DEBUG Bundle               - scene.sizeW=600.0
21:04:07.557 [JavaFX Application Thread] DEBUG Bundle               - scene.sizeH=600.0
21:04:07.557 [JavaFX Application Thread] DEBUG FXGLAudioPlayer      - Saving data to profile
21:04:07.557 [JavaFX Application Thread] DEBUG Bundle               - Logging bundle: audio
21:04:07.557 [JavaFX Application Thread] DEBUG Bundle               - audio.musicVolume=0.5
21:04:07.557 [JavaFX Application Thread] DEBUG Bundle               - audio.soundVolume=0.5
21:04:07.557 [JavaFX Application Thread] DEBUG AchievementManager   - Saving data to profile
21:04:07.557 [JavaFX Application Thread] DEBUG Bundle               - Logging bundle: achievement
21:04:07.557 [JavaFX Application Thread] DEBUG FXGLMasterTimer      - Saving data to profile
21:04:07.557 [JavaFX Application Thread] DEBUG Bundle               - Logging bundle: timer
21:04:07.557 [JavaFX Application Thread] DEBUG Bundle               - timer.playtime=9985193128176
21:04:07.558 [JavaFX Application Thread] DEBUG SaveLoadManager      - Saving profile: Gabriel
21:04:07.559 [JavaFX Application Thread] DEBUG IOTask               - Executing task: writeDataTask(./profiles/Gabriel/user.profile)
21:04:07.559 [JavaFX Application Thread] DEBUG IOTask               - Executing task: writeDataTask(./profiles/Gabriel/user.profile)
21:04:07.562 [JavaFX Application Thread] DEBUG FS                   - Writing to: ./profiles/Gabriel/user.profile
21:04:07.567 [JavaFX Application Thread] DEBUG IOTask               - Executing task: checkSavesDir(./profiles/Gabriel/saves/)
21:04:07.567 [JavaFX Application Thread] DEBUG IOTask               - Task succeeded: writeDataTask(./profiles/Gabriel/user.profile)
21:04:07.567 [JavaFX Application Thread] DEBUG FXGL                 - Saving FXGL system data
21:04:07.567 [JavaFX Application Thread] DEBUG IOTask               - Executing task: writeDataTask(system/fxgl.bundle)
21:04:07.568 [JavaFX Application Thread] DEBUG FS                   - Writing to: system/fxgl.bundle
21:04:07.571 [JavaFX Application Thread] DEBUG IOTask               - Task succeeded: writeDataTask(system/fxgl.bundle)
