19:59:16.104 [FXGL Launcher Thread     ] DEBUG FXGLLoggerFactory    - Service [LoggerFactory] initialized
19:59:16.109 [FXGL Launcher Thread     ] DEBUG FXGL                 - FXGL configuration complete
19:59:16.110 [FXGL Launcher Thread     ] DEBUG FXGL                 - Loading FXGL system data
19:59:16.114 [FXGL Launcher Thread     ] DEBUG IOTask               - Executing task: readDataTask(system/fxgl.bundle)
19:59:16.117 [FXGL Launcher Thread     ] DEBUG FS                   - Reading from: system/fxgl.bundle
19:59:16.126 [FXGL Launcher Thread     ] DEBUG IOTask               - Task succeeded: readDataTask(system/fxgl.bundle)
19:59:16.126 [FXGL Launcher Thread     ] DEBUG Bundle               - Logging bundle: FXGL
19:59:16.127 [FXGL Launcher Thread     ] DEBUG Bundle               - FXGL.offline.timer.version.check=2016-12-11T13:15:22.017
19:59:16.136 [FXGL Launcher Thread     ] DEBUG GameApplication      - Configuring GameApplication
19:59:16.143 [FXGL Launcher Thread     ] DEBUG FXGLExceptionHandler - Service [ExceptionHandler] initialized
19:59:16.144 [FXGL Launcher Thread     ] DEBUG FXGLEventBus         - Service [EventBus] initialized
19:59:16.149 [FXGL Launcher Thread     ] DEBUG FXGLExecutor         - Service [Executor] initialized
19:59:16.150 [FXGL Launcher Thread     ] DEBUG PreInitTask          - Injecting gameWorld & physicsWorld
19:59:16.157 [FXGL Launcher Thread     ] DEBUG GameWorld            - Game world initialized
19:59:16.213 [FXGL Launcher Thread     ] DEBUG FXGLPooler           - Service [Pooler] initialized with default size = 128
19:59:16.214 [FXGL Launcher Thread     ] DEBUG PhysicsWorld         - Physics world initialized: appHeight=600,0, physics.ppm=50,0
19:59:16.215 [FXGL Launcher Thread     ] DEBUG FXGLInput            - Service [Input] initialized
19:59:16.241 [FXGL Launcher Thread     ] DEBUG FXGLInput            - Registered new binding: Screenshot - P
19:59:16.242 [FXGL Launcher Thread     ] DEBUG FXGLInput            - Registered new binding: Dev Options - CTRL+0
19:59:16.244 [FXGL Launcher Thread     ] DEBUG FXGLInput            - Registered new binding: Left - A
19:59:16.244 [FXGL Launcher Thread     ] DEBUG FXGLInput            - Registered new binding: Right - D
19:59:16.284 [FXGL Launcher Thread     ] DEBUG GameScene            - Game scene initialized: 600.0x600.0
19:59:16.293 [FXGL Launcher Thread     ] DEBUG FXGLAssetLoader      - Service [AssetLoader] initialized: cacheSize=35
19:59:16.296 [FXGL Launcher Thread     ] DEBUG FXGLAssetLoader      - Loading from disk: /assets/sounds/system/notification.wav
19:59:16.396 [FXGL Launcher Thread     ] DEBUG FXGLAssetLoader      - Loading from disk: /assets/sounds/menu/select.wav
19:59:16.398 [FXGL Launcher Thread     ] DEBUG FXGLAssetLoader      - Loading from disk: /assets/sounds/menu/back.wav
19:59:16.399 [FXGL Launcher Thread     ] DEBUG FXGLAssetLoader      - Loading from disk: /assets/sounds/menu/press.wav
19:59:16.402 [FXGL Launcher Thread     ] DEBUG FXGLAssetLoader      - Loading from disk: /assets/ui/fonts/swerve.ttf
19:59:16.420 [FXGL Launcher Thread     ] DEBUG FXGLAssetLoader      - Loading from disk: /assets/ui/css/fxgl.css
19:59:16.420 [FXGL Launcher Thread     ] DEBUG FXGLAssetLoader      - Loading from disk: /assets/ui/icons/fxgl_icon.png
19:59:16.471 [FXGL Launcher Thread     ] DEBUG FXGLEventBus         - Firing event: SaveEvent
19:59:16.529 [FXGL Launcher Thread     ] DEBUG FXGLAssetLoader      - Loading from disk: /assets/ui/css/fxgl_dark.css
19:59:16.541 [FXGL Launcher Thread     ] DEBUG FXGLDisplay          - Target size: DoubleProperty [value: 600.0] x DoubleProperty [value: 600.0] @ 1.0
19:59:16.541 [FXGL Launcher Thread     ] DEBUG FXGLDisplay          - New size:    600.0 x 600.0 @ DoubleProperty [value: 1.0]
19:59:16.542 [FXGL Launcher Thread     ] DEBUG FXGLDisplay          - Service [Display] initialized
19:59:16.543 [FXGL Launcher Thread     ] DEBUG FXGLDisplay          - Using CSS: CSS(externalForm=jar:file:/Users/gabriel/.m2/repository/com/github/AlmasB/FXGL/0.2.8/FXGL-0.2.8.jar!/assets/ui/css/fxgl_dark.css)
19:59:16.544 [FXGL Launcher Thread     ] DEBUG InitScenesTask       - Injecting mainMenuScene & gameMenuScene
19:59:16.545 [FXGL Launcher Thread     ] DEBUG InitScenesTask       - Injecting loadingScene & gameScene
19:59:16.675 [FXGL Launcher Thread     ] DEBUG FXGLMasterTimer      - Service [MasterTimer] initialized
19:59:16.678 [FXGL Launcher Thread     ] DEBUG FXGLAudioPlayer      - Service [AudioPlayer] initialized
19:59:16.686 [FXGL Launcher Thread     ] DEBUG GameApplication      - State: STARTUP -> MAIN_MENU
19:59:16.749 [FXGL Launcher Thread     ] DEBUG SaveLoadManager      - Checking profiles dir: profiles/
19:59:16.750 [FXGL Launcher Thread     ] DEBUG SaveLoadManager      - Loading profile names
19:59:16.751 [FXGL Launcher Thread     ] DEBUG IOTask               - Showing dialog
19:59:16.764 [FXGL Launcher Thread     ] DEBUG FXGLEventBus         - Firing event: DisplayEvent[type=DIALOG_OPENED]
19:59:16.765 [FXGL Launcher Thread     ] DEBUG FXGLInput            - Clearing active input actions
19:59:16.768 [FXGL Background Thread 1 ] DEBUG IOTask               - Executing task: loadDirectoryNamesTask(./profiles/, false)
19:59:16.939 [JavaFX Application Thread] DEBUG FXGLDisplay          - Showing stage
19:59:16.939 [JavaFX Application Thread] DEBUG FXGLDisplay          - Root size: 600.0x600.0
19:59:16.939 [JavaFX Application Thread] DEBUG FXGLDisplay          - Scene size: 600.0x600.0
19:59:16.939 [JavaFX Application Thread] DEBUG FXGLDisplay          - Stage size: 600.0x622.0
19:59:17.008 [JavaFX Application Thread] DEBUG IOTask               - succeed(): Dismissing dialog
19:59:17.010 [JavaFX Application Thread] DEBUG FXGLEventBus         - Firing event: DisplayEvent[type=DIALOG_CLOSED]
19:59:17.010 [JavaFX Application Thread] DEBUG IOTask               - Task succeeded: loadDirectoryNamesTask(./profiles/, false)
19:59:17.021 [JavaFX Application Thread] DEBUG FXGLEventBus         - Firing event: DisplayEvent[type=DIALOG_OPENED]
19:59:17.021 [JavaFX Application Thread] DEBUG FXGLInput            - Clearing active input actions
19:59:19.481 [JavaFX Application Thread] DEBUG FXGLEventBus         - Firing event: DisplayEvent[type=DIALOG_CLOSED]
19:59:19.482 [JavaFX Application Thread] DEBUG SaveLoadManager      - Loading profile: Gabriel
19:59:19.484 [JavaFX Application Thread] DEBUG IOTask               - Showing dialog
19:59:19.493 [JavaFX Application Thread] DEBUG FXGLEventBus         - Firing event: DisplayEvent[type=DIALOG_OPENED]
19:59:19.493 [JavaFX Application Thread] DEBUG FXGLInput            - Clearing active input actions
19:59:19.493 [FXGL Background Thread 1 ] DEBUG IOTask               - Executing task: readDataTask(./profiles/Gabriel/user.profile)
19:59:19.495 [FXGL Background Thread 1 ] DEBUG FS                   - Reading from: ./profiles/Gabriel/user.profile
19:59:19.520 [JavaFX Application Thread] DEBUG IOTask               - succeed(): Dismissing dialog
19:59:19.521 [JavaFX Application Thread] DEBUG FXGLEventBus         - Firing event: DisplayEvent[type=DIALOG_CLOSED]
19:59:19.521 [JavaFX Application Thread] DEBUG IOTask               - Task succeeded: readDataTask(./profiles/Gabriel/user.profile)
19:59:19.521 [JavaFX Application Thread] DEBUG FXGLEventBus         - Firing event: LoadEvent[type=LOAD_PROFILE]
19:59:19.521 [JavaFX Application Thread] DEBUG FXGLInput            - Loading data from profile
19:59:19.522 [JavaFX Application Thread] DEBUG Bundle               - Logging bundle: input
19:59:19.522 [JavaFX Application Thread] DEBUG Bundle               - input.Right=D
19:59:19.522 [JavaFX Application Thread] DEBUG Bundle               - input.Screenshot=P
19:59:19.522 [JavaFX Application Thread] DEBUG Bundle               - input.Dev Options=CTRL+0
19:59:19.522 [JavaFX Application Thread] DEBUG Bundle               - input.Left=A
19:59:19.522 [JavaFX Application Thread] DEBUG FXGLDisplay          - Loading data from profile
19:59:19.522 [JavaFX Application Thread] DEBUG Bundle               - Logging bundle: scene
19:59:19.522 [JavaFX Application Thread] DEBUG Bundle               - scene.sizeW=600.0
19:59:19.523 [JavaFX Application Thread] DEBUG Bundle               - scene.sizeH=600.0
19:59:19.523 [JavaFX Application Thread] DEBUG FXGLDisplay          - Target size: DoubleProperty [value: 600.0] x DoubleProperty [value: 600.0] @ 1.0
19:59:19.523 [JavaFX Application Thread] DEBUG FXGLDisplay          - New size:    600.0 x 600.0 @ DoubleProperty [value: 1.0]
19:59:19.556 [JavaFX Application Thread] DEBUG FXGLAudioPlayer      - Loading data from profile
19:59:19.556 [JavaFX Application Thread] DEBUG Bundle               - Logging bundle: audio
19:59:19.556 [JavaFX Application Thread] DEBUG Bundle               - audio.musicVolume=0.5
19:59:19.556 [JavaFX Application Thread] DEBUG Bundle               - audio.soundVolume=0.5
19:59:19.557 [JavaFX Application Thread] DEBUG AchievementManager   - Service [AchievementManager] initialized
19:59:19.557 [JavaFX Application Thread] DEBUG AchievementManager   - Loading data from profile
19:59:19.558 [JavaFX Application Thread] DEBUG Bundle               - Logging bundle: achievement
19:59:19.558 [JavaFX Application Thread] DEBUG FXGLMasterTimer      - Loading data from profile
19:59:19.558 [JavaFX Application Thread] DEBUG Bundle               - Logging bundle: timer
19:59:19.558 [JavaFX Application Thread] DEBUG Bundle               - timer.playtime=2374220503332
19:59:19.560 [JavaFX Application Thread] DEBUG SaveLoadManager      - Loading last modified save file
19:59:19.560 [JavaFX Application Thread] DEBUG SaveLoadManager      - Loading save files
19:59:19.564 [JavaFX Application Thread] DEBUG IOTask               - Showing dialog
19:59:19.575 [JavaFX Application Thread] DEBUG FXGLEventBus         - Firing event: DisplayEvent[type=DIALOG_OPENED]
19:59:19.575 [JavaFX Application Thread] DEBUG FXGLInput            - Clearing active input actions
19:59:19.575 [FXGL Background Thread 1 ] DEBUG IOTask               - Executing task: loadFileNamesTask(./profiles/Gabriel/saves/, true, [FileExtension(extension=.sav)])
19:59:19.575 [FXGL Background Thread 1 ] DEBUG IOTask               - Executing task: loadFileNamesTask(./profiles/Gabriel/saves/, true, [FileExtension(extension=.sav)])
19:59:19.575 [FXGL Background Thread 1 ] DEBUG IOTask               - Executing task: loadFileNamesTask(./profiles/Gabriel/saves/, true, [FileExtension(extension=.sav)])
19:59:19.580 [FXGL Background Thread 1 ] DEBUG IOTask               - Executing task: readSaveFiles
19:59:19.583 [FXGL Background Thread 1 ] DEBUG IOTask               - Executing task: findLastSave
19:59:19.645 [JavaFX Application Thread] DEBUG IOTask               - fail(): Dismissing dialog
19:59:19.646 [JavaFX Application Thread] DEBUG FXGLEventBus         - Firing event: DisplayEvent[type=DIALOG_CLOSED]
19:59:19.647 [JavaFX Application Thread] WARN  IOTask               - Task failed: loadFileNamesTask(./profiles/Gabriel/saves/, true, [FileExtension(extension=.sav)]) Error: java.io.FileNotFoundException: No save files found
19:59:19.647 [JavaFX Application Thread] DEBUG FXGLEventBus         - Firing event: ProfileSelectedEvent[name=Gabriel,hasSaves=false]
20:04:18.911 [JavaFX Application Thread] DEBUG FXGLEventBus         - Firing event: DisplayEvent[type=DIALOG_OPENED]
20:04:18.912 [JavaFX Application Thread] DEBUG FXGLInput            - Clearing active input actions
20:04:20.465 [JavaFX Application Thread] DEBUG FXGLEventBus         - Firing event: DisplayEvent[type=DIALOG_CLOSED]
20:04:20.466 [JavaFX Application Thread] DEBUG FXGLEventBus         - Firing event: DisplayEvent[type=CLOSE_REQUEST]
20:04:20.468 [JavaFX Application Thread] DEBUG FXGLEventBus         - Firing event: FXGLEvent[type=EXIT]
20:04:20.469 [JavaFX Application Thread] DEBUG FXGLEventBus         - Firing event: SaveEvent
20:04:20.469 [JavaFX Application Thread] DEBUG FXGLInput            - Saving data to profile
20:04:20.469 [JavaFX Application Thread] DEBUG Bundle               - Logging bundle: input
20:04:20.469 [JavaFX Application Thread] DEBUG Bundle               - input.Right=D
20:04:20.469 [JavaFX Application Thread] DEBUG Bundle               - input.Screenshot=P
20:04:20.469 [JavaFX Application Thread] DEBUG Bundle               - input.Dev Options=CTRL+0
20:04:20.469 [JavaFX Application Thread] DEBUG Bundle               - input.Left=A
20:04:20.470 [JavaFX Application Thread] DEBUG FXGLDisplay          - Saving data to profile
20:04:20.470 [JavaFX Application Thread] DEBUG Bundle               - Logging bundle: scene
20:04:20.470 [JavaFX Application Thread] DEBUG Bundle               - scene.sizeW=600.0
20:04:20.470 [JavaFX Application Thread] DEBUG Bundle               - scene.sizeH=600.0
20:04:20.470 [JavaFX Application Thread] DEBUG FXGLAudioPlayer      - Saving data to profile
20:04:20.470 [JavaFX Application Thread] DEBUG Bundle               - Logging bundle: audio
20:04:20.470 [JavaFX Application Thread] DEBUG Bundle               - audio.musicVolume=0.5
20:04:20.470 [JavaFX Application Thread] DEBUG Bundle               - audio.soundVolume=0.5
20:04:20.470 [JavaFX Application Thread] DEBUG AchievementManager   - Saving data to profile
20:04:20.471 [JavaFX Application Thread] DEBUG Bundle               - Logging bundle: achievement
20:04:20.471 [JavaFX Application Thread] DEBUG FXGLMasterTimer      - Saving data to profile
20:04:20.471 [JavaFX Application Thread] DEBUG Bundle               - Logging bundle: timer
20:04:20.471 [JavaFX Application Thread] DEBUG Bundle               - timer.playtime=2374220503332
20:04:20.472 [JavaFX Application Thread] DEBUG SaveLoadManager      - Saving profile: Gabriel
20:04:20.474 [JavaFX Application Thread] DEBUG IOTask               - Executing task: writeDataTask(./profiles/Gabriel/user.profile)
20:04:20.474 [JavaFX Application Thread] DEBUG IOTask               - Executing task: writeDataTask(./profiles/Gabriel/user.profile)
20:04:20.476 [JavaFX Application Thread] DEBUG FS                   - Writing to: ./profiles/Gabriel/user.profile
20:04:20.480 [JavaFX Application Thread] DEBUG IOTask               - Executing task: checkSavesDir(./profiles/Gabriel/saves/)
20:04:20.480 [JavaFX Application Thread] DEBUG IOTask               - Task succeeded: writeDataTask(./profiles/Gabriel/user.profile)
20:04:20.480 [JavaFX Application Thread] DEBUG FXGL                 - Saving FXGL system data
20:04:20.481 [JavaFX Application Thread] DEBUG IOTask               - Executing task: writeDataTask(system/fxgl.bundle)
20:04:20.481 [JavaFX Application Thread] DEBUG FS                   - Writing to: system/fxgl.bundle
20:04:20.485 [JavaFX Application Thread] DEBUG IOTask               - Task succeeded: writeDataTask(system/fxgl.bundle)
