18:36:00.319 [FXGL Launcher Thread     ] DEBUG FXGLLoggerFactory    - Service [LoggerFactory] initialized
18:36:00.326 [FXGL Launcher Thread     ] DEBUG FXGL                 - FXGL configuration complete
18:36:00.326 [FXGL Launcher Thread     ] DEBUG FXGL                 - Loading FXGL system data
18:36:00.329 [FXGL Launcher Thread     ] DEBUG IOTask               - Executing task: readDataTask(system/fxgl.bundle)
18:36:00.332 [FXGL Launcher Thread     ] DEBUG FS                   - Reading from: system/fxgl.bundle
18:36:00.342 [FXGL Launcher Thread     ] DEBUG IOTask               - Task succeeded: readDataTask(system/fxgl.bundle)
18:36:00.343 [FXGL Launcher Thread     ] DEBUG Bundle               - Logging bundle: FXGL
18:36:00.343 [FXGL Launcher Thread     ] DEBUG Bundle               - FXGL.offline.timer.version.check=2016-12-11T13:15:22.017
18:36:00.351 [FXGL Launcher Thread     ] DEBUG GameApplication      - Configuring GameApplication
18:36:00.357 [FXGL Launcher Thread     ] DEBUG FXGLExceptionHandler - Service [ExceptionHandler] initialized
18:36:00.359 [FXGL Launcher Thread     ] DEBUG FXGLEventBus         - Service [EventBus] initialized
18:36:00.363 [FXGL Launcher Thread     ] DEBUG FXGLExecutor         - Service [Executor] initialized
18:36:00.363 [FXGL Launcher Thread     ] DEBUG PreInitTask          - Injecting gameWorld & physicsWorld
18:36:00.370 [FXGL Launcher Thread     ] DEBUG GameWorld            - Game world initialized
18:36:00.428 [FXGL Launcher Thread     ] DEBUG FXGLPooler           - Service [Pooler] initialized with default size = 128
18:36:00.428 [FXGL Launcher Thread     ] DEBUG PhysicsWorld         - Physics world initialized: appHeight=600,0, physics.ppm=50,0
18:36:00.429 [FXGL Launcher Thread     ] DEBUG FXGLInput            - Service [Input] initialized
18:36:00.453 [FXGL Launcher Thread     ] DEBUG FXGLInput            - Registered new binding: Screenshot - P
18:36:00.454 [FXGL Launcher Thread     ] DEBUG FXGLInput            - Registered new binding: Dev Options - CTRL+0
18:36:00.455 [FXGL Launcher Thread     ] DEBUG FXGLInput            - Registered new binding: Left - A
18:36:00.455 [FXGL Launcher Thread     ] DEBUG FXGLInput            - Registered new binding: Pass - T
18:36:00.455 [FXGL Launcher Thread     ] DEBUG FXGLInput            - Registered new binding: Right - D
18:36:00.455 [FXGL Launcher Thread     ] DEBUG FXGLInput            - Registered new binding: Restart - R
18:36:00.492 [FXGL Launcher Thread     ] DEBUG GameScene            - Game scene initialized: 600.0x600.0
18:36:00.508 [FXGL Launcher Thread     ] DEBUG FXGLAssetLoader      - Service [AssetLoader] initialized: cacheSize=35
18:36:00.511 [FXGL Launcher Thread     ] DEBUG FXGLAssetLoader      - Loading from disk: /assets/sounds/system/notification.wav
18:36:00.624 [FXGL Launcher Thread     ] DEBUG FXGLAssetLoader      - Loading from disk: /assets/sounds/menu/select.wav
18:36:00.626 [FXGL Launcher Thread     ] DEBUG FXGLAssetLoader      - Loading from disk: /assets/sounds/menu/back.wav
18:36:00.627 [FXGL Launcher Thread     ] DEBUG FXGLAssetLoader      - Loading from disk: /assets/sounds/menu/press.wav
18:36:00.629 [FXGL Launcher Thread     ] DEBUG FXGLAssetLoader      - Loading from disk: /assets/ui/fonts/swerve.ttf
18:36:00.659 [FXGL Launcher Thread     ] DEBUG FXGLAssetLoader      - Loading from disk: /assets/ui/css/fxgl.css
18:36:00.660 [FXGL Launcher Thread     ] DEBUG FXGLAssetLoader      - Loading from disk: /assets/ui/icons/fxgl_icon.png
18:36:00.704 [FXGL Launcher Thread     ] DEBUG FXGLEventBus         - Firing event: SaveEvent
18:36:00.756 [FXGL Launcher Thread     ] DEBUG FXGLAssetLoader      - Loading from disk: /assets/ui/css/fxgl_dark.css
18:36:00.766 [FXGL Launcher Thread     ] DEBUG FXGLDisplay          - Target size: DoubleProperty [value: 600.0] x DoubleProperty [value: 600.0] @ 1.0
18:36:00.766 [FXGL Launcher Thread     ] DEBUG FXGLDisplay          - New size:    600.0 x 600.0 @ DoubleProperty [value: 1.0]
18:36:00.767 [FXGL Launcher Thread     ] DEBUG FXGLDisplay          - Service [Display] initialized
18:36:00.767 [FXGL Launcher Thread     ] DEBUG FXGLDisplay          - Using CSS: CSS(externalForm=jar:file:/Users/gabriel/.m2/repository/com/github/AlmasB/FXGL/0.2.8/FXGL-0.2.8.jar!/assets/ui/css/fxgl_dark.css)
18:36:00.768 [FXGL Launcher Thread     ] DEBUG InitScenesTask       - Injecting mainMenuScene & gameMenuScene
18:36:00.768 [FXGL Launcher Thread     ] DEBUG InitScenesTask       - Injecting loadingScene & gameScene
18:36:00.895 [FXGL Launcher Thread     ] DEBUG FXGLMasterTimer      - Service [MasterTimer] initialized
18:36:00.897 [FXGL Launcher Thread     ] DEBUG FXGLAudioPlayer      - Service [AudioPlayer] initialized
18:36:00.907 [FXGL Launcher Thread     ] DEBUG GameApplication      - State: STARTUP -> MAIN_MENU
18:36:01.020 [FXGL Launcher Thread     ] DEBUG SaveLoadManager      - Checking profiles dir: profiles/
18:36:01.021 [FXGL Launcher Thread     ] DEBUG SaveLoadManager      - Loading profile names
18:36:01.024 [FXGL Launcher Thread     ] DEBUG IOTask               - Showing dialog
18:36:01.039 [FXGL Launcher Thread     ] DEBUG FXGLEventBus         - Firing event: DisplayEvent[type=DIALOG_OPENED]
18:36:01.042 [FXGL Launcher Thread     ] DEBUG FXGLInput            - Clearing active input actions
18:36:01.046 [FXGL Background Thread 1 ] DEBUG IOTask               - Executing task: loadDirectoryNamesTask(./profiles/, false)
18:36:01.220 [JavaFX Application Thread] DEBUG FXGLDisplay          - Showing stage
18:36:01.220 [JavaFX Application Thread] DEBUG FXGLDisplay          - Root size: 600.0x600.0
18:36:01.220 [JavaFX Application Thread] DEBUG FXGLDisplay          - Scene size: 600.0x600.0
18:36:01.220 [JavaFX Application Thread] DEBUG FXGLDisplay          - Stage size: 600.0x622.0
18:36:01.300 [JavaFX Application Thread] DEBUG IOTask               - succeed(): Dismissing dialog
18:36:01.301 [JavaFX Application Thread] DEBUG FXGLEventBus         - Firing event: DisplayEvent[type=DIALOG_CLOSED]
18:36:01.302 [JavaFX Application Thread] DEBUG IOTask               - Task succeeded: loadDirectoryNamesTask(./profiles/, false)
18:36:01.315 [JavaFX Application Thread] DEBUG FXGLEventBus         - Firing event: DisplayEvent[type=DIALOG_OPENED]
18:36:01.315 [JavaFX Application Thread] DEBUG FXGLInput            - Clearing active input actions
18:36:02.459 [JavaFX Application Thread] DEBUG FXGLEventBus         - Firing event: DisplayEvent[type=DIALOG_CLOSED]
18:36:02.460 [JavaFX Application Thread] DEBUG SaveLoadManager      - Loading profile: Gabriel
18:36:02.462 [JavaFX Application Thread] DEBUG IOTask               - Showing dialog
18:36:02.469 [JavaFX Application Thread] DEBUG FXGLEventBus         - Firing event: DisplayEvent[type=DIALOG_OPENED]
18:36:02.470 [JavaFX Application Thread] DEBUG FXGLInput            - Clearing active input actions
18:36:02.470 [FXGL Background Thread 1 ] DEBUG IOTask               - Executing task: readDataTask(./profiles/Gabriel/user.profile)
18:36:02.487 [FXGL Background Thread 1 ] DEBUG FS                   - Reading from: ./profiles/Gabriel/user.profile
18:36:02.499 [JavaFX Application Thread] DEBUG IOTask               - succeed(): Dismissing dialog
18:36:02.500 [JavaFX Application Thread] DEBUG FXGLEventBus         - Firing event: DisplayEvent[type=DIALOG_CLOSED]
18:36:02.500 [JavaFX Application Thread] DEBUG IOTask               - Task succeeded: readDataTask(./profiles/Gabriel/user.profile)
18:36:02.500 [JavaFX Application Thread] DEBUG FXGLEventBus         - Firing event: LoadEvent[type=LOAD_PROFILE]
18:36:02.501 [JavaFX Application Thread] DEBUG FXGLInput            - Loading data from profile
18:36:02.501 [JavaFX Application Thread] DEBUG Bundle               - Logging bundle: input
18:36:02.501 [JavaFX Application Thread] DEBUG Bundle               - input.Pass=T
18:36:02.501 [JavaFX Application Thread] DEBUG Bundle               - input.Right=D
18:36:02.501 [JavaFX Application Thread] DEBUG Bundle               - input.Screenshot=P
18:36:02.501 [JavaFX Application Thread] DEBUG Bundle               - input.Restart=R
18:36:02.501 [JavaFX Application Thread] DEBUG Bundle               - input.Dev Options=CTRL+0
18:36:02.501 [JavaFX Application Thread] DEBUG Bundle               - input.Left=A
18:36:02.501 [JavaFX Application Thread] DEBUG FXGLDisplay          - Loading data from profile
18:36:02.502 [JavaFX Application Thread] DEBUG Bundle               - Logging bundle: scene
18:36:02.502 [JavaFX Application Thread] DEBUG Bundle               - scene.sizeW=600.0
18:36:02.502 [JavaFX Application Thread] DEBUG Bundle               - scene.sizeH=600.0
18:36:02.502 [JavaFX Application Thread] DEBUG FXGLDisplay          - Target size: DoubleProperty [value: 600.0] x DoubleProperty [value: 600.0] @ 1.0
18:36:02.502 [JavaFX Application Thread] DEBUG FXGLDisplay          - New size:    600.0 x 600.0 @ DoubleProperty [value: 1.0]
18:36:02.538 [JavaFX Application Thread] DEBUG FXGLAudioPlayer      - Loading data from profile
18:36:02.538 [JavaFX Application Thread] DEBUG Bundle               - Logging bundle: audio
18:36:02.538 [JavaFX Application Thread] DEBUG Bundle               - audio.musicVolume=0.5
18:36:02.538 [JavaFX Application Thread] DEBUG Bundle               - audio.soundVolume=0.5
18:36:02.539 [JavaFX Application Thread] DEBUG AchievementManager   - Service [AchievementManager] initialized
18:36:02.539 [JavaFX Application Thread] DEBUG AchievementManager   - Loading data from profile
18:36:02.539 [JavaFX Application Thread] DEBUG Bundle               - Logging bundle: achievement
18:36:02.539 [JavaFX Application Thread] DEBUG FXGLMasterTimer      - Loading data from profile
18:36:02.539 [JavaFX Application Thread] DEBUG Bundle               - Logging bundle: timer
18:36:02.540 [JavaFX Application Thread] DEBUG Bundle               - timer.playtime=8938915065765
18:36:02.541 [JavaFX Application Thread] DEBUG SaveLoadManager      - Loading last modified save file
18:36:02.542 [JavaFX Application Thread] DEBUG SaveLoadManager      - Loading save files
18:36:02.546 [JavaFX Application Thread] DEBUG IOTask               - Showing dialog
18:36:02.556 [JavaFX Application Thread] DEBUG FXGLEventBus         - Firing event: DisplayEvent[type=DIALOG_OPENED]
18:36:02.556 [JavaFX Application Thread] DEBUG FXGLInput            - Clearing active input actions
18:36:02.556 [FXGL Background Thread 1 ] DEBUG IOTask               - Executing task: loadFileNamesTask(./profiles/Gabriel/saves/, true, [FileExtension(extension=.sav)])
18:36:02.556 [FXGL Background Thread 1 ] DEBUG IOTask               - Executing task: loadFileNamesTask(./profiles/Gabriel/saves/, true, [FileExtension(extension=.sav)])
18:36:02.556 [FXGL Background Thread 1 ] DEBUG IOTask               - Executing task: loadFileNamesTask(./profiles/Gabriel/saves/, true, [FileExtension(extension=.sav)])
18:36:02.560 [FXGL Background Thread 1 ] DEBUG IOTask               - Executing task: readSaveFiles
18:36:02.563 [FXGL Background Thread 1 ] DEBUG IOTask               - Executing task: findLastSave
18:36:02.622 [JavaFX Application Thread] DEBUG IOTask               - fail(): Dismissing dialog
18:36:02.623 [JavaFX Application Thread] DEBUG FXGLEventBus         - Firing event: DisplayEvent[type=DIALOG_CLOSED]
18:36:02.624 [JavaFX Application Thread] WARN  IOTask               - Task failed: loadFileNamesTask(./profiles/Gabriel/saves/, true, [FileExtension(extension=.sav)]) Error: java.io.FileNotFoundException: No save files found
18:36:02.624 [JavaFX Application Thread] DEBUG FXGLEventBus         - Firing event: ProfileSelectedEvent[name=Gabriel,hasSaves=false]
18:36:03.211 [JavaFX Application Thread] DEBUG Menu                 - fireNewGame()
18:36:03.211 [JavaFX Application Thread] DEBUG GameApplication      - Starting new game
18:36:03.213 [JavaFX Application Thread] DEBUG GameApplication      - Initializing App
18:36:03.214 [JavaFX Application Thread] DEBUG FXGLInput            - Clearing active input actions
18:36:03.215 [JavaFX Application Thread] DEBUG FXGLMasterTimer      - Stopping master timer
18:36:03.215 [JavaFX Application Thread] DEBUG GameApplication      - State: MAIN_MENU -> PAUSED
18:36:03.215 [JavaFX Application Thread] DEBUG FXGLEventBus         - Firing event: FXGLEvent[type=PAUSE]
18:36:03.216 [JavaFX Application Thread] DEBUG FXGLInput            - Clearing active input actions
18:36:03.216 [JavaFX Application Thread] DEBUG FXGLMasterTimer      - Resetting ticks and clearing all actions
18:36:03.216 [JavaFX Application Thread] DEBUG GameWorld            - Resetting game world
18:36:03.216 [JavaFX Application Thread] TRACE EntityWorld          - Resetting entity world
18:36:03.219 [JavaFX Application Thread] DEBUG PhysicsWorld         - Resetting physics world
18:36:03.219 [JavaFX Application Thread] DEBUG GameScene            - Resetting game scene
18:36:03.219 [JavaFX Application Thread] DEBUG FXGLEventBus         - Firing event: FXGLEvent[type=RESET]
18:36:03.295 [JavaFX Application Thread] DEBUG GameApplication      - State: PAUSED -> LOADING
18:36:03.302 [JavaFX Application Thread] DEBUG FXGLEventBus         - Firing event: MenuEvent[type=NEW_GAME]
18:36:03.302 [FXGL Background Thread 1 ] DEBUG InitAppTask          - Initializing Assets
18:36:03.304 [FXGL Background Thread 1 ] DEBUG FXGLAssetLoader      - Loading from disk: /assets/sounds/softbrickhit.wav
18:36:03.390 [FXGL Background Thread 1 ] DEBUG FXGLAssetLoader      - Loading from disk: /assets/sounds/stonebrickhit.wav
18:36:03.400 [FXGL Background Thread 1 ] DEBUG FXGLAssetLoader      - Loading from disk: /assets/sounds/ballwall.wav
18:36:03.405 [FXGL Background Thread 1 ] DEBUG FXGLAssetLoader      - Loading from disk: /assets/sounds/batball.wav
18:36:03.410 [FXGL Background Thread 1 ] DEBUG FXGLAssetLoader      - Loading from disk: /assets/sounds/ballfalling.wav
18:36:03.421 [FXGL Background Thread 1 ] DEBUG FXGLAssetLoader      - Loading from disk: /assets/sounds/bonus.wav
18:36:03.427 [FXGL Background Thread 1 ] DEBUG FXGLAssetLoader      - Loading from disk: /assets/sounds/discount.wav
18:36:03.434 [FXGL Background Thread 1 ] DEBUG FXGLAssetLoader      - Loading from disk: /assets/sounds/metalbrickhit.wav
18:36:03.439 [FXGL Background Thread 1 ] DEBUG InitAppTask          - Initializing Game
18:36:03.508 [FXGL Background Thread 1 ] DEBUG FXGLAssetLoader      - Loading from disk: /assets/ui/main.fxml
18:36:03.541 [FXGL Background Thread 1 ] DEBUG GameScene            - Adding UI node: Pane@9664570
18:36:03.543 [FXGL Background Thread 1 ] DEBUG GameScene            - Adding UI node: Overlay@6777aca1
18:36:03.563 [FXGL Background Thread 1 ] DEBUG InitAppTask          - Initializing Physics
18:36:03.565 [FXGL Background Thread 1 ] DEBUG InitAppTask          - Initializing UI
18:36:03.565 [FXGL Background Thread 1 ] DEBUG FXGLAssetLoader      - Loading from disk: /assets/ui/main.fxml
18:36:03.571 [FXGL Background Thread 1 ] DEBUG GameScene            - Adding UI node: Pane@1e91b534
18:36:03.572 [FXGL Background Thread 1 ] DEBUG GameScene            - Adding UI node: Overlay@6e37637a
18:36:03.572 [FXGL Background Thread 1 ] DEBUG InitAppTask          - Initialization Complete
18:36:03.575 [JavaFX Application Thread] DEBUG FXGLInput            - Clearing active input actions
18:36:03.575 [JavaFX Application Thread] DEBUG FXGLMasterTimer      - Starting master timer
18:36:03.575 [JavaFX Application Thread] DEBUG GameApplication      - State: LOADING -> PLAYING
18:36:03.582 [JavaFX Application Thread] DEBUG FXGLEventBus         - Firing event: FXGLEvent[type=RESUME]
18:36:03.586 [JavaFX Application Thread] DEBUG GameScene            - Entity added to scene
18:36:03.587 [JavaFX Application Thread] DEBUG GameScene            - Added MainViewComponent
18:36:03.590 [JavaFX Application Thread] DEBUG GameScene            - Creating render group for layer: TOP(2147483647)
18:36:03.688 [JavaFX Application Thread] DEBUG GameScene            - Entity added to scene
18:36:03.689 [JavaFX Application Thread] DEBUG GameScene            - Added MainViewComponent
18:36:03.690 [JavaFX Application Thread] DEBUG GameScene            - Entity added to scene
18:36:03.690 [JavaFX Application Thread] DEBUG GameScene            - Added MainViewComponent
18:36:03.690 [JavaFX Application Thread] DEBUG GameScene            - Entity added to scene
18:36:03.690 [JavaFX Application Thread] DEBUG GameScene            - Entity added to scene
18:36:03.690 [JavaFX Application Thread] DEBUG GameScene            - Added MainViewComponent
18:36:03.691 [JavaFX Application Thread] DEBUG GameScene            - Entity added to scene
18:36:03.691 [JavaFX Application Thread] DEBUG GameScene            - Added MainViewComponent
18:36:03.691 [JavaFX Application Thread] DEBUG GameScene            - Entity added to scene
18:36:03.691 [JavaFX Application Thread] DEBUG GameScene            - Added MainViewComponent
18:36:03.691 [JavaFX Application Thread] DEBUG GameScene            - Entity added to scene
18:36:03.691 [JavaFX Application Thread] DEBUG GameScene            - Added MainViewComponent
18:36:03.691 [JavaFX Application Thread] DEBUG GameScene            - Entity added to scene
18:36:03.692 [JavaFX Application Thread] DEBUG GameScene            - Added MainViewComponent
18:36:03.692 [JavaFX Application Thread] DEBUG GameScene            - Entity added to scene
18:36:03.692 [JavaFX Application Thread] DEBUG GameScene            - Added MainViewComponent
18:36:03.692 [JavaFX Application Thread] DEBUG GameScene            - Entity added to scene
18:36:03.693 [JavaFX Application Thread] DEBUG GameScene            - Added MainViewComponent
18:36:03.693 [JavaFX Application Thread] DEBUG GameScene            - Entity added to scene
18:36:03.693 [JavaFX Application Thread] DEBUG GameScene            - Added MainViewComponent
18:36:03.693 [JavaFX Application Thread] DEBUG GameScene            - Entity added to scene
18:36:03.693 [JavaFX Application Thread] DEBUG GameScene            - Added MainViewComponent
18:36:03.693 [JavaFX Application Thread] DEBUG GameScene            - Entity added to scene
18:36:03.693 [JavaFX Application Thread] DEBUG GameScene            - Added MainViewComponent
18:36:03.694 [JavaFX Application Thread] DEBUG GameScene            - Entity added to scene
18:36:03.694 [JavaFX Application Thread] DEBUG GameScene            - Added MainViewComponent
18:36:03.694 [JavaFX Application Thread] DEBUG GameScene            - Entity added to scene
18:36:03.694 [JavaFX Application Thread] DEBUG GameScene            - Added MainViewComponent
18:36:03.695 [JavaFX Application Thread] DEBUG GameScene            - Entity added to scene
18:36:03.695 [JavaFX Application Thread] DEBUG GameScene            - Added MainViewComponent
18:36:03.695 [JavaFX Application Thread] DEBUG GameScene            - Entity added to scene
18:36:03.695 [JavaFX Application Thread] DEBUG GameScene            - Added MainViewComponent
18:36:03.696 [JavaFX Application Thread] DEBUG GameScene            - Entity added to scene
18:36:03.696 [JavaFX Application Thread] DEBUG GameScene            - Added MainViewComponent
18:36:04.782 [JavaFX Application Thread] FATAL FXGLExceptionHandler - Uncaught Exception:
18:36:04.784 [JavaFX Application Thread] FATAL FXGLExceptionHandler - 

Exception occurred: java.lang.NullPointerException : null
E: com.cc3002.breakout.gui.AudioController.playSound(AudioController.java:51)
E: com.cc3002.breakout.gui.collisionhandler.BrickBallCollisionHandler.playBrickSound(BrickBallCollisionHandler.java:89)
E: com.cc3002.breakout.gui.collisionhandler.BrickBallCollisionHandler.onHitBoxTrigger(BrickBallCollisionHandler.java:50)
E: com.almasb.fxgl.physics.PhysicsWorld.beginContact(PhysicsWorld.java:276)
E: org.jbox2d.dynamics.contacts.Contact.update(Contact.java:330)
E: org.jbox2d.dynamics.World.solveTOI(World.java:1199)
E: org.jbox2d.dynamics.World.step(World.java:621)
E: com.almasb.fxgl.physics.PhysicsWorld.onWorldUpdate(PhysicsWorld.java:234)
E: com.almasb.ents.EntityWorld.notifyWorldUpdated(EntityWorld.java:167)
E: com.almasb.ents.EntityWorld.update(EntityWorld.java:266)
E: com.almasb.fxgl.gameplay.GameWorld.onUpdateEvent(GameWorld.java:88)
E: com.almasb.fxgl.time.FXGLMasterTimer.handle(FXGLMasterTimer.kt:143)
E: javafx.animation.AnimationTimer$AnimationTimerReceiver.lambda$handle$484(AnimationTimer.java:57)
E: java.security.AccessController.doPrivileged(Native Method)
E: javafx.animation.AnimationTimer$AnimationTimerReceiver.handle(AnimationTimer.java:56)
E: com.sun.scenario.animation.AbstractMasterTimer.timePulseImpl(AbstractMasterTimer.java:357)
E: com.sun.scenario.animation.AbstractMasterTimer$MainLoop.run(AbstractMasterTimer.java:267)
E: com.sun.javafx.tk.quantum.QuantumToolkit.pulse(QuantumToolkit.java:506)
E: com.sun.javafx.tk.quantum.QuantumToolkit.pulse(QuantumToolkit.java:490)
E: com.sun.javafx.tk.quantum.QuantumToolkit.lambda$runToolkit$404(QuantumToolkit.java:319)
E: com.sun.glass.ui.InvokeLaterDispatcher$Future.run(InvokeLaterDispatcher.java:95)

18:36:04.784 [JavaFX Application Thread] FATAL FXGLExceptionHandler - Application will now exit
18:36:04.785 [JavaFX Application Thread] DEBUG FXGLInput            - Clearing active input actions
18:36:04.785 [JavaFX Application Thread] DEBUG FXGLMasterTimer      - Stopping master timer
18:36:04.785 [JavaFX Application Thread] DEBUG GameApplication      - State: PLAYING -> PAUSED
18:36:04.785 [JavaFX Application Thread] DEBUG FXGLEventBus         - Firing event: FXGLEvent[type=PAUSE]
18:36:26.644 [JavaFX Application Thread] DEBUG FXGLEventBus         - Firing event: FXGLEvent[type=EXIT]
18:36:26.645 [JavaFX Application Thread] DEBUG FXGLEventBus         - Firing event: SaveEvent
18:36:26.645 [JavaFX Application Thread] DEBUG FXGLInput            - Saving data to profile
18:36:26.645 [JavaFX Application Thread] DEBUG Bundle               - Logging bundle: input
18:36:26.645 [JavaFX Application Thread] DEBUG Bundle               - input.Pass=T
18:36:26.645 [JavaFX Application Thread] DEBUG Bundle               - input.Right=D
18:36:26.645 [JavaFX Application Thread] DEBUG Bundle               - input.Screenshot=P
18:36:26.645 [JavaFX Application Thread] DEBUG Bundle               - input.Restart=R
18:36:26.645 [JavaFX Application Thread] DEBUG Bundle               - input.Dev Options=CTRL+0
18:36:26.645 [JavaFX Application Thread] DEBUG Bundle               - input.Left=A
18:36:26.645 [JavaFX Application Thread] DEBUG FXGLDisplay          - Saving data to profile
18:36:26.645 [JavaFX Application Thread] DEBUG Bundle               - Logging bundle: scene
18:36:26.646 [JavaFX Application Thread] DEBUG Bundle               - scene.sizeW=600.0
18:36:26.646 [JavaFX Application Thread] DEBUG Bundle               - scene.sizeH=600.0
18:36:26.646 [JavaFX Application Thread] DEBUG FXGLAudioPlayer      - Saving data to profile
18:36:26.646 [JavaFX Application Thread] DEBUG Bundle               - Logging bundle: audio
18:36:26.646 [JavaFX Application Thread] DEBUG Bundle               - audio.musicVolume=0.5
18:36:26.646 [JavaFX Application Thread] DEBUG Bundle               - audio.soundVolume=0.5
18:36:26.646 [JavaFX Application Thread] DEBUG AchievementManager   - Saving data to profile
18:36:26.646 [JavaFX Application Thread] DEBUG Bundle               - Logging bundle: achievement
18:36:26.646 [JavaFX Application Thread] DEBUG FXGLMasterTimer      - Saving data to profile
18:36:26.646 [JavaFX Application Thread] DEBUG Bundle               - Logging bundle: timer
18:36:26.646 [JavaFX Application Thread] DEBUG Bundle               - timer.playtime=8939977685524
18:36:26.647 [JavaFX Application Thread] DEBUG SaveLoadManager      - Saving profile: Gabriel
18:36:26.649 [JavaFX Application Thread] DEBUG IOTask               - Executing task: writeDataTask(./profiles/Gabriel/user.profile)
18:36:26.649 [JavaFX Application Thread] DEBUG IOTask               - Executing task: writeDataTask(./profiles/Gabriel/user.profile)
18:36:26.651 [JavaFX Application Thread] DEBUG FS                   - Writing to: ./profiles/Gabriel/user.profile
18:36:26.657 [JavaFX Application Thread] DEBUG IOTask               - Executing task: checkSavesDir(./profiles/Gabriel/saves/)
18:36:26.657 [JavaFX Application Thread] DEBUG IOTask               - Task succeeded: writeDataTask(./profiles/Gabriel/user.profile)
18:36:26.657 [JavaFX Application Thread] DEBUG FXGL                 - Saving FXGL system data
18:36:26.658 [JavaFX Application Thread] DEBUG IOTask               - Executing task: writeDataTask(system/fxgl.bundle)
18:36:26.658 [JavaFX Application Thread] DEBUG FS                   - Writing to: system/fxgl.bundle
18:36:26.661 [JavaFX Application Thread] DEBUG IOTask               - Task succeeded: writeDataTask(system/fxgl.bundle)
