21:04:11.951 [FXGL Launcher Thread     ] DEBUG FXGLLoggerFactory    - Service [LoggerFactory] initialized
21:04:11.956 [FXGL Launcher Thread     ] DEBUG FXGL                 - FXGL configuration complete
21:04:11.956 [FXGL Launcher Thread     ] DEBUG FXGL                 - Loading FXGL system data
21:04:11.960 [FXGL Launcher Thread     ] DEBUG IOTask               - Executing task: readDataTask(system/fxgl.bundle)
21:04:11.963 [FXGL Launcher Thread     ] DEBUG FS                   - Reading from: system/fxgl.bundle
21:04:11.971 [FXGL Launcher Thread     ] DEBUG IOTask               - Task succeeded: readDataTask(system/fxgl.bundle)
21:04:11.971 [FXGL Launcher Thread     ] DEBUG Bundle               - Logging bundle: FXGL
21:04:11.972 [FXGL Launcher Thread     ] DEBUG Bundle               - FXGL.offline.timer.version.check=2016-12-11T13:15:22.017
21:04:11.979 [FXGL Launcher Thread     ] DEBUG GameApplication      - Configuring GameApplication
21:04:11.985 [FXGL Launcher Thread     ] DEBUG FXGLExceptionHandler - Service [ExceptionHandler] initialized
21:04:11.985 [FXGL Launcher Thread     ] DEBUG FXGLEventBus         - Service [EventBus] initialized
21:04:11.990 [FXGL Launcher Thread     ] DEBUG FXGLExecutor         - Service [Executor] initialized
21:04:11.990 [FXGL Launcher Thread     ] DEBUG PreInitTask          - Injecting gameWorld & physicsWorld
21:04:11.997 [FXGL Launcher Thread     ] DEBUG GameWorld            - Game world initialized
21:04:12.059 [FXGL Launcher Thread     ] DEBUG FXGLPooler           - Service [Pooler] initialized with default size = 128
21:04:12.060 [FXGL Launcher Thread     ] DEBUG PhysicsWorld         - Physics world initialized: appHeight=600,0, physics.ppm=50,0
21:04:12.062 [FXGL Launcher Thread     ] DEBUG FXGLInput            - Service [Input] initialized
21:04:12.089 [FXGL Launcher Thread     ] DEBUG FXGLInput            - Registered new binding: Screenshot - P
21:04:12.089 [FXGL Launcher Thread     ] DEBUG FXGLInput            - Registered new binding: Dev Options - CTRL+0
21:04:12.090 [FXGL Launcher Thread     ] DEBUG FXGLInput            - Registered new binding: Left - A
21:04:12.090 [FXGL Launcher Thread     ] DEBUG FXGLInput            - Registered new binding: Pass - T
21:04:12.090 [FXGL Launcher Thread     ] DEBUG FXGLInput            - Registered new binding: Right - D
21:04:12.091 [FXGL Launcher Thread     ] DEBUG FXGLInput            - Registered new binding: Restart - R
21:04:12.136 [FXGL Launcher Thread     ] DEBUG GameScene            - Game scene initialized: 600.0x600.0
21:04:12.148 [FXGL Launcher Thread     ] DEBUG FXGLAssetLoader      - Service [AssetLoader] initialized: cacheSize=35
21:04:12.151 [FXGL Launcher Thread     ] DEBUG FXGLAssetLoader      - Loading from disk: /assets/sounds/system/notification.wav
21:04:12.235 [FXGL Launcher Thread     ] DEBUG FXGLAssetLoader      - Loading from disk: /assets/sounds/menu/select.wav
21:04:12.237 [FXGL Launcher Thread     ] DEBUG FXGLAssetLoader      - Loading from disk: /assets/sounds/menu/back.wav
21:04:12.239 [FXGL Launcher Thread     ] DEBUG FXGLAssetLoader      - Loading from disk: /assets/sounds/menu/press.wav
21:04:12.245 [FXGL Launcher Thread     ] DEBUG FXGLAssetLoader      - Loading from disk: /assets/ui/fonts/swerve.ttf
21:04:12.289 [FXGL Launcher Thread     ] DEBUG FXGLAssetLoader      - Loading from disk: /assets/ui/css/fxgl.css
21:04:12.289 [FXGL Launcher Thread     ] DEBUG FXGLAssetLoader      - Loading from disk: /assets/ui/icons/fxgl_icon.png
21:04:12.338 [FXGL Launcher Thread     ] DEBUG FXGLEventBus         - Firing event: SaveEvent
21:04:12.387 [FXGL Launcher Thread     ] DEBUG FXGLAssetLoader      - Loading from disk: /assets/ui/css/fxgl_dark.css
21:04:12.400 [FXGL Launcher Thread     ] DEBUG FXGLDisplay          - Target size: DoubleProperty [value: 600.0] x DoubleProperty [value: 600.0] @ 1.0
21:04:12.400 [FXGL Launcher Thread     ] DEBUG FXGLDisplay          - New size:    600.0 x 600.0 @ DoubleProperty [value: 1.0]
21:04:12.400 [FXGL Launcher Thread     ] DEBUG FXGLDisplay          - Service [Display] initialized
21:04:12.401 [FXGL Launcher Thread     ] DEBUG FXGLDisplay          - Using CSS: CSS(externalForm=jar:file:/Users/gabriel/.m2/repository/com/github/AlmasB/FXGL/0.2.8/FXGL-0.2.8.jar!/assets/ui/css/fxgl_dark.css)
21:04:12.401 [FXGL Launcher Thread     ] DEBUG InitScenesTask       - Injecting mainMenuScene & gameMenuScene
21:04:12.402 [FXGL Launcher Thread     ] DEBUG InitScenesTask       - Injecting loadingScene & gameScene
21:04:12.538 [FXGL Launcher Thread     ] DEBUG FXGLMasterTimer      - Service [MasterTimer] initialized
21:04:12.542 [FXGL Launcher Thread     ] DEBUG FXGLAudioPlayer      - Service [AudioPlayer] initialized
21:04:12.553 [FXGL Launcher Thread     ] DEBUG GameApplication      - State: STARTUP -> MAIN_MENU
21:04:12.633 [FXGL Launcher Thread     ] DEBUG SaveLoadManager      - Checking profiles dir: profiles/
21:04:12.633 [FXGL Launcher Thread     ] DEBUG SaveLoadManager      - Loading profile names
21:04:12.635 [FXGL Launcher Thread     ] DEBUG IOTask               - Showing dialog
21:04:12.647 [FXGL Launcher Thread     ] DEBUG FXGLEventBus         - Firing event: DisplayEvent[type=DIALOG_OPENED]
21:04:12.648 [FXGL Launcher Thread     ] DEBUG FXGLInput            - Clearing active input actions
21:04:12.650 [FXGL Background Thread 1 ] DEBUG IOTask               - Executing task: loadDirectoryNamesTask(./profiles/, false)
21:04:12.833 [JavaFX Application Thread] DEBUG FXGLDisplay          - Showing stage
21:04:12.833 [JavaFX Application Thread] DEBUG FXGLDisplay          - Root size: 600.0x600.0
21:04:12.833 [JavaFX Application Thread] DEBUG FXGLDisplay          - Scene size: 600.0x600.0
21:04:12.833 [JavaFX Application Thread] DEBUG FXGLDisplay          - Stage size: 600.0x622.0
21:04:12.908 [JavaFX Application Thread] DEBUG IOTask               - succeed(): Dismissing dialog
21:04:12.909 [JavaFX Application Thread] DEBUG FXGLEventBus         - Firing event: DisplayEvent[type=DIALOG_CLOSED]
21:04:12.909 [JavaFX Application Thread] DEBUG IOTask               - Task succeeded: loadDirectoryNamesTask(./profiles/, false)
21:04:12.921 [JavaFX Application Thread] DEBUG FXGLEventBus         - Firing event: DisplayEvent[type=DIALOG_OPENED]
21:04:12.921 [JavaFX Application Thread] DEBUG FXGLInput            - Clearing active input actions
21:04:14.181 [JavaFX Application Thread] DEBUG FXGLEventBus         - Firing event: DisplayEvent[type=DIALOG_CLOSED]
21:04:14.182 [JavaFX Application Thread] DEBUG SaveLoadManager      - Loading profile: Gabriel
21:04:14.183 [JavaFX Application Thread] DEBUG IOTask               - Showing dialog
21:04:14.192 [JavaFX Application Thread] DEBUG FXGLEventBus         - Firing event: DisplayEvent[type=DIALOG_OPENED]
21:04:14.192 [JavaFX Application Thread] DEBUG FXGLInput            - Clearing active input actions
21:04:14.193 [FXGL Background Thread 1 ] DEBUG IOTask               - Executing task: readDataTask(./profiles/Gabriel/user.profile)
21:04:14.193 [FXGL Background Thread 1 ] DEBUG FS                   - Reading from: ./profiles/Gabriel/user.profile
21:04:14.216 [JavaFX Application Thread] DEBUG IOTask               - succeed(): Dismissing dialog
21:04:14.217 [JavaFX Application Thread] DEBUG FXGLEventBus         - Firing event: DisplayEvent[type=DIALOG_CLOSED]
21:04:14.217 [JavaFX Application Thread] DEBUG IOTask               - Task succeeded: readDataTask(./profiles/Gabriel/user.profile)
21:04:14.217 [JavaFX Application Thread] DEBUG FXGLEventBus         - Firing event: LoadEvent[type=LOAD_PROFILE]
21:04:14.217 [JavaFX Application Thread] DEBUG FXGLInput            - Loading data from profile
21:04:14.218 [JavaFX Application Thread] DEBUG Bundle               - Logging bundle: input
21:04:14.218 [JavaFX Application Thread] DEBUG Bundle               - input.Pass=T
21:04:14.218 [JavaFX Application Thread] DEBUG Bundle               - input.Right=D
21:04:14.218 [JavaFX Application Thread] DEBUG Bundle               - input.Screenshot=P
21:04:14.218 [JavaFX Application Thread] DEBUG Bundle               - input.Restart=R
21:04:14.218 [JavaFX Application Thread] DEBUG Bundle               - input.Dev Options=CTRL+0
21:04:14.218 [JavaFX Application Thread] DEBUG Bundle               - input.Left=A
21:04:14.218 [JavaFX Application Thread] DEBUG FXGLDisplay          - Loading data from profile
21:04:14.219 [JavaFX Application Thread] DEBUG Bundle               - Logging bundle: scene
21:04:14.219 [JavaFX Application Thread] DEBUG Bundle               - scene.sizeW=600.0
21:04:14.219 [JavaFX Application Thread] DEBUG Bundle               - scene.sizeH=600.0
21:04:14.219 [JavaFX Application Thread] DEBUG FXGLDisplay          - Target size: DoubleProperty [value: 600.0] x DoubleProperty [value: 600.0] @ 1.0
21:04:14.219 [JavaFX Application Thread] DEBUG FXGLDisplay          - New size:    600.0 x 600.0 @ DoubleProperty [value: 1.0]
21:04:14.257 [JavaFX Application Thread] DEBUG FXGLAudioPlayer      - Loading data from profile
21:04:14.258 [JavaFX Application Thread] DEBUG Bundle               - Logging bundle: audio
21:04:14.258 [JavaFX Application Thread] DEBUG Bundle               - audio.musicVolume=0.5
21:04:14.258 [JavaFX Application Thread] DEBUG Bundle               - audio.soundVolume=0.5
21:04:14.259 [JavaFX Application Thread] DEBUG AchievementManager   - Service [AchievementManager] initialized
21:04:14.259 [JavaFX Application Thread] DEBUG AchievementManager   - Loading data from profile
21:04:14.259 [JavaFX Application Thread] DEBUG Bundle               - Logging bundle: achievement
21:04:14.259 [JavaFX Application Thread] DEBUG FXGLMasterTimer      - Loading data from profile
21:04:14.259 [JavaFX Application Thread] DEBUG Bundle               - Logging bundle: timer
21:04:14.259 [JavaFX Application Thread] DEBUG Bundle               - timer.playtime=9985193128176
21:04:14.261 [JavaFX Application Thread] DEBUG SaveLoadManager      - Loading last modified save file
21:04:14.261 [JavaFX Application Thread] DEBUG SaveLoadManager      - Loading save files
21:04:14.265 [JavaFX Application Thread] DEBUG IOTask               - Showing dialog
21:04:14.273 [JavaFX Application Thread] DEBUG FXGLEventBus         - Firing event: DisplayEvent[type=DIALOG_OPENED]
21:04:14.273 [JavaFX Application Thread] DEBUG FXGLInput            - Clearing active input actions
21:04:14.274 [FXGL Background Thread 1 ] DEBUG IOTask               - Executing task: loadFileNamesTask(./profiles/Gabriel/saves/, true, [FileExtension(extension=.sav)])
21:04:14.274 [FXGL Background Thread 1 ] DEBUG IOTask               - Executing task: loadFileNamesTask(./profiles/Gabriel/saves/, true, [FileExtension(extension=.sav)])
21:04:14.274 [FXGL Background Thread 1 ] DEBUG IOTask               - Executing task: loadFileNamesTask(./profiles/Gabriel/saves/, true, [FileExtension(extension=.sav)])
21:04:14.280 [FXGL Background Thread 1 ] DEBUG IOTask               - Executing task: readSaveFiles
21:04:14.283 [FXGL Background Thread 1 ] DEBUG IOTask               - Executing task: findLastSave
21:04:14.333 [JavaFX Application Thread] DEBUG IOTask               - fail(): Dismissing dialog
21:04:14.334 [JavaFX Application Thread] DEBUG FXGLEventBus         - Firing event: DisplayEvent[type=DIALOG_CLOSED]
21:04:14.335 [JavaFX Application Thread] WARN  IOTask               - Task failed: loadFileNamesTask(./profiles/Gabriel/saves/, true, [FileExtension(extension=.sav)]) Error: java.io.FileNotFoundException: No save files found
21:04:14.335 [JavaFX Application Thread] DEBUG FXGLEventBus         - Firing event: ProfileSelectedEvent[name=Gabriel,hasSaves=false]
21:04:15.058 [JavaFX Application Thread] DEBUG Menu                 - fireNewGame()
21:04:15.059 [JavaFX Application Thread] DEBUG GameApplication      - Starting new game
21:04:15.060 [JavaFX Application Thread] DEBUG GameApplication      - Initializing App
21:04:15.062 [JavaFX Application Thread] DEBUG FXGLInput            - Clearing active input actions
21:04:15.062 [JavaFX Application Thread] DEBUG FXGLMasterTimer      - Stopping master timer
21:04:15.063 [JavaFX Application Thread] DEBUG GameApplication      - State: MAIN_MENU -> PAUSED
21:04:15.063 [JavaFX Application Thread] DEBUG FXGLEventBus         - Firing event: FXGLEvent[type=PAUSE]
21:04:15.064 [JavaFX Application Thread] DEBUG FXGLInput            - Clearing active input actions
21:04:15.064 [JavaFX Application Thread] DEBUG FXGLMasterTimer      - Resetting ticks and clearing all actions
21:04:15.064 [JavaFX Application Thread] DEBUG GameWorld            - Resetting game world
21:04:15.064 [JavaFX Application Thread] TRACE EntityWorld          - Resetting entity world
21:04:15.066 [JavaFX Application Thread] DEBUG PhysicsWorld         - Resetting physics world
21:04:15.066 [JavaFX Application Thread] DEBUG GameScene            - Resetting game scene
21:04:15.066 [JavaFX Application Thread] DEBUG FXGLEventBus         - Firing event: FXGLEvent[type=RESET]
21:04:15.136 [JavaFX Application Thread] DEBUG GameApplication      - State: PAUSED -> LOADING
21:04:15.143 [JavaFX Application Thread] DEBUG FXGLEventBus         - Firing event: MenuEvent[type=NEW_GAME]
21:04:15.143 [FXGL Background Thread 1 ] DEBUG InitAppTask          - Initializing Assets
21:04:15.145 [FXGL Background Thread 1 ] DEBUG FXGLAssetLoader      - Loading from disk: /assets/sounds/softbrickhit.wav
21:04:15.194 [FXGL Background Thread 1 ] DEBUG FXGLAssetLoader      - Loading from disk: /assets/sounds/stonebrickhit.wav
21:04:15.203 [FXGL Background Thread 1 ] DEBUG FXGLAssetLoader      - Loading from disk: /assets/sounds/ballwall.wav
21:04:15.205 [FXGL Background Thread 1 ] DEBUG FXGLAssetLoader      - Loading from disk: /assets/sounds/batball.wav
21:04:15.207 [FXGL Background Thread 1 ] DEBUG FXGLAssetLoader      - Loading from disk: /assets/sounds/ballfalling.wav
21:04:15.211 [FXGL Background Thread 1 ] DEBUG FXGLAssetLoader      - Loading from disk: /assets/sounds/bonus.wav
21:04:15.213 [FXGL Background Thread 1 ] DEBUG FXGLAssetLoader      - Loading from disk: /assets/sounds/discount.wav
21:04:15.216 [FXGL Background Thread 1 ] DEBUG FXGLAssetLoader      - Loading from disk: /assets/sounds/metalbrickhit.wav
21:04:15.221 [FXGL Background Thread 1 ] DEBUG FXGLAssetLoader      - Loading from disk: /assets/sounds/poisonbrickhit.wav
21:04:15.223 [FXGL Background Thread 1 ] DEBUG FXGLAssetLoader      - Loading from disk: /assets/sounds/losegame.wav
21:04:15.225 [FXGL Background Thread 1 ] DEBUG FXGLAssetLoader      - Loading from disk: /assets/sounds/nextlevel.wav
21:04:15.227 [FXGL Background Thread 1 ] DEBUG InitAppTask          - Initializing Game
21:04:15.275 [FXGL Background Thread 1 ] DEBUG FXGLAssetLoader      - Loading from disk: /assets/ui/main.fxml
21:04:15.304 [FXGL Background Thread 1 ] DEBUG GameScene            - Adding UI node: Pane@5bc490e6
21:04:15.306 [FXGL Background Thread 1 ] DEBUG GameScene            - Adding UI node: Overlay@66a09f45
21:04:15.309 [FXGL Background Thread 1 ] DEBUG InitAppTask          - Initializing Physics
21:04:15.310 [FXGL Background Thread 1 ] DEBUG InitAppTask          - Initializing UI
21:04:15.310 [FXGL Background Thread 1 ] DEBUG FXGLAssetLoader      - Loading from disk: /assets/ui/main.fxml
21:04:15.314 [FXGL Background Thread 1 ] DEBUG GameScene            - Adding UI node: Pane@2354cf9
21:04:15.315 [FXGL Background Thread 1 ] DEBUG GameScene            - Adding UI node: Overlay@4fad4d8c
21:04:15.315 [FXGL Background Thread 1 ] DEBUG InitAppTask          - Initialization Complete
21:04:15.318 [JavaFX Application Thread] DEBUG FXGLInput            - Clearing active input actions
21:04:15.318 [JavaFX Application Thread] DEBUG FXGLMasterTimer      - Starting master timer
21:04:15.319 [JavaFX Application Thread] DEBUG GameApplication      - State: LOADING -> PLAYING
21:04:15.327 [JavaFX Application Thread] DEBUG FXGLEventBus         - Firing event: FXGLEvent[type=RESUME]
21:04:15.337 [JavaFX Application Thread] DEBUG GameScene            - Entity added to scene
21:04:15.338 [JavaFX Application Thread] DEBUG GameScene            - Added MainViewComponent
21:04:15.344 [JavaFX Application Thread] DEBUG GameScene            - Creating render group for layer: TOP(2147483647)
21:04:15.429 [JavaFX Application Thread] DEBUG GameScene            - Entity added to scene
21:04:15.430 [JavaFX Application Thread] DEBUG GameScene            - Added MainViewComponent
21:04:15.430 [JavaFX Application Thread] DEBUG GameScene            - Entity added to scene
21:04:15.430 [JavaFX Application Thread] DEBUG GameScene            - Added MainViewComponent
21:04:15.431 [JavaFX Application Thread] DEBUG GameScene            - Entity added to scene
21:04:15.431 [JavaFX Application Thread] DEBUG GameScene            - Entity added to scene
21:04:15.431 [JavaFX Application Thread] DEBUG GameScene            - Added MainViewComponent
21:04:15.432 [JavaFX Application Thread] DEBUG GameScene            - Entity added to scene
21:04:15.432 [JavaFX Application Thread] DEBUG GameScene            - Added MainViewComponent
21:04:15.432 [JavaFX Application Thread] DEBUG GameScene            - Entity added to scene
21:04:15.432 [JavaFX Application Thread] DEBUG GameScene            - Added MainViewComponent
21:04:15.432 [JavaFX Application Thread] DEBUG GameScene            - Entity added to scene
21:04:15.432 [JavaFX Application Thread] DEBUG GameScene            - Added MainViewComponent
21:04:15.433 [JavaFX Application Thread] DEBUG GameScene            - Entity added to scene
21:04:15.433 [JavaFX Application Thread] DEBUG GameScene            - Added MainViewComponent
21:04:15.433 [JavaFX Application Thread] DEBUG GameScene            - Entity added to scene
21:04:15.433 [JavaFX Application Thread] DEBUG GameScene            - Added MainViewComponent
21:04:15.433 [JavaFX Application Thread] DEBUG GameScene            - Entity added to scene
21:04:15.434 [JavaFX Application Thread] DEBUG GameScene            - Added MainViewComponent
21:04:15.434 [JavaFX Application Thread] DEBUG GameScene            - Entity added to scene
21:04:15.434 [JavaFX Application Thread] DEBUG GameScene            - Added MainViewComponent
21:04:15.434 [JavaFX Application Thread] DEBUG GameScene            - Entity added to scene
21:04:15.434 [JavaFX Application Thread] DEBUG GameScene            - Added MainViewComponent
21:04:15.434 [JavaFX Application Thread] DEBUG GameScene            - Entity added to scene
21:04:15.434 [JavaFX Application Thread] DEBUG GameScene            - Added MainViewComponent
21:04:15.435 [JavaFX Application Thread] DEBUG GameScene            - Entity added to scene
21:04:15.435 [JavaFX Application Thread] DEBUG GameScene            - Added MainViewComponent
21:04:15.435 [JavaFX Application Thread] DEBUG GameScene            - Entity added to scene
21:04:15.435 [JavaFX Application Thread] DEBUG GameScene            - Added MainViewComponent
21:04:15.436 [JavaFX Application Thread] DEBUG GameScene            - Entity added to scene
21:04:15.436 [JavaFX Application Thread] DEBUG GameScene            - Added MainViewComponent
21:04:15.436 [JavaFX Application Thread] DEBUG GameScene            - Entity added to scene
21:04:15.436 [JavaFX Application Thread] DEBUG GameScene            - Added MainViewComponent
21:04:15.436 [JavaFX Application Thread] DEBUG GameScene            - Entity added to scene
21:04:15.436 [JavaFX Application Thread] DEBUG GameScene            - Added MainViewComponent
21:04:16.517 [JavaFX Application Thread] DEBUG GameScene            - Entity removed from scene
21:04:16.517 [JavaFX Application Thread] DEBUG GameScene            - Removed MainViewComponent
21:04:17.236 [JavaFX Application Thread] DEBUG FXGLEventBus         - Firing event: DisplayEvent[type=DIALOG_OPENED]
21:04:17.237 [JavaFX Application Thread] DEBUG FXGLInput            - Clearing active input actions
21:04:17.237 [JavaFX Application Thread] DEBUG FXGLMasterTimer      - Stopping master timer
21:04:17.237 [JavaFX Application Thread] DEBUG GameApplication      - State: PLAYING -> PAUSED
21:04:17.237 [JavaFX Application Thread] DEBUG FXGLEventBus         - Firing event: FXGLEvent[type=PAUSE]
21:04:17.237 [JavaFX Application Thread] DEBUG FXGLInput            - Clearing active input actions
21:04:18.190 [JavaFX Application Thread] DEBUG FXGLEventBus         - Firing event: DisplayEvent[type=DIALOG_CLOSED]
21:04:18.191 [JavaFX Application Thread] DEBUG FXGLInput            - Clearing active input actions
21:04:18.191 [JavaFX Application Thread] DEBUG FXGLMasterTimer      - Starting master timer
21:04:18.192 [JavaFX Application Thread] DEBUG GameApplication      - State: PAUSED -> PLAYING
21:04:18.192 [JavaFX Application Thread] DEBUG FXGLEventBus         - Firing event: FXGLEvent[type=RESUME]
21:04:18.192 [JavaFX Application Thread] DEBUG FXGLEventBus         - Firing event: DisplayEvent[type=CLOSE_REQUEST]
21:04:18.193 [JavaFX Application Thread] DEBUG FXGLEventBus         - Firing event: FXGLEvent[type=EXIT]
21:04:18.193 [JavaFX Application Thread] DEBUG FXGLEventBus         - Firing event: SaveEvent
21:04:18.194 [JavaFX Application Thread] DEBUG FXGLInput            - Saving data to profile
21:04:18.194 [JavaFX Application Thread] DEBUG Bundle               - Logging bundle: input
21:04:18.194 [JavaFX Application Thread] DEBUG Bundle               - input.Pass=T
21:04:18.194 [JavaFX Application Thread] DEBUG Bundle               - input.Right=D
21:04:18.194 [JavaFX Application Thread] DEBUG Bundle               - input.Screenshot=P
21:04:18.194 [JavaFX Application Thread] DEBUG Bundle               - input.Restart=R
21:04:18.194 [JavaFX Application Thread] DEBUG Bundle               - input.Dev Options=CTRL+0
21:04:18.194 [JavaFX Application Thread] DEBUG Bundle               - input.Left=A
21:04:18.194 [JavaFX Application Thread] DEBUG FXGLDisplay          - Saving data to profile
21:04:18.194 [JavaFX Application Thread] DEBUG Bundle               - Logging bundle: scene
21:04:18.194 [JavaFX Application Thread] DEBUG Bundle               - scene.sizeW=600.0
21:04:18.194 [JavaFX Application Thread] DEBUG Bundle               - scene.sizeH=600.0
21:04:18.194 [JavaFX Application Thread] DEBUG FXGLAudioPlayer      - Saving data to profile
21:04:18.195 [JavaFX Application Thread] DEBUG Bundle               - Logging bundle: audio
21:04:18.195 [JavaFX Application Thread] DEBUG Bundle               - audio.musicVolume=0.5
21:04:18.195 [JavaFX Application Thread] DEBUG Bundle               - audio.soundVolume=0.5
21:04:18.195 [JavaFX Application Thread] DEBUG AchievementManager   - Saving data to profile
21:04:18.195 [JavaFX Application Thread] DEBUG Bundle               - Logging bundle: achievement
21:04:18.195 [JavaFX Application Thread] DEBUG FXGLMasterTimer      - Saving data to profile
21:04:18.195 [JavaFX Application Thread] DEBUG Bundle               - Logging bundle: timer
21:04:18.195 [JavaFX Application Thread] DEBUG Bundle               - timer.playtime=9986957368741
21:04:18.196 [JavaFX Application Thread] DEBUG SaveLoadManager      - Saving profile: Gabriel
21:04:18.198 [JavaFX Application Thread] DEBUG IOTask               - Executing task: writeDataTask(./profiles/Gabriel/user.profile)
21:04:18.199 [JavaFX Application Thread] DEBUG IOTask               - Executing task: writeDataTask(./profiles/Gabriel/user.profile)
21:04:18.201 [JavaFX Application Thread] DEBUG FS                   - Writing to: ./profiles/Gabriel/user.profile
21:04:18.206 [JavaFX Application Thread] DEBUG IOTask               - Executing task: checkSavesDir(./profiles/Gabriel/saves/)
21:04:18.206 [JavaFX Application Thread] DEBUG IOTask               - Task succeeded: writeDataTask(./profiles/Gabriel/user.profile)
21:04:18.206 [JavaFX Application Thread] DEBUG FXGL                 - Saving FXGL system data
21:04:18.206 [JavaFX Application Thread] DEBUG IOTask               - Executing task: writeDataTask(system/fxgl.bundle)
21:04:18.207 [JavaFX Application Thread] DEBUG FS                   - Writing to: system/fxgl.bundle
21:04:18.209 [JavaFX Application Thread] DEBUG IOTask               - Task succeeded: writeDataTask(system/fxgl.bundle)
